💎 2025-10-02 12:01:42,461 - Crystal[CrystalMemoryServer] - INFO - 💎 Crystal Memory Server initialized on port 8002
💎 2025-10-02 12:01:42,463 - Crystal[CrystalMemoryServer] - INFO - 💎 Crystal Memory Server running with GS343 Foundation
💎 2025-10-02 12:01:42,465 - Crystal[CrystalMemoryServer] - INFO - 💎 Phoenix Auto-Heal: Inactive
💎 2025-10-02 12:01:42,465 - Crystal[CrystalMemoryServer] - INFO - 💎 Authority Level: 9.5
💎 2025-10-02 12:01:42,465 - Crystal[CrystalMemoryServer] - INFO - 💎 Listening on port: 8002
💎 2025-10-02 12:01:42,497 - Crystal[CrystalMemoryServer] - INFO - 💎 Crystal Memory Server initialized on port 8002
💎 2025-10-02 12:01:42,499 - Crystal[CrystalMemoryServer] - INFO - 💎 Crystal Memory Server running with GS343 Foundation
💎 2025-10-02 12:01:42,501 - Crystal[CrystalMemoryServer] - INFO - 💎 Phoenix Auto-Heal: Inactive
💎 2025-10-02 12:01:42,502 - Crystal[CrystalMemoryServer] - INFO - 💎 Authority Level: 9.5
💎 2025-10-02 12:01:42,502 - Crystal[CrystalMemoryServer] - INFO - 💎 Listening on port: 8002
💎 2025-10-02 12:02:00,700 - Crystal[CrystalMemoryServer] - INFO - 💎 Crystal Memory Server initialized on port 8002
💎 2025-10-02 12:02:00,700 - Crystal[CrystalMemoryServer] - INFO - 💎 Crystal Memory Server running with GS343 Foundation
💎 2025-10-02 12:02:00,700 - Crystal[CrystalMemoryServer] - INFO - 💎 Phoenix Auto-Heal: Inactive
💎 2025-10-02 12:02:00,700 - Crystal[CrystalMemoryServer] - INFO - 💎 Authority Level: 9.5
💎 2025-10-02 12:02:00,701 - Crystal[CrystalMemoryServer] - INFO - 💎 Listening on port: 8002
💎 2025-10-02 12:02:06,739 - Crystal[CrystalMemoryServer] - INFO - 💎 Crystal Memory Server initialized on port 8002
💎 2025-10-02 12:02:06,740 - Crystal[CrystalMemoryServer] - INFO - 💎 Crystal Memory Server running with GS343 Foundation
💎 2025-10-02 12:02:06,740 - Crystal[CrystalMemoryServer] - INFO - 💎 Phoenix Auto-Heal: Inactive
💎 2025-10-02 12:02:06,740 - Crystal[CrystalMemoryServer] - INFO - 💎 Authority Level: 9.5
💎 2025-10-02 12:02:06,740 - Crystal[CrystalMemoryServer] - INFO - 💎 Listening on port: 8002
💎 2025-10-02 12:02:56,271 - Crystal[CrystalMemoryServer] - INFO - 💎 Crystal Memory Server initialized on port 8002
💎 2025-10-02 12:02:56,271 - Crystal[CrystalMemoryServer] - INFO - 💎 Crystal Memory Server running with GS343 Foundation
💎 2025-10-02 12:02:56,272 - Crystal[CrystalMemoryServer] - INFO - 💎 Phoenix Auto-Heal: Inactive
💎 2025-10-02 12:02:56,272 - Crystal[CrystalMemoryServer] - INFO - 💎 Authority Level: 9.5
💎 2025-10-02 12:02:56,272 - Crystal[CrystalMemoryServer] - INFO - 💎 Listening on port: 8002
💎 2025-10-02 12:03:02,322 - Crystal[CrystalMemoryServer] - INFO - 💎 Crystal Memory Server initialized on port 8002
💎 2025-10-02 12:03:02,322 - Crystal[CrystalMemoryServer] - INFO - 💎 Crystal Memory Server running with GS343 Foundation
💎 2025-10-02 12:03:02,322 - Crystal[CrystalMemoryServer] - INFO - 💎 Phoenix Auto-Heal: Inactive
💎 2025-10-02 12:03:02,322 - Crystal[CrystalMemoryServer] - INFO - 💎 Authority Level: 9.5
💎 2025-10-02 12:03:02,322 - Crystal[CrystalMemoryServer] - INFO - 💎 Listening on port: 8002
💎 2025-10-02 12:03:49,623 - Crystal[CrystalMemoryServer] - INFO - 💎 Crystal Memory Server initialized on port 8002
💎 2025-10-02 12:03:49,624 - Crystal[CrystalMemoryServer] - INFO - 💎 Crystal Memory Server running with GS343 Foundation
💎 2025-10-02 12:03:49,624 - Crystal[CrystalMemoryServer] - INFO - 💎 Phoenix Auto-Heal: Inactive
💎 2025-10-02 12:03:49,624 - Crystal[CrystalMemoryServer] - INFO - 💎 Authority Level: 9.5
💎 2025-10-02 12:03:49,624 - Crystal[CrystalMemoryServer] - INFO - 💎 Listening on port: 8002
💎 2025-10-02 12:03:58,140 - Crystal[CrystalMemoryServer] - INFO - 💎 Crystal Memory Server initialized on port 8002
💎 2025-10-02 12:03:58,154 - Crystal[CrystalMemoryServer] - INFO - 💎 Crystal Memory Server running with GS343 Foundation
💎 2025-10-02 12:03:58,168 - Crystal[CrystalMemoryServer] - INFO - 💎 Phoenix Auto-Heal: Inactive
💎 2025-10-02 12:03:58,184 - Crystal[CrystalMemoryServer] - INFO - 💎 Authority Level: 9.5
💎 2025-10-02 12:03:58,198 - Crystal[CrystalMemoryServer] - INFO - 💎 Listening on port: 8002
💎 2025-10-02 12:04:43,615 - Crystal[CrystalMemoryServer] - INFO - 💎 Crystal Memory Server initialized on port 8002
💎 2025-10-02 12:04:43,615 - Crystal[CrystalMemoryServer] - INFO - 💎 Crystal Memory Server running with GS343 Foundation
💎 2025-10-02 12:04:43,616 - Crystal[CrystalMemoryServer] - INFO - 💎 Phoenix Auto-Heal: Inactive
💎 2025-10-02 12:04:43,616 - Crystal[CrystalMemoryServer] - INFO - 💎 Authority Level: 9.5
💎 2025-10-02 12:04:43,616 - Crystal[CrystalMemoryServer] - INFO - 💎 Listening on port: 8002
💎 2025-10-02 12:04:49,655 - Crystal[CrystalMemoryServer] - INFO - 💎 Crystal Memory Server initialized on port 8002
💎 2025-10-02 12:04:49,657 - Crystal[CrystalMemoryServer] - INFO - 💎 Crystal Memory Server running with GS343 Foundation
💎 2025-10-02 12:04:49,657 - Crystal[CrystalMemoryServer] - INFO - 💎 Phoenix Auto-Heal: Inactive
💎 2025-10-02 12:04:49,657 - Crystal[CrystalMemoryServer] - INFO - 💎 Authority Level: 9.5
💎 2025-10-02 12:04:49,657 - Crystal[CrystalMemoryServer] - INFO - 💎 Listening on port: 8002
💎 2025-10-02 12:05:38,856 - Crystal[CrystalMemoryServer] - INFO - 💎 Crystal Memory Server initialized on port 8002
💎 2025-10-02 12:05:38,856 - Crystal[CrystalMemoryServer] - INFO - 💎 Crystal Memory Server running with GS343 Foundation
💎 2025-10-02 12:05:38,856 - Crystal[CrystalMemoryServer] - INFO - 💎 Phoenix Auto-Heal: Inactive
💎 2025-10-02 12:05:38,856 - Crystal[CrystalMemoryServer] - INFO - 💎 Authority Level: 9.5
💎 2025-10-02 12:05:38,856 - Crystal[CrystalMemoryServer] - INFO - 💎 Listening on port: 8002
💎 2025-10-02 12:05:44,900 - Crystal[CrystalMemoryServer] - INFO - 💎 Crystal Memory Server initialized on port 8002
💎 2025-10-02 12:05:44,900 - Crystal[CrystalMemoryServer] - INFO - 💎 Crystal Memory Server running with GS343 Foundation
💎 2025-10-02 12:05:44,900 - Crystal[CrystalMemoryServer] - INFO - 💎 Phoenix Auto-Heal: Inactive
💎 2025-10-02 12:05:44,901 - Crystal[CrystalMemoryServer] - INFO - 💎 Authority Level: 9.5
💎 2025-10-02 12:05:44,901 - Crystal[CrystalMemoryServer] - INFO - 💎 Listening on port: 8002
💎 2025-10-02 12:06:35,915 - Crystal[CrystalMemoryServer] - INFO - 💎 Crystal Memory Server initialized on port 8002
💎 2025-10-02 12:06:35,915 - Crystal[CrystalMemoryServer] - INFO - 💎 Crystal Memory Server running with GS343 Foundation
💎 2025-10-02 12:06:35,916 - Crystal[CrystalMemoryServer] - INFO - 💎 Phoenix Auto-Heal: Inactive
💎 2025-10-02 12:06:35,916 - Crystal[CrystalMemoryServer] - INFO - 💎 Authority Level: 9.5
💎 2025-10-02 12:06:35,917 - Crystal[CrystalMemoryServer] - INFO - 💎 Listening on port: 8002
💎 2025-10-02 12:06:42,020 - Crystal[CrystalMemoryServer] - INFO - 💎 Crystal Memory Server initialized on port 8002
💎 2025-10-02 12:06:42,020 - Crystal[CrystalMemoryServer] - INFO - 💎 Crystal Memory Server running with GS343 Foundation
💎 2025-10-02 12:06:42,021 - Crystal[CrystalMemoryServer] - INFO - 💎 Phoenix Auto-Heal: Inactive
💎 2025-10-02 12:06:42,021 - Crystal[CrystalMemoryServer] - INFO - 💎 Authority Level: 9.5
💎 2025-10-02 12:06:42,021 - Crystal[CrystalMemoryServer] - INFO - 💎 Listening on port: 8002
💎 2025-10-02 12:07:29,263 - Crystal[CrystalMemoryServer] - INFO - 💎 Crystal Memory Server initialized on port 8002
💎 2025-10-02 12:07:29,263 - Crystal[CrystalMemoryServer] - INFO - 💎 Crystal Memory Server running with GS343 Foundation
💎 2025-10-02 12:07:29,263 - Crystal[CrystalMemoryServer] - INFO - 💎 Phoenix Auto-Heal: Inactive
💎 2025-10-02 12:07:29,263 - Crystal[CrystalMemoryServer] - INFO - 💎 Authority Level: 9.5
💎 2025-10-02 12:07:29,263 - Crystal[CrystalMemoryServer] - INFO - 💎 Listening on port: 8002
💎 2025-10-02 12:07:35,311 - Crystal[CrystalMemoryServer] - INFO - 💎 Crystal Memory Server initialized on port 8002
💎 2025-10-02 12:07:35,311 - Crystal[CrystalMemoryServer] - INFO - 💎 Crystal Memory Server running with GS343 Foundation
💎 2025-10-02 12:07:35,312 - Crystal[CrystalMemoryServer] - INFO - 💎 Phoenix Auto-Heal: Inactive
💎 2025-10-02 12:07:35,312 - Crystal[CrystalMemoryServer] - INFO - 💎 Authority Level: 9.5
💎 2025-10-02 12:07:35,312 - Crystal[CrystalMemoryServer] - INFO - 💎 Listening on port: 8002
💎 2025-10-02 12:08:26,237 - Crystal[CrystalMemoryServer] - INFO - 💎 Crystal Memory Server initialized on port 8002
💎 2025-10-02 12:08:26,238 - Crystal[CrystalMemoryServer] - INFO - 💎 Crystal Memory Server running with GS343 Foundation
💎 2025-10-02 12:08:26,238 - Crystal[CrystalMemoryServer] - INFO - 💎 Phoenix Auto-Heal: Inactive
💎 2025-10-02 12:08:26,238 - Crystal[CrystalMemoryServer] - INFO - 💎 Authority Level: 9.5
💎 2025-10-02 12:08:26,238 - Crystal[CrystalMemoryServer] - INFO - 💎 Listening on port: 8002
💎 2025-10-02 12:08:32,288 - Crystal[CrystalMemoryServer] - INFO - 💎 Crystal Memory Server initialized on port 8002
💎 2025-10-02 12:08:32,288 - Crystal[CrystalMemoryServer] - INFO - 💎 Crystal Memory Server running with GS343 Foundation
💎 2025-10-02 12:08:32,288 - Crystal[CrystalMemoryServer] - INFO - 💎 Phoenix Auto-Heal: Inactive
💎 2025-10-02 12:08:32,288 - Crystal[CrystalMemoryServer] - INFO - 💎 Authority Level: 9.5
💎 2025-10-02 12:08:32,288 - Crystal[CrystalMemoryServer] - INFO - 💎 Listening on port: 8002
💎 2025-10-02 12:51:24,948 - Crystal[CrystalMemoryServer] - INFO - 💎 Crystal Memory Server initialized on port 56707
💎 2025-10-02 12:51:24,948 - Crystal[CrystalMemoryServer] - INFO - 💎 Crystal Memory Server running with GS343 Foundation
💎 2025-10-02 12:51:24,948 - Crystal[CrystalMemoryServer] - INFO - 💎 Phoenix Auto-Heal: Inactive
💎 2025-10-02 12:51:24,948 - Crystal[CrystalMemoryServer] - INFO - 💎 Authority Level: 9.5
💎 2025-10-02 12:51:24,948 - Crystal[CrystalMemoryServer] - INFO - 💎 Listening on port: 56707
💎 2025-10-02 12:51:56,151 - Crystal[CrystalMemoryServer] - INFO - 💎 Crystal Memory Server initialized on port 56706
💎 2025-10-02 12:51:56,151 - Crystal[CrystalMemoryServer] - INFO - 💎 Crystal Memory Server running with GS343 Foundation
💎 2025-10-02 12:51:56,152 - Crystal[CrystalMemoryServer] - INFO - 💎 Phoenix Auto-Heal: Inactive
💎 2025-10-02 12:51:56,152 - Crystal[CrystalMemoryServer] - INFO - 💎 Authority Level: 9.5
💎 2025-10-02 12:51:56,152 - Crystal[CrystalMemoryServer] - INFO - 💎 Listening on port: 56706
💎 2025-10-02 17:06:54,391 - Crystal[CrystalMemoryServer] - INFO - 💎 Crystal Memory Server initialized on port 8005
💎 2025-10-02 17:06:54,391 - Crystal[CrystalMemoryServer] - INFO - 💎 Crystal Memory Server running with GS343 Foundation
💎 2025-10-02 17:06:54,391 - Crystal[CrystalMemoryServer] - INFO - 💎 Phoenix Auto-Heal: Inactive
💎 2025-10-02 17:06:54,391 - Crystal[CrystalMemoryServer] - INFO - 💎 Authority Level: 9.5
💎 2025-10-02 17:06:54,391 - Crystal[CrystalMemoryServer] - INFO - 💎 Listening on port: 8005
💎 2025-10-03 01:19:57,920 - Crystal[CrystalMemoryServer] - INFO - 💎 Crystal Memory Server initialized on port 8000
💎 2025-10-03 01:19:57,920 - Crystal[CrystalMemoryServer] - INFO - 💎 Crystal Memory Server running with GS343 Foundation
💎 2025-10-03 01:19:57,920 - Crystal[CrystalMemoryServer] - INFO - 💎 Phoenix Auto-Heal: Inactive
💎 2025-10-03 01:19:57,920 - Crystal[CrystalMemoryServer] - INFO - 💎 Authority Level: 9.5
💎 2025-10-03 01:19:57,920 - Crystal[CrystalMemoryServer] - INFO - 💎 Listening on port: 8000
💎 2025-10-03 02:05:18,898 - Crystal[CrystalMemoryServer] - INFO - 💎 Crystal Memory Server initialized on port 8000
💎 2025-10-03 02:05:18,899 - Crystal[CrystalMemoryServer] - INFO - 💎 Crystal Memory Server running with GS343 Foundation
💎 2025-10-03 02:05:18,899 - Crystal[CrystalMemoryServer] - INFO - 💎 Phoenix Auto-Heal: Inactive
💎 2025-10-03 02:05:18,899 - Crystal[CrystalMemoryServer] - INFO - 💎 Authority Level: 9.5
💎 2025-10-03 02:05:18,899 - Crystal[CrystalMemoryServer] - INFO - 💎 Listening on port: 8000
💎 2025-10-03 02:30:59,300 - Crystal[CrystalMemoryServer] - INFO - 💎 Crystal Memory Server initialized on port 8000
💎 2025-10-03 02:30:59,300 - Crystal[CrystalMemoryServer] - INFO - 💎 Crystal Memory Server running with GS343 Foundation
💎 2025-10-03 02:30:59,300 - Crystal[CrystalMemoryServer] - INFO - 💎 Phoenix Auto-Heal: Inactive
💎 2025-10-03 02:30:59,300 - Crystal[CrystalMemoryServer] - INFO - 💎 Authority Level: 9.5
💎 2025-10-03 02:30:59,300 - Crystal[CrystalMemoryServer] - INFO - 💎 Listening on port: 8000
💎 2025-10-03 17:51:54,994 - Crystal[CrystalMemoryServer] - INFO - 💎 Crystal Memory Server initialized on port 8000
💎 2025-10-03 17:51:54,994 - Crystal[CrystalMemoryServer] - INFO - 💎 Crystal Memory Server running with GS343 Foundation
💎 2025-10-03 17:51:54,994 - Crystal[CrystalMemoryServer] - INFO - 💎 Phoenix Auto-Heal: Inactive
💎 2025-10-03 17:51:54,994 - Crystal[CrystalMemoryServer] - INFO - 💎 Authority Level: 9.5
💎 2025-10-03 17:51:54,994 - Crystal[CrystalMemoryServer] - INFO - 💎 Listening on port: 8000
💎 2025-10-03 17:52:00,592 - Crystal[CrystalMemoryServer] - INFO - 💎 Crystal Memory Server shutdown complete
💎 2025-10-03 17:52:26,421 - Crystal[CrystalMemoryServer] - INFO - 💎 Crystal Memory Server initialized on port 8000
💎 2025-10-03 17:52:26,421 - Crystal[CrystalMemoryServer] - INFO - 💎 Crystal Memory Server running with GS343 Foundation
💎 2025-10-03 17:52:26,421 - Crystal[CrystalMemoryServer] - INFO - 💎 Phoenix Auto-Heal: Inactive
💎 2025-10-03 17:52:26,422 - Crystal[CrystalMemoryServer] - INFO - 💎 Authority Level: 9.5
💎 2025-10-03 17:52:26,422 - Crystal[CrystalMemoryServer] - INFO - 💎 Listening on port: 8000
💎 2025-10-03 22:13:02,450 - Crystal[CrystalMemoryServer] - INFO - 💎 Crystal Memory Server initialized on port 8000
💎 2025-10-03 22:13:02,452 - Crystal[CrystalMemoryServer] - INFO - 💎 Crystal Memory Server running with GS343 Foundation
💎 2025-10-03 22:13:02,452 - Crystal[CrystalMemoryServer] - INFO - 💎 Phoenix Auto-Heal: Inactive
💎 2025-10-03 22:13:02,452 - Crystal[CrystalMemoryServer] - INFO - 💎 Authority Level: 9.5
💎 2025-10-03 22:13:02,452 - Crystal[CrystalMemoryServer] - INFO - 💎 Listening on port: 8000
💎 2025-10-03 22:13:11,491 - Crystal[CrystalMemoryServer] - INFO - 💎 Crystal Memory Server shutdown complete
💎 2025-10-03 22:13:34,016 - Crystal[CrystalMemoryServer] - INFO - 💎 Crystal Memory Server initialized on port 8000
💎 2025-10-03 22:13:34,016 - Crystal[CrystalMemoryServer] - INFO - 💎 Crystal Memory Server running with GS343 Foundation
💎 2025-10-03 22:13:34,017 - Crystal[CrystalMemoryServer] - INFO - 💎 Phoenix Auto-Heal: Inactive
💎 2025-10-03 22:13:34,017 - Crystal[CrystalMemoryServer] - INFO - 💎 Authority Level: 9.5
💎 2025-10-03 22:13:34,017 - Crystal[CrystalMemoryServer] - INFO - 💎 Listening on port: 8000
💎 2025-10-03 22:24:45,927 - Crystal[CrystalMemoryServer] - INFO - 💎 Crystal Memory Server initialized on port 8000
💎 2025-10-03 22:24:45,928 - Crystal[CrystalMemoryServer] - INFO - 💎 Crystal Memory Server running with GS343 Foundation
💎 2025-10-03 22:24:45,928 - Crystal[CrystalMemoryServer] - INFO - 💎 Phoenix Auto-Heal: Inactive
💎 2025-10-03 22:24:45,928 - Crystal[CrystalMemoryServer] - INFO - 💎 Authority Level: 9.5
💎 2025-10-03 22:24:45,928 - Crystal[CrystalMemoryServer] - INFO - 💎 Listening on port: 8000
💎 2025-10-04 00:24:34,815 - Crystal[CrystalMemoryServer] - INFO - 💎 Crystal Memory Server initialized on port 8000
💎 2025-10-04 00:24:34,815 - Crystal[CrystalMemoryServer] - INFO - 💎 Crystal Memory Server running with GS343 Foundation
💎 2025-10-04 00:24:34,815 - Crystal[CrystalMemoryServer] - INFO - 💎 Phoenix Auto-Heal: Inactive
💎 2025-10-04 00:24:34,815 - Crystal[CrystalMemoryServer] - INFO - 💎 Authority Level: 9.5
💎 2025-10-04 00:24:34,815 - Crystal[CrystalMemoryServer] - INFO - 💎 Listening on port: 8000
💎 2025-10-04 00:24:54,928 - Crystal[CrystalMemoryServer] - INFO - 💎 Crystal Memory Server initialized on port 8001
💎 2025-10-04 00:24:54,928 - Crystal[CrystalMemoryServer] - INFO - 💎 Crystal Memory Server running with GS343 Foundation
💎 2025-10-04 00:24:54,928 - Crystal[CrystalMemoryServer] - INFO - 💎 Phoenix Auto-Heal: Inactive
💎 2025-10-04 00:24:54,928 - Crystal[CrystalMemoryServer] - INFO - 💎 Authority Level: 9.5
💎 2025-10-04 00:24:54,928 - Crystal[CrystalMemoryServer] - INFO - 💎 Listening on port: 8001
💎 2025-10-04 00:38:00,900 - Crystal[CrystalMemoryServer] - INFO - 💎 Crystal Memory Server initialized on port 8001
💎 2025-10-04 00:38:00,900 - Crystal[CrystalMemoryServer] - INFO - 💎 Crystal Memory Server running with GS343 Foundation
💎 2025-10-04 00:38:00,900 - Crystal[CrystalMemoryServer] - INFO - 💎 Phoenix Auto-Heal: Inactive
💎 2025-10-04 00:38:00,900 - Crystal[CrystalMemoryServer] - INFO - 💎 Authority Level: 9.5
💎 2025-10-04 00:38:00,900 - Crystal[CrystalMemoryServer] - INFO - 💎 Listening on port: 8001
💎 2025-10-04 00:46:52,182 - Crystal[CrystalMemoryServer] - INFO - 💎 Crystal Memory Server shutdown complete
💎 2025-10-04 00:47:16,937 - Crystal[CrystalMemoryServer] - INFO - 💎 Crystal Memory Server initialized on port 8000
💎 2025-10-04 00:47:16,937 - Crystal[CrystalMemoryServer] - INFO - 💎 Crystal Memory Server running with GS343 Foundation
💎 2025-10-04 00:47:16,937 - Crystal[CrystalMemoryServer] - INFO - 💎 Phoenix Auto-Heal: Inactive
💎 2025-10-04 00:47:16,937 - Crystal[CrystalMemoryServer] - INFO - 💎 Authority Level: 9.5
💎 2025-10-04 00:47:16,937 - Crystal[CrystalMemoryServer] - INFO - 💎 Listening on port: 8000
