E:\ECHO_XV4\MLS\servers\ACTIVE_SERVERS\echo_shield_defense_server.py:7: SyntaxWarning: invalid escape sequence '\E'
  Location: E:\ECHO_XV4\MLS\servers\echo_shield_defense_server.py
2025-10-11 11:38:29,658 - SHIELD - INFO - 🛡️ ECHO Shield Defense Server initializing...
2025-10-11 11:38:29,658 - SHIELD - INFO - Authority Level: 11.0
2025-10-11 11:38:29,658 - SHIELD - INFO - Commander: Bobby Don McWilliams II
2025-10-11 11:38:29,658 - SHIELD - INFO - Port: 8400
2025-10-11 11:38:30,908 - SHIELD - INFO - ============================================================
2025-10-11 11:38:30,908 - SHIELD - INFO - 🛡️  ECHO SHIELD DEFENSE SERVER ONLINE
2025-10-11 11:38:30,908 - SHIELD - INFO - ============================================================
2025-10-11 11:38:30,908 - SHIELD - INFO - Port: 8400
2025-10-11 11:38:30,908 - SHIELD - INFO - Health: http://localhost:8400/health
2025-10-11 11:38:30,908 - SHIELD - INFO - Status: http://localhost:8400/status
2025-10-11 11:38:30,908 - SHIELD - INFO - Agents: http://localhost:8400/agents
2025-10-11 11:38:30,908 - SHIELD - INFO - ============================================================
2025-10-11 11:38:30,908 - SHIELD - INFO - 7-Tier Defense Active:
2025-10-11 11:38:30,908 - SHIELD - INFO -   ✓ Perimeter Defense
2025-10-11 11:38:30,909 - SHIELD - INFO -   ✓ Prompt Analysis Engine
2025-10-11 11:38:30,909 - SHIELD - INFO -   ✓ Agent Behavioral Monitoring
2025-10-11 11:38:30,909 - SHIELD - INFO -   ✓ Threat Intelligence System
2025-10-11 11:38:30,909 - SHIELD - INFO -   ⏸ Quantum Security Layer (Standby)
2025-10-11 11:38:30,909 - SHIELD - INFO -   ✓ Autonomous Healing System
2025-10-11 11:38:30,909 - SHIELD - INFO -   ✓ Command & Control Center
2025-10-11 11:38:30,909 - SHIELD - INFO - ============================================================
2025-10-11 11:38:30,909 - SHIELD - INFO - Authority Level: 11.0 | Commander: Bobby Don McWilliams II
2025-10-11 11:38:30,909 - SHIELD - INFO - ============================================================
