2025-10-04 22:42:53,900 - SHIELD - INFO - 🛡️ ECHO Shield Defense Server initializing...
2025-10-04 22:42:53,900 - SHIELD - INFO - Authority Level: 11.0
2025-10-04 22:42:53,900 - SHIELD - INFO - Commander: Bobby Don McWilliams II
2025-10-04 22:42:53,900 - SHIELD - INFO - Port: 8006
2025-10-04 22:42:53,919 - SHIELD - INFO - ============================================================
2025-10-04 22:42:53,919 - SHIELD - INFO - 🛡️  ECHO SHIELD DEFENSE SERVER ONLINE
2025-10-04 22:42:53,919 - SHIELD - INFO - ============================================================
2025-10-04 22:42:53,919 - SHIELD - INFO - Port: 8006
2025-10-04 22:42:53,919 - SHIELD - INFO - Health: http://localhost:8006/health
2025-10-04 22:42:53,919 - SHIELD - INFO - Status: http://localhost:8006/status
2025-10-04 22:42:53,919 - SHIELD - INFO - Agents: http://localhost:8006/agents
2025-10-04 22:42:53,919 - SHIELD - INFO - ============================================================
2025-10-04 22:42:53,919 - SHIELD - INFO - 7-Tier Defense Active:
2025-10-04 22:42:53,919 - SHIELD - INFO -   ✓ Perimeter Defense
2025-10-04 22:42:53,919 - SHIELD - INFO -   ✓ Prompt Analysis Engine
2025-10-04 22:42:53,919 - SHIELD - INFO -   ✓ Agent Behavioral Monitoring
2025-10-04 22:42:53,919 - SHIELD - INFO -   ✓ Threat Intelligence System
2025-10-04 22:42:53,919 - SHIELD - INFO -   ⏸ Quantum Security Layer (Standby)
2025-10-04 22:42:53,919 - SHIELD - INFO -   ✓ Autonomous Healing System
2025-10-04 22:42:53,919 - SHIELD - INFO -   ✓ Command & Control Center
2025-10-04 22:42:53,919 - SHIELD - INFO - ============================================================
2025-10-04 22:42:53,919 - SHIELD - INFO - Authority Level: 11.0 | Commander: Bobby Don McWilliams II
2025-10-04 22:42:53,919 - SHIELD - INFO - ============================================================
