Traceback (most recent call last):
  File "E:\ECHO_XV4\MLS\servers\ECHO_WINDOWS_API_225.py", line 44, in <module>
    import pytesseract
  File "C:\Users\bobmc\AppData\Local\Packages\PythonSoftwareFoundation.Python.3.11_qbz5n2kfra8p0\LocalCache\local-packages\Python311\site-packages\pytesseract\__init__.py", line 2, in <module>
    from .pytesseract import ALTONotSupported
  File "C:\Users\bobmc\AppData\Local\Packages\PythonSoftwareFoundation.Python.3.11_qbz5n2kfra8p0\LocalCache\local-packages\Python311\site-packages\pytesseract\pytesseract.py", line 42, in <module>
    import pandas as pd
  File "C:\Users\bobmc\AppData\Local\Packages\PythonSoftwareFoundation.Python.3.11_qbz5n2kfra8p0\LocalCache\local-packages\Python311\site-packages\pandas\__init__.py", line 22, in <module>
    from pandas.compat import is_numpy_dev as _is_numpy_dev  # pyright: ignore # noqa:F401
    ^^^^^^^^^^^^^^^^^^^^^^^^^^^^^^^^^^^^^^^^^^^^^^^^^^^^^^^
  File "C:\Users\bobmc\AppData\Local\Packages\PythonSoftwareFoundation.Python.3.11_qbz5n2kfra8p0\LocalCache\local-packages\Python311\site-packages\pandas\compat\__init__.py", line 18, in <module>
    from pandas.compat.numpy import (
  File "C:\Users\bobmc\AppData\Local\Packages\PythonSoftwareFoundation.Python.3.11_qbz5n2kfra8p0\LocalCache\local-packages\Python311\site-packages\pandas\compat\numpy\__init__.py", line 4, in <module>
    from pandas.util.version import Version
  File "C:\Users\bobmc\AppData\Local\Packages\PythonSoftwareFoundation.Python.3.11_qbz5n2kfra8p0\LocalCache\local-packages\Python311\site-packages\pandas\util\__init__.py", line 2, in <module>
    from pandas.util._decorators import (  # noqa:F401
  File "C:\Users\bobmc\AppData\Local\Packages\PythonSoftwareFoundation.Python.3.11_qbz5n2kfra8p0\LocalCache\local-packages\Python311\site-packages\pandas\util\_decorators.py", line 14, in <module>
    from pandas._libs.properties import cache_readonly
  File "C:\Users\bobmc\AppData\Local\Packages\PythonSoftwareFoundation.Python.3.11_qbz5n2kfra8p0\LocalCache\local-packages\Python311\site-packages\pandas\_libs\__init__.py", line 13, in <module>
    from pandas._libs.interval import Interval
  File "pandas\_libs\interval.pyx", line 1, in init pandas._libs.interval
ValueError: numpy.dtype size changed, may indicate binary incompatibility. Expected 96 from C header, got 88 from PyObject
