2025-10-03 22:24:53,981 - SHIELD - INFO - 🛡️ ECHO Shield Defense Server initializing...
2025-10-03 22:24:53,981 - SHIELD - INFO - Authority Level: 11.0
2025-10-03 22:24:53,981 - SHIELD - INFO - Commander: Bobby Don McWilliams II
2025-10-03 22:24:53,981 - SHIELD - INFO - Port: 8004
2025-10-03 22:24:54,000 - SHIELD - INFO - ============================================================
2025-10-03 22:24:54,000 - SHIELD - INFO - 🛡️  ECHO SHIELD DEFENSE SERVER ONLINE
2025-10-03 22:24:54,000 - SHIELD - INFO - ============================================================
2025-10-03 22:24:54,000 - SHIELD - INFO - Port: 8004
2025-10-03 22:24:54,000 - SHIELD - INFO - Health: http://localhost:8004/health
2025-10-03 22:24:54,001 - SHIELD - INFO - Status: http://localhost:8004/status
2025-10-03 22:24:54,001 - SHIELD - INFO - Agents: http://localhost:8004/agents
2025-10-03 22:24:54,001 - SHIELD - INFO - ============================================================
2025-10-03 22:24:54,001 - SHIELD - INFO - 7-Tier Defense Active:
2025-10-03 22:24:54,001 - SHIELD - INFO -   ✓ Perimeter Defense
2025-10-03 22:24:54,001 - SHIELD - INFO -   ✓ Prompt Analysis Engine
2025-10-03 22:24:54,001 - SHIELD - INFO -   ✓ Agent Behavioral Monitoring
2025-10-03 22:24:54,001 - SHIELD - INFO -   ✓ Threat Intelligence System
2025-10-03 22:24:54,001 - SHIELD - INFO -   ⏸ Quantum Security Layer (Standby)
2025-10-03 22:24:54,001 - SHIELD - INFO -   ✓ Autonomous Healing System
2025-10-03 22:24:54,001 - SHIELD - INFO -   ✓ Command & Control Center
2025-10-03 22:24:54,001 - SHIELD - INFO - ============================================================
2025-10-03 22:24:54,001 - SHIELD - INFO - Authority Level: 11.0 | Commander: Bobby Don McWilliams II
2025-10-03 22:24:54,001 - SHIELD - INFO - ============================================================
