✅ Process name set: ECHO_XV4: Echo Shield Defense Server - Port 8007
2025-10-07 10:01:07,712 - SHIELD - INFO - 🛡️ ECHO Shield Defense Server initializing...
2025-10-07 10:01:07,713 - SHIELD - INFO - Authority Level: 11.0
2025-10-07 10:01:07,713 - SHIELD - INFO - Commander: Bobby Don McWilliams II
2025-10-07 10:01:07,713 - SHIELD - INFO - Port: 8007
2025-10-07 10:01:07,731 - SHIELD - INFO - ============================================================
2025-10-07 10:01:07,731 - SHIELD - INFO - 🛡️  ECHO SHIELD DEFENSE SERVER ONLINE
2025-10-07 10:01:07,731 - SHIELD - INFO - ============================================================
2025-10-07 10:01:07,731 - SHIELD - INFO - Port: 8007
2025-10-07 10:01:07,731 - SHIELD - INFO - Health: http://localhost:8007/health
2025-10-07 10:01:07,731 - SHIELD - INFO - Status: http://localhost:8007/status
2025-10-07 10:01:07,731 - SHIELD - INFO - Agents: http://localhost:8007/agents
2025-10-07 10:01:07,732 - SHIELD - INFO - ============================================================
2025-10-07 10:01:07,732 - SHIELD - INFO - 7-Tier Defense Active:
2025-10-07 10:01:07,732 - SHIELD - INFO -   ✓ Perimeter Defense
2025-10-07 10:01:07,732 - SHIELD - INFO -   ✓ Prompt Analysis Engine
2025-10-07 10:01:07,732 - SHIELD - INFO -   ✓ Agent Behavioral Monitoring
2025-10-07 10:01:07,732 - SHIELD - INFO -   ✓ Threat Intelligence System
2025-10-07 10:01:07,732 - SHIELD - INFO -   ⏸ Quantum Security Layer (Standby)
2025-10-07 10:01:07,732 - SHIELD - INFO -   ✓ Autonomous Healing System
2025-10-07 10:01:07,732 - SHIELD - INFO -   ✓ Command & Control Center
2025-10-07 10:01:07,732 - SHIELD - INFO - ============================================================
2025-10-07 10:01:07,732 - SHIELD - INFO - Authority Level: 11.0 | Commander: Bobby Don McWilliams II
2025-10-07 10:01:07,732 - SHIELD - INFO - ============================================================
