🔧 2025-10-02 12:01:42,567 - Autohealer[GS343AutohealerServer] - INFO - 🔧 GS343 Autohealer Server initialized on port 8500
🔧 2025-10-02 12:01:42,568 - Autohealer[GS343AutohealerServer] - INFO - 🔧 GS343 Autohealer Server running with GS343 Foundation
🔧 2025-10-02 12:01:42,568 - Autohealer[GS343AutohealerServer] - INFO - 🔧 Phoenix Auto-Heal: Inactive
🔧 2025-10-02 12:01:42,569 - Autohealer[GS343AutohealerServer] - INFO - 🔧 Authority Level: 9.5
🔧 2025-10-02 12:01:42,569 - Autohealer[GS343AutohealerServer] - INFO - 🔧 Listening on port: 8500
🔧 2025-10-02 12:01:42,569 - Autohealer[GS343AutohealerServer] - INFO - 🔧 Healing protocols: 8 active
🔧 2025-10-02 12:01:42,593 - Autohealer[GS343AutohealerServer] - INFO - 🔧 GS343 Autohealer Server initialized on port 8500
🔧 2025-10-02 12:01:42,593 - Autohealer[GS343AutohealerServer] - INFO - 🔧 GS343 Autohealer Server running with GS343 Foundation
🔧 2025-10-02 12:01:42,593 - Autohealer[GS343AutohealerServer] - INFO - 🔧 Phoenix Auto-Heal: Inactive
🔧 2025-10-02 12:01:42,594 - Autohealer[GS343AutohealerServer] - INFO - 🔧 Authority Level: 9.5
🔧 2025-10-02 12:01:42,594 - Autohealer[GS343AutohealerServer] - INFO - 🔧 Listening on port: 8500
🔧 2025-10-02 12:01:42,594 - Autohealer[GS343AutohealerServer] - INFO - 🔧 Healing protocols: 8 active
🔧 2025-10-02 12:02:12,801 - Autohealer[GS343AutohealerServer] - INFO - 🔧 GS343 Autohealer Server initialized on port 8500
🔧 2025-10-02 12:02:12,802 - Autohealer[GS343AutohealerServer] - INFO - 🔧 GS343 Autohealer Server running with GS343 Foundation
🔧 2025-10-02 12:02:12,802 - Autohealer[GS343AutohealerServer] - INFO - 🔧 Phoenix Auto-Heal: Inactive
🔧 2025-10-02 12:02:12,802 - Autohealer[GS343AutohealerServer] - INFO - 🔧 Authority Level: 9.5
🔧 2025-10-02 12:02:12,802 - Autohealer[GS343AutohealerServer] - INFO - 🔧 Listening on port: 8500
🔧 2025-10-02 12:02:12,802 - Autohealer[GS343AutohealerServer] - INFO - 🔧 Healing protocols: 8 active
🔧 2025-10-02 12:02:18,844 - Autohealer[GS343AutohealerServer] - INFO - 🔧 GS343 Autohealer Server initialized on port 8500
🔧 2025-10-02 12:02:18,844 - Autohealer[GS343AutohealerServer] - INFO - 🔧 GS343 Autohealer Server running with GS343 Foundation
🔧 2025-10-02 12:02:18,844 - Autohealer[GS343AutohealerServer] - INFO - 🔧 Phoenix Auto-Heal: Inactive
🔧 2025-10-02 12:02:18,844 - Autohealer[GS343AutohealerServer] - INFO - 🔧 Authority Level: 9.5
🔧 2025-10-02 12:02:18,844 - Autohealer[GS343AutohealerServer] - INFO - 🔧 Listening on port: 8500
🔧 2025-10-02 12:02:18,844 - Autohealer[GS343AutohealerServer] - INFO - 🔧 Healing protocols: 8 active
🔧 2025-10-02 12:03:08,393 - Autohealer[GS343AutohealerServer] - INFO - 🔧 GS343 Autohealer Server initialized on port 8500
🔧 2025-10-02 12:03:08,393 - Autohealer[GS343AutohealerServer] - INFO - 🔧 GS343 Autohealer Server running with GS343 Foundation
🔧 2025-10-02 12:03:08,394 - Autohealer[GS343AutohealerServer] - INFO - 🔧 Phoenix Auto-Heal: Inactive
🔧 2025-10-02 12:03:08,394 - Autohealer[GS343AutohealerServer] - INFO - 🔧 Authority Level: 9.5
🔧 2025-10-02 12:03:08,394 - Autohealer[GS343AutohealerServer] - INFO - 🔧 Listening on port: 8500
🔧 2025-10-02 12:03:08,394 - Autohealer[GS343AutohealerServer] - INFO - 🔧 Healing protocols: 8 active
🔧 2025-10-02 12:03:14,437 - Autohealer[GS343AutohealerServer] - INFO - 🔧 GS343 Autohealer Server initialized on port 8500
🔧 2025-10-02 12:03:14,437 - Autohealer[GS343AutohealerServer] - INFO - 🔧 GS343 Autohealer Server running with GS343 Foundation
🔧 2025-10-02 12:03:14,437 - Autohealer[GS343AutohealerServer] - INFO - 🔧 Phoenix Auto-Heal: Inactive
🔧 2025-10-02 12:03:14,437 - Autohealer[GS343AutohealerServer] - INFO - 🔧 Authority Level: 9.5
🔧 2025-10-02 12:03:14,438 - Autohealer[GS343AutohealerServer] - INFO - 🔧 Listening on port: 8500
🔧 2025-10-02 12:03:14,438 - Autohealer[GS343AutohealerServer] - INFO - 🔧 Healing protocols: 8 active
🔧 2025-10-02 12:04:02,348 - Autohealer[GS343AutohealerServer] - INFO - 🔧 GS343 Autohealer Server initialized on port 8500
🔧 2025-10-02 12:04:02,349 - Autohealer[GS343AutohealerServer] - INFO - 🔧 GS343 Autohealer Server running with GS343 Foundation
🔧 2025-10-02 12:04:02,349 - Autohealer[GS343AutohealerServer] - INFO - 🔧 Phoenix Auto-Heal: Inactive
🔧 2025-10-02 12:04:02,349 - Autohealer[GS343AutohealerServer] - INFO - 🔧 Authority Level: 9.5
🔧 2025-10-02 12:04:02,349 - Autohealer[GS343AutohealerServer] - INFO - 🔧 Listening on port: 8500
🔧 2025-10-02 12:04:02,349 - Autohealer[GS343AutohealerServer] - INFO - 🔧 Healing protocols: 8 active
🔧 2025-10-02 12:04:08,400 - Autohealer[GS343AutohealerServer] - INFO - 🔧 GS343 Autohealer Server initialized on port 8500
🔧 2025-10-02 12:04:08,401 - Autohealer[GS343AutohealerServer] - INFO - 🔧 GS343 Autohealer Server running with GS343 Foundation
🔧 2025-10-02 12:04:08,401 - Autohealer[GS343AutohealerServer] - INFO - 🔧 Phoenix Auto-Heal: Inactive
🔧 2025-10-02 12:04:08,401 - Autohealer[GS343AutohealerServer] - INFO - 🔧 Authority Level: 9.5
🔧 2025-10-02 12:04:08,401 - Autohealer[GS343AutohealerServer] - INFO - 🔧 Listening on port: 8500
🔧 2025-10-02 12:04:08,401 - Autohealer[GS343AutohealerServer] - INFO - 🔧 Healing protocols: 8 active
🔧 2025-10-02 12:04:55,706 - Autohealer[GS343AutohealerServer] - INFO - 🔧 GS343 Autohealer Server initialized on port 8500
🔧 2025-10-02 12:04:55,706 - Autohealer[GS343AutohealerServer] - INFO - 🔧 GS343 Autohealer Server running with GS343 Foundation
🔧 2025-10-02 12:04:55,707 - Autohealer[GS343AutohealerServer] - INFO - 🔧 Phoenix Auto-Heal: Inactive
🔧 2025-10-02 12:04:55,707 - Autohealer[GS343AutohealerServer] - INFO - 🔧 Authority Level: 9.5
🔧 2025-10-02 12:04:55,707 - Autohealer[GS343AutohealerServer] - INFO - 🔧 Listening on port: 8500
🔧 2025-10-02 12:04:55,707 - Autohealer[GS343AutohealerServer] - INFO - 🔧 Healing protocols: 8 active
🔧 2025-10-02 12:05:01,763 - Autohealer[GS343AutohealerServer] - INFO - 🔧 GS343 Autohealer Server initialized on port 8500
🔧 2025-10-02 12:05:01,763 - Autohealer[GS343AutohealerServer] - INFO - 🔧 GS343 Autohealer Server running with GS343 Foundation
🔧 2025-10-02 12:05:01,763 - Autohealer[GS343AutohealerServer] - INFO - 🔧 Phoenix Auto-Heal: Inactive
🔧 2025-10-02 12:05:01,765 - Autohealer[GS343AutohealerServer] - INFO - 🔧 Authority Level: 9.5
🔧 2025-10-02 12:05:01,765 - Autohealer[GS343AutohealerServer] - INFO - 🔧 Listening on port: 8500
🔧 2025-10-02 12:05:01,765 - Autohealer[GS343AutohealerServer] - INFO - 🔧 Healing protocols: 8 active
🔧 2025-10-02 12:05:50,992 - Autohealer[GS343AutohealerServer] - INFO - 🔧 GS343 Autohealer Server initialized on port 8500
🔧 2025-10-02 12:05:50,992 - Autohealer[GS343AutohealerServer] - INFO - 🔧 GS343 Autohealer Server running with GS343 Foundation
🔧 2025-10-02 12:05:50,992 - Autohealer[GS343AutohealerServer] - INFO - 🔧 Phoenix Auto-Heal: Inactive
🔧 2025-10-02 12:05:50,992 - Autohealer[GS343AutohealerServer] - INFO - 🔧 Authority Level: 9.5
🔧 2025-10-02 12:05:50,992 - Autohealer[GS343AutohealerServer] - INFO - 🔧 Listening on port: 8500
🔧 2025-10-02 12:05:50,992 - Autohealer[GS343AutohealerServer] - INFO - 🔧 Healing protocols: 8 active
🔧 2025-10-02 12:05:57,030 - Autohealer[GS343AutohealerServer] - INFO - 🔧 GS343 Autohealer Server initialized on port 8500
🔧 2025-10-02 12:05:57,031 - Autohealer[GS343AutohealerServer] - INFO - 🔧 GS343 Autohealer Server running with GS343 Foundation
🔧 2025-10-02 12:05:57,031 - Autohealer[GS343AutohealerServer] - INFO - 🔧 Phoenix Auto-Heal: Inactive
🔧 2025-10-02 12:05:57,031 - Autohealer[GS343AutohealerServer] - INFO - 🔧 Authority Level: 9.5
🔧 2025-10-02 12:05:57,031 - Autohealer[GS343AutohealerServer] - INFO - 🔧 Listening on port: 8500
🔧 2025-10-02 12:05:57,031 - Autohealer[GS343AutohealerServer] - INFO - 🔧 Healing protocols: 8 active
🔧 2025-10-02 12:06:48,010 - Autohealer[GS343AutohealerServer] - INFO - 🔧 GS343 Autohealer Server initialized on port 8500
🔧 2025-10-02 12:06:48,010 - Autohealer[GS343AutohealerServer] - INFO - 🔧 GS343 Autohealer Server running with GS343 Foundation
🔧 2025-10-02 12:06:48,010 - Autohealer[GS343AutohealerServer] - INFO - 🔧 Phoenix Auto-Heal: Inactive
🔧 2025-10-02 12:06:48,010 - Autohealer[GS343AutohealerServer] - INFO - 🔧 Authority Level: 9.5
🔧 2025-10-02 12:06:48,010 - Autohealer[GS343AutohealerServer] - INFO - 🔧 Listening on port: 8500
🔧 2025-10-02 12:06:48,010 - Autohealer[GS343AutohealerServer] - INFO - 🔧 Healing protocols: 8 active
🔧 2025-10-02 12:06:54,091 - Autohealer[GS343AutohealerServer] - INFO - 🔧 GS343 Autohealer Server initialized on port 8500
🔧 2025-10-02 12:06:54,091 - Autohealer[GS343AutohealerServer] - INFO - 🔧 GS343 Autohealer Server running with GS343 Foundation
🔧 2025-10-02 12:06:54,092 - Autohealer[GS343AutohealerServer] - INFO - 🔧 Phoenix Auto-Heal: Inactive
🔧 2025-10-02 12:06:54,092 - Autohealer[GS343AutohealerServer] - INFO - 🔧 Authority Level: 9.5
🔧 2025-10-02 12:06:54,092 - Autohealer[GS343AutohealerServer] - INFO - 🔧 Listening on port: 8500
🔧 2025-10-02 12:06:54,092 - Autohealer[GS343AutohealerServer] - INFO - 🔧 Healing protocols: 8 active
🔧 2025-10-02 12:07:43,494 - Autohealer[GS343AutohealerServer] - INFO - 🔧 GS343 Autohealer Server initialized on port 8500
🔧 2025-10-02 12:07:43,495 - Autohealer[GS343AutohealerServer] - INFO - 🔧 GS343 Autohealer Server running with GS343 Foundation
🔧 2025-10-02 12:07:43,497 - Autohealer[GS343AutohealerServer] - INFO - 🔧 Phoenix Auto-Heal: Inactive
🔧 2025-10-02 12:07:43,499 - Autohealer[GS343AutohealerServer] - INFO - 🔧 Authority Level: 9.5
🔧 2025-10-02 12:07:43,499 - Autohealer[GS343AutohealerServer] - INFO - 🔧 Listening on port: 8500
🔧 2025-10-02 12:07:43,500 - Autohealer[GS343AutohealerServer] - INFO - 🔧 Healing protocols: 8 active
🔧 2025-10-02 12:07:51,653 - Autohealer[GS343AutohealerServer] - INFO - 🔧 GS343 Autohealer Server initialized on port 8500
🔧 2025-10-02 12:07:51,653 - Autohealer[GS343AutohealerServer] - INFO - 🔧 GS343 Autohealer Server running with GS343 Foundation
🔧 2025-10-02 12:07:51,654 - Autohealer[GS343AutohealerServer] - INFO - 🔧 Phoenix Auto-Heal: Inactive
🔧 2025-10-02 12:07:51,654 - Autohealer[GS343AutohealerServer] - INFO - 🔧 Authority Level: 9.5
🔧 2025-10-02 12:07:51,654 - Autohealer[GS343AutohealerServer] - INFO - 🔧 Listening on port: 8500
🔧 2025-10-02 12:07:51,654 - Autohealer[GS343AutohealerServer] - INFO - 🔧 Healing protocols: 8 active
🔧 2025-10-02 12:08:38,335 - Autohealer[GS343AutohealerServer] - INFO - 🔧 GS343 Autohealer Server initialized on port 8500
🔧 2025-10-02 12:08:38,335 - Autohealer[GS343AutohealerServer] - INFO - 🔧 GS343 Autohealer Server running with GS343 Foundation
🔧 2025-10-02 12:08:38,335 - Autohealer[GS343AutohealerServer] - INFO - 🔧 Phoenix Auto-Heal: Inactive
🔧 2025-10-02 12:08:38,335 - Autohealer[GS343AutohealerServer] - INFO - 🔧 Authority Level: 9.5
🔧 2025-10-02 12:08:38,336 - Autohealer[GS343AutohealerServer] - INFO - 🔧 Listening on port: 8500
🔧 2025-10-02 12:08:38,336 - Autohealer[GS343AutohealerServer] - INFO - 🔧 Healing protocols: 8 active
🔧 2025-10-02 12:08:44,394 - Autohealer[GS343AutohealerServer] - INFO - 🔧 GS343 Autohealer Server initialized on port 8500
🔧 2025-10-02 12:08:44,394 - Autohealer[GS343AutohealerServer] - INFO - 🔧 GS343 Autohealer Server running with GS343 Foundation
🔧 2025-10-02 12:08:44,394 - Autohealer[GS343AutohealerServer] - INFO - 🔧 Phoenix Auto-Heal: Inactive
🔧 2025-10-02 12:08:44,394 - Autohealer[GS343AutohealerServer] - INFO - 🔧 Authority Level: 9.5
🔧 2025-10-02 12:08:44,394 - Autohealer[GS343AutohealerServer] - INFO - 🔧 Listening on port: 8500
🔧 2025-10-02 12:08:44,394 - Autohealer[GS343AutohealerServer] - INFO - 🔧 Healing protocols: 8 active
🔧 2025-10-02 12:51:30,994 - Autohealer[GS343AutohealerServer] - INFO - 🔧 GS343 Autohealer Server initialized on port 56708
🔧 2025-10-02 12:51:30,994 - Autohealer[GS343AutohealerServer] - INFO - 🔧 GS343 Autohealer Server running with GS343 Foundation
🔧 2025-10-02 12:51:30,994 - Autohealer[GS343AutohealerServer] - INFO - 🔧 Phoenix Auto-Heal: Inactive
🔧 2025-10-02 12:51:30,994 - Autohealer[GS343AutohealerServer] - INFO - 🔧 Authority Level: 9.5
🔧 2025-10-02 12:51:30,994 - Autohealer[GS343AutohealerServer] - INFO - 🔧 Listening on port: 56708
🔧 2025-10-02 12:51:30,994 - Autohealer[GS343AutohealerServer] - INFO - 🔧 Healing protocols: 6 active
🔧 2025-10-02 12:51:37,018 - Autohealer[GS343AutohealerServer] - INFO - 🔧 GS343 Autohealer Server initialized on port 56709
🔧 2025-10-02 12:51:37,018 - Autohealer[GS343AutohealerServer] - INFO - 🔧 GS343 Autohealer Server running with GS343 Foundation
🔧 2025-10-02 12:51:37,018 - Autohealer[GS343AutohealerServer] - INFO - 🔧 Phoenix Auto-Heal: Inactive
🔧 2025-10-02 12:51:37,018 - Autohealer[GS343AutohealerServer] - INFO - 🔧 Authority Level: 9.5
🔧 2025-10-02 12:51:37,018 - Autohealer[GS343AutohealerServer] - INFO - 🔧 Listening on port: 56709
🔧 2025-10-02 12:51:37,018 - Autohealer[GS343AutohealerServer] - INFO - 🔧 Healing protocols: 6 active
🔧 2025-10-02 17:06:59,017 - Autohealer[GS343AutohealerServer] - INFO - 🔧 GS343 Autohealer Server initialized on port 8008
🔧 2025-10-02 17:06:59,017 - Autohealer[GS343AutohealerServer] - INFO - 🔧 GS343 Autohealer Server running with GS343 Foundation
🔧 2025-10-02 17:06:59,017 - Autohealer[GS343AutohealerServer] - INFO - 🔧 Phoenix Auto-Heal: Inactive
🔧 2025-10-02 17:06:59,017 - Autohealer[GS343AutohealerServer] - INFO - 🔧 Authority Level: 9.5
🔧 2025-10-02 17:06:59,017 - Autohealer[GS343AutohealerServer] - INFO - 🔧 Listening on port: 8008
🔧 2025-10-02 17:06:59,017 - Autohealer[GS343AutohealerServer] - INFO - 🔧 Healing protocols: 6 active
🔧 2025-10-03 01:20:08,030 - Autohealer[GS343AutohealerServer] - INFO - 🔧 GS343 Autohealer Server initialized on port 8005
🔧 2025-10-03 01:20:08,030 - Autohealer[GS343AutohealerServer] - INFO - 🔧 GS343 Autohealer Server running with GS343 Foundation
🔧 2025-10-03 01:20:08,030 - Autohealer[GS343AutohealerServer] - INFO - 🔧 Phoenix Auto-Heal: Inactive
🔧 2025-10-03 01:20:08,030 - Autohealer[GS343AutohealerServer] - INFO - 🔧 Authority Level: 9.5
🔧 2025-10-03 01:20:08,030 - Autohealer[GS343AutohealerServer] - INFO - 🔧 Listening on port: 8005
🔧 2025-10-03 01:20:08,031 - Autohealer[GS343AutohealerServer] - INFO - 🔧 Healing protocols: 6 active
🔧 2025-10-03 02:05:33,045 - Autohealer[GS343AutohealerServer] - INFO - 🔧 GS343 Autohealer Server initialized on port 8007
🔧 2025-10-03 02:05:33,046 - Autohealer[GS343AutohealerServer] - INFO - 🔧 GS343 Autohealer Server running with GS343 Foundation
🔧 2025-10-03 02:05:33,046 - Autohealer[GS343AutohealerServer] - INFO - 🔧 Phoenix Auto-Heal: Inactive
🔧 2025-10-03 02:05:33,046 - Autohealer[GS343AutohealerServer] - INFO - 🔧 Authority Level: 9.5
🔧 2025-10-03 02:05:33,046 - Autohealer[GS343AutohealerServer] - INFO - 🔧 Listening on port: 8007
🔧 2025-10-03 02:05:33,046 - Autohealer[GS343AutohealerServer] - INFO - 🔧 Healing protocols: 6 active
🔧 2025-10-03 02:31:15,520 - Autohealer[GS343AutohealerServer] - INFO - 🔧 GS343 Autohealer Server initialized on port 8008
🔧 2025-10-03 02:31:15,520 - Autohealer[GS343AutohealerServer] - INFO - 🔧 GS343 Autohealer Server running with GS343 Foundation
🔧 2025-10-03 02:31:15,520 - Autohealer[GS343AutohealerServer] - INFO - 🔧 Phoenix Auto-Heal: Inactive
🔧 2025-10-03 02:31:15,520 - Autohealer[GS343AutohealerServer] - INFO - 🔧 Authority Level: 9.5
🔧 2025-10-03 02:31:15,520 - Autohealer[GS343AutohealerServer] - INFO - 🔧 Listening on port: 8008
🔧 2025-10-03 02:31:15,521 - Autohealer[GS343AutohealerServer] - INFO - 🔧 Healing protocols: 6 active
🔧 2025-10-03 09:36:45,293 - Autohealer[GS343AutohealerServer] - INFO - 🔧 GS343 Autohealer Server initialized on port 8500
🔧 2025-10-03 09:36:45,293 - Autohealer[GS343AutohealerServer] - INFO - 🔧 GS343 Autohealer Server running with GS343 Foundation
🔧 2025-10-03 09:36:45,293 - Autohealer[GS343AutohealerServer] - INFO - 🔧 Phoenix Auto-Heal: Inactive
🔧 2025-10-03 09:36:45,293 - Autohealer[GS343AutohealerServer] - INFO - 🔧 Authority Level: 9.5
🔧 2025-10-03 09:36:45,293 - Autohealer[GS343AutohealerServer] - INFO - 🔧 Listening on port: 8500
🔧 2025-10-03 09:36:45,293 - Autohealer[GS343AutohealerServer] - INFO - 🔧 Healing protocols: 6 active
🔧 2025-10-03 09:36:56,215 - Autohealer[GS343AutohealerServer] - INFO - 🔧 GS343 Autohealer Server shutdown complete
🔧 2025-10-03 17:52:09,255 - Autohealer[GS343AutohealerServer] - INFO - 🔧 GS343 Autohealer Server initialized on port 8007
🔧 2025-10-03 17:52:09,256 - Autohealer[GS343AutohealerServer] - INFO - 🔧 GS343 Autohealer Server running with GS343 Foundation
🔧 2025-10-03 17:52:09,256 - Autohealer[GS343AutohealerServer] - INFO - 🔧 Phoenix Auto-Heal: Inactive
🔧 2025-10-03 17:52:09,256 - Autohealer[GS343AutohealerServer] - INFO - 🔧 Authority Level: 9.5
🔧 2025-10-03 17:52:09,256 - Autohealer[GS343AutohealerServer] - INFO - 🔧 Listening on port: 8007
🔧 2025-10-03 17:52:09,256 - Autohealer[GS343AutohealerServer] - INFO - 🔧 Healing protocols: 6 active
🔧 2025-10-03 22:13:16,743 - Autohealer[GS343AutohealerServer] - INFO - 🔧 GS343 Autohealer Server initialized on port 8007
🔧 2025-10-03 22:13:16,743 - Autohealer[GS343AutohealerServer] - INFO - 🔧 GS343 Autohealer Server running with GS343 Foundation
🔧 2025-10-03 22:13:16,743 - Autohealer[GS343AutohealerServer] - INFO - 🔧 Phoenix Auto-Heal: Inactive
🔧 2025-10-03 22:13:16,743 - Autohealer[GS343AutohealerServer] - INFO - 🔧 Authority Level: 9.5
🔧 2025-10-03 22:13:16,743 - Autohealer[GS343AutohealerServer] - INFO - 🔧 Listening on port: 8007
🔧 2025-10-03 22:13:16,744 - Autohealer[GS343AutohealerServer] - INFO - 🔧 Healing protocols: 6 active
🔧 2025-10-03 22:25:00,094 - Autohealer[GS343AutohealerServer] - INFO - 🔧 GS343 Autohealer Server initialized on port 8007
🔧 2025-10-03 22:25:00,095 - Autohealer[GS343AutohealerServer] - INFO - 🔧 GS343 Autohealer Server running with GS343 Foundation
🔧 2025-10-03 22:25:00,095 - Autohealer[GS343AutohealerServer] - INFO - 🔧 Phoenix Auto-Heal: Inactive
🔧 2025-10-03 22:25:00,095 - Autohealer[GS343AutohealerServer] - INFO - 🔧 Authority Level: 9.5
🔧 2025-10-03 22:25:00,095 - Autohealer[GS343AutohealerServer] - INFO - 🔧 Listening on port: 8007
🔧 2025-10-03 22:25:00,095 - Autohealer[GS343AutohealerServer] - INFO - 🔧 Healing protocols: 6 active
🔧 2025-10-04 00:24:48,967 - Autohealer[GS343AutohealerServer] - INFO - 🔧 GS343 Autohealer Server initialized on port 8007
🔧 2025-10-04 00:24:48,967 - Autohealer[GS343AutohealerServer] - INFO - 🔧 GS343 Autohealer Server running with GS343 Foundation
🔧 2025-10-04 00:24:48,967 - Autohealer[GS343AutohealerServer] - INFO - 🔧 Phoenix Auto-Heal: Inactive
🔧 2025-10-04 00:24:48,967 - Autohealer[GS343AutohealerServer] - INFO - 🔧 Authority Level: 9.5
🔧 2025-10-04 00:24:48,967 - Autohealer[GS343AutohealerServer] - INFO - 🔧 Listening on port: 8007
🔧 2025-10-04 00:24:48,968 - Autohealer[GS343AutohealerServer] - INFO - 🔧 Healing protocols: 6 active
🔧 2025-10-04 00:25:09,110 - Autohealer[GS343AutohealerServer] - INFO - 🔧 GS343 Autohealer Server initialized on port 8010
🔧 2025-10-04 00:25:09,110 - Autohealer[GS343AutohealerServer] - INFO - 🔧 GS343 Autohealer Server running with GS343 Foundation
🔧 2025-10-04 00:25:09,110 - Autohealer[GS343AutohealerServer] - INFO - 🔧 Phoenix Auto-Heal: Inactive
🔧 2025-10-04 00:25:09,110 - Autohealer[GS343AutohealerServer] - INFO - 🔧 Authority Level: 9.5
🔧 2025-10-04 00:25:09,110 - Autohealer[GS343AutohealerServer] - INFO - 🔧 Listening on port: 8010
🔧 2025-10-04 00:25:09,111 - Autohealer[GS343AutohealerServer] - INFO - 🔧 Healing protocols: 6 active
🔧 2025-10-04 00:38:14,976 - Autohealer[GS343AutohealerServer] - INFO - 🔧 GS343 Autohealer Server initialized on port 8010
🔧 2025-10-04 00:38:14,976 - Autohealer[GS343AutohealerServer] - INFO - 🔧 GS343 Autohealer Server running with GS343 Foundation
🔧 2025-10-04 00:38:14,977 - Autohealer[GS343AutohealerServer] - INFO - 🔧 Phoenix Auto-Heal: Inactive
🔧 2025-10-04 00:38:14,977 - Autohealer[GS343AutohealerServer] - INFO - 🔧 Authority Level: 9.5
🔧 2025-10-04 00:38:14,977 - Autohealer[GS343AutohealerServer] - INFO - 🔧 Listening on port: 8010
🔧 2025-10-04 00:38:14,977 - Autohealer[GS343AutohealerServer] - INFO - 🔧 Healing protocols: 6 active
🔧 2025-10-04 00:46:52,181 - Autohealer[GS343AutohealerServer] - INFO - 🔧 GS343 Autohealer Server shutdown complete
🔧 2025-10-04 00:47:31,739 - Autohealer[GS343AutohealerServer] - INFO - 🔧 GS343 Autohealer Server initialized on port 8007
🔧 2025-10-04 00:47:31,739 - Autohealer[GS343AutohealerServer] - INFO - 🔧 GS343 Autohealer Server running with GS343 Foundation
🔧 2025-10-04 00:47:31,739 - Autohealer[GS343AutohealerServer] - INFO - 🔧 Phoenix Auto-Heal: Inactive
🔧 2025-10-04 00:47:31,739 - Autohealer[GS343AutohealerServer] - INFO - 🔧 Authority Level: 9.5
🔧 2025-10-04 00:47:31,739 - Autohealer[GS343AutohealerServer] - INFO - 🔧 Listening on port: 8007
🔧 2025-10-04 00:47:31,775 - Autohealer[GS343AutohealerServer] - INFO - 🔧 Healing protocols: 6 active
