[2025-09-30 21:32:18,830] INFO: [MLS] Master Launcher System starting...
[2025-09-30 21:32:18,830] INFO: [MLS] Authority Level: 11.0
[2025-09-30 21:32:18,830] INFO: [MLS] Base Path: E:\ECHO_XV4
[2025-09-30 21:32:18,862] INFO: [MLS] Backup created: E:\ECHO_XV4\BACKUPS\system_start_20250930_213218
[2025-09-30 21:32:18,928] INFO: [MLS] Web dashboard starting on port 5999
[2025-09-30 21:32:18,928] INFO: [MLS] Web dashboard available at http://localhost:5999
[2025-09-30 21:32:18,928] INFO: [MLS] Discovered 0 modules
[2025-09-30 21:32:18,928] INFO: [MLS] MLS fully operational
[2025-09-30 21:32:18,928] INFO: [MLS] Dashboard: http://localhost:5999
[2025-09-30 21:32:20,941] ERROR: [MLS] Error getting system metrics: 'sdiskusage' object has no attribute '__dict__'
[2025-09-30 21:32:22,943] ERROR: [MLS] Error getting system metrics: 'sdiskusage' object has no attribute '__dict__'
[2025-09-30 21:32:24,945] ERROR: [MLS] Error getting system metrics: 'sdiskusage' object has no attribute '__dict__'
[2025-09-30 21:32:26,947] ERROR: [MLS] Error getting system metrics: 'sdiskusage' object has no attribute '__dict__'
[2025-09-30 21:32:28,950] ERROR: [MLS] Error getting system metrics: 'sdiskusage' object has no attribute '__dict__'
[2025-09-30 21:32:30,958] ERROR: [MLS] Error getting system metrics: 'sdiskusage' object has no attribute '__dict__'
[2025-09-30 21:32:32,961] ERROR: [MLS] Error getting system metrics: 'sdiskusage' object has no attribute '__dict__'
[2025-09-30 21:32:34,963] ERROR: [MLS] Error getting system metrics: 'sdiskusage' object has no attribute '__dict__'
[2025-09-30 21:32:36,965] ERROR: [MLS] Error getting system metrics: 'sdiskusage' object has no attribute '__dict__'
[2025-09-30 21:32:38,966] ERROR: [MLS] Error getting system metrics: 'sdiskusage' object has no attribute '__dict__'
[2025-09-30 21:32:40,968] ERROR: [MLS] Error getting system metrics: 'sdiskusage' object has no attribute '__dict__'
[2025-09-30 21:32:42,970] ERROR: [MLS] Error getting system metrics: 'sdiskusage' object has no attribute '__dict__'
[2025-09-30 21:32:44,973] ERROR: [MLS] Error getting system metrics: 'sdiskusage' object has no attribute '__dict__'
[2025-09-30 21:32:46,976] ERROR: [MLS] Error getting system metrics: 'sdiskusage' object has no attribute '__dict__'
[2025-09-30 21:32:48,978] ERROR: [MLS] Error getting system metrics: 'sdiskusage' object has no attribute '__dict__'
[2025-09-30 21:32:50,979] ERROR: [MLS] Error getting system metrics: 'sdiskusage' object has no attribute '__dict__'
[2025-09-30 21:32:52,981] ERROR: [MLS] Error getting system metrics: 'sdiskusage' object has no attribute '__dict__'
[2025-09-30 21:32:54,982] ERROR: [MLS] Error getting system metrics: 'sdiskusage' object has no attribute '__dict__'
[2025-09-30 21:32:56,986] ERROR: [MLS] Error getting system metrics: 'sdiskusage' object has no attribute '__dict__'
[2025-09-30 21:32:58,988] ERROR: [MLS] Error getting system metrics: 'sdiskusage' object has no attribute '__dict__'
[2025-09-30 21:33:00,990] ERROR: [MLS] Error getting system metrics: 'sdiskusage' object has no attribute '__dict__'
[2025-09-30 21:33:02,993] ERROR: [MLS] Error getting system metrics: 'sdiskusage' object has no attribute '__dict__'
[2025-09-30 21:33:04,997] ERROR: [MLS] Error getting system metrics: 'sdiskusage' object has no attribute '__dict__'
[2025-09-30 21:33:07,000] ERROR: [MLS] Error getting system metrics: 'sdiskusage' object has no attribute '__dict__'
[2025-09-30 21:33:09,002] ERROR: [MLS] Error getting system metrics: 'sdiskusage' object has no attribute '__dict__'
[2025-09-30 21:33:11,004] ERROR: [MLS] Error getting system metrics: 'sdiskusage' object has no attribute '__dict__'
[2025-09-30 21:33:13,005] ERROR: [MLS] Error getting system metrics: 'sdiskusage' object has no attribute '__dict__'
[2025-09-30 21:33:15,007] ERROR: [MLS] Error getting system metrics: 'sdiskusage' object has no attribute '__dict__'
[2025-09-30 21:33:17,009] ERROR: [MLS] Error getting system metrics: 'sdiskusage' object has no attribute '__dict__'
[2025-09-30 21:33:19,010] ERROR: [MLS] Error getting system metrics: 'sdiskusage' object has no attribute '__dict__'
[2025-09-30 21:33:21,012] ERROR: [MLS] Error getting system metrics: 'sdiskusage' object has no attribute '__dict__'
[2025-09-30 21:33:23,013] ERROR: [MLS] Error getting system metrics: 'sdiskusage' object has no attribute '__dict__'
[2025-09-30 21:33:25,014] ERROR: [MLS] Error getting system metrics: 'sdiskusage' object has no attribute '__dict__'
[2025-09-30 21:33:27,016] ERROR: [MLS] Error getting system metrics: 'sdiskusage' object has no attribute '__dict__'
[2025-09-30 21:33:29,017] ERROR: [MLS] Error getting system metrics: 'sdiskusage' object has no attribute '__dict__'
[2025-09-30 21:33:31,019] ERROR: [MLS] Error getting system metrics: 'sdiskusage' object has no attribute '__dict__'
[2025-09-30 21:33:33,020] ERROR: [MLS] Error getting system metrics: 'sdiskusage' object has no attribute '__dict__'
[2025-09-30 21:33:35,022] ERROR: [MLS] Error getting system metrics: 'sdiskusage' object has no attribute '__dict__'
[2025-09-30 21:33:37,024] ERROR: [MLS] Error getting system metrics: 'sdiskusage' object has no attribute '__dict__'
[2025-09-30 21:33:39,026] ERROR: [MLS] Error getting system metrics: 'sdiskusage' object has no attribute '__dict__'
[2025-09-30 21:33:41,028] ERROR: [MLS] Error getting system metrics: 'sdiskusage' object has no attribute '__dict__'
[2025-09-30 21:33:43,030] ERROR: [MLS] Error getting system metrics: 'sdiskusage' object has no attribute '__dict__'
[2025-09-30 21:33:45,031] ERROR: [MLS] Error getting system metrics: 'sdiskusage' object has no attribute '__dict__'
[2025-09-30 21:33:47,033] ERROR: [MLS] Error getting system metrics: 'sdiskusage' object has no attribute '__dict__'
[2025-09-30 21:33:49,034] ERROR: [MLS] Error getting system metrics: 'sdiskusage' object has no attribute '__dict__'
[2025-09-30 21:33:51,039] ERROR: [MLS] Error getting system metrics: 'sdiskusage' object has no attribute '__dict__'
[2025-09-30 21:33:53,041] ERROR: [MLS] Error getting system metrics: 'sdiskusage' object has no attribute '__dict__'
[2025-09-30 21:33:55,092] ERROR: [MLS] Error getting system metrics: 'sdiskusage' object has no attribute '__dict__'
[2025-09-30 21:33:57,102] ERROR: [MLS] Error getting system metrics: 'sdiskusage' object has no attribute '__dict__'
[2025-09-30 21:33:59,105] ERROR: [MLS] Error getting system metrics: 'sdiskusage' object has no attribute '__dict__'
[2025-09-30 21:34:01,115] ERROR: [MLS] Error getting system metrics: 'sdiskusage' object has no attribute '__dict__'
[2025-09-30 21:34:03,116] ERROR: [MLS] Error getting system metrics: 'sdiskusage' object has no attribute '__dict__'
[2025-09-30 21:34:05,118] ERROR: [MLS] Error getting system metrics: 'sdiskusage' object has no attribute '__dict__'
[2025-09-30 21:34:07,119] ERROR: [MLS] Error getting system metrics: 'sdiskusage' object has no attribute '__dict__'
[2025-09-30 21:34:09,121] ERROR: [MLS] Error getting system metrics: 'sdiskusage' object has no attribute '__dict__'
[2025-09-30 21:34:11,123] ERROR: [MLS] Error getting system metrics: 'sdiskusage' object has no attribute '__dict__'
[2025-09-30 21:34:13,125] ERROR: [MLS] Error getting system metrics: 'sdiskusage' object has no attribute '__dict__'
[2025-09-30 21:34:15,126] ERROR: [MLS] Error getting system metrics: 'sdiskusage' object has no attribute '__dict__'
[2025-09-30 21:34:17,128] ERROR: [MLS] Error getting system metrics: 'sdiskusage' object has no attribute '__dict__'
[2025-09-30 21:34:19,130] ERROR: [MLS] Error getting system metrics: 'sdiskusage' object has no attribute '__dict__'
[2025-09-30 21:34:21,132] ERROR: [MLS] Error getting system metrics: 'sdiskusage' object has no attribute '__dict__'
[2025-09-30 21:34:23,133] ERROR: [MLS] Error getting system metrics: 'sdiskusage' object has no attribute '__dict__'
[2025-09-30 21:34:25,135] ERROR: [MLS] Error getting system metrics: 'sdiskusage' object has no attribute '__dict__'
[2025-09-30 21:34:27,137] ERROR: [MLS] Error getting system metrics: 'sdiskusage' object has no attribute '__dict__'
[2025-09-30 21:34:29,157] ERROR: [MLS] Error getting system metrics: 'sdiskusage' object has no attribute '__dict__'
[2025-09-30 21:34:31,159] ERROR: [MLS] Error getting system metrics: 'sdiskusage' object has no attribute '__dict__'
[2025-09-30 21:34:33,161] ERROR: [MLS] Error getting system metrics: 'sdiskusage' object has no attribute '__dict__'
[2025-09-30 21:34:35,164] ERROR: [MLS] Error getting system metrics: 'sdiskusage' object has no attribute '__dict__'
[2025-09-30 21:34:37,166] ERROR: [MLS] Error getting system metrics: 'sdiskusage' object has no attribute '__dict__'
[2025-09-30 21:34:39,168] ERROR: [MLS] Error getting system metrics: 'sdiskusage' object has no attribute '__dict__'
[2025-09-30 21:34:41,170] ERROR: [MLS] Error getting system metrics: 'sdiskusage' object has no attribute '__dict__'
[2025-09-30 21:34:43,171] ERROR: [MLS] Error getting system metrics: 'sdiskusage' object has no attribute '__dict__'
[2025-09-30 21:34:45,173] ERROR: [MLS] Error getting system metrics: 'sdiskusage' object has no attribute '__dict__'
[2025-09-30 21:34:47,175] ERROR: [MLS] Error getting system metrics: 'sdiskusage' object has no attribute '__dict__'
[2025-09-30 21:34:49,177] ERROR: [MLS] Error getting system metrics: 'sdiskusage' object has no attribute '__dict__'
[2025-09-30 21:34:51,178] ERROR: [MLS] Error getting system metrics: 'sdiskusage' object has no attribute '__dict__'
[2025-09-30 21:34:53,179] ERROR: [MLS] Error getting system metrics: 'sdiskusage' object has no attribute '__dict__'
[2025-09-30 21:34:55,182] ERROR: [MLS] Error getting system metrics: 'sdiskusage' object has no attribute '__dict__'
[2025-09-30 21:34:57,184] ERROR: [MLS] Error getting system metrics: 'sdiskusage' object has no attribute '__dict__'
[2025-09-30 21:34:59,186] ERROR: [MLS] Error getting system metrics: 'sdiskusage' object has no attribute '__dict__'
[2025-09-30 21:35:01,188] ERROR: [MLS] Error getting system metrics: 'sdiskusage' object has no attribute '__dict__'
[2025-09-30 21:35:03,189] ERROR: [MLS] Error getting system metrics: 'sdiskusage' object has no attribute '__dict__'
[2025-09-30 21:35:05,190] ERROR: [MLS] Error getting system metrics: 'sdiskusage' object has no attribute '__dict__'
[2025-09-30 21:35:07,192] ERROR: [MLS] Error getting system metrics: 'sdiskusage' object has no attribute '__dict__'
[2025-09-30 21:35:09,204] ERROR: [MLS] Error getting system metrics: 'sdiskusage' object has no attribute '__dict__'
[2025-09-30 21:35:11,205] ERROR: [MLS] Error getting system metrics: 'sdiskusage' object has no attribute '__dict__'
[2025-09-30 21:35:13,207] ERROR: [MLS] Error getting system metrics: 'sdiskusage' object has no attribute '__dict__'
[2025-09-30 21:35:15,208] ERROR: [MLS] Error getting system metrics: 'sdiskusage' object has no attribute '__dict__'
[2025-09-30 21:35:17,210] ERROR: [MLS] Error getting system metrics: 'sdiskusage' object has no attribute '__dict__'
[2025-09-30 21:35:19,212] ERROR: [MLS] Error getting system metrics: 'sdiskusage' object has no attribute '__dict__'
[2025-09-30 21:35:21,213] ERROR: [MLS] Error getting system metrics: 'sdiskusage' object has no attribute '__dict__'
[2025-09-30 21:35:23,215] ERROR: [MLS] Error getting system metrics: 'sdiskusage' object has no attribute '__dict__'
[2025-09-30 21:35:25,218] ERROR: [MLS] Error getting system metrics: 'sdiskusage' object has no attribute '__dict__'
[2025-09-30 21:35:27,222] ERROR: [MLS] Error getting system metrics: 'sdiskusage' object has no attribute '__dict__'
[2025-09-30 21:35:29,224] ERROR: [MLS] Error getting system metrics: 'sdiskusage' object has no attribute '__dict__'
[2025-09-30 21:35:31,225] ERROR: [MLS] Error getting system metrics: 'sdiskusage' object has no attribute '__dict__'
[2025-09-30 21:35:33,227] ERROR: [MLS] Error getting system metrics: 'sdiskusage' object has no attribute '__dict__'
[2025-09-30 21:35:35,228] ERROR: [MLS] Error getting system metrics: 'sdiskusage' object has no attribute '__dict__'
[2025-09-30 21:35:37,232] ERROR: [MLS] Error getting system metrics: 'sdiskusage' object has no attribute '__dict__'
[2025-09-30 21:35:39,237] ERROR: [MLS] Error getting system metrics: 'sdiskusage' object has no attribute '__dict__'
[2025-09-30 21:35:41,238] ERROR: [MLS] Error getting system metrics: 'sdiskusage' object has no attribute '__dict__'
[2025-09-30 21:35:43,240] ERROR: [MLS] Error getting system metrics: 'sdiskusage' object has no attribute '__dict__'
[2025-09-30 21:35:45,242] ERROR: [MLS] Error getting system metrics: 'sdiskusage' object has no attribute '__dict__'
[2025-09-30 21:35:47,243] ERROR: [MLS] Error getting system metrics: 'sdiskusage' object has no attribute '__dict__'
[2025-09-30 21:35:49,245] ERROR: [MLS] Error getting system metrics: 'sdiskusage' object has no attribute '__dict__'
[2025-09-30 21:35:51,246] ERROR: [MLS] Error getting system metrics: 'sdiskusage' object has no attribute '__dict__'
[2025-09-30 21:35:53,247] ERROR: [MLS] Error getting system metrics: 'sdiskusage' object has no attribute '__dict__'
[2025-09-30 21:35:55,249] ERROR: [MLS] Error getting system metrics: 'sdiskusage' object has no attribute '__dict__'
[2025-09-30 21:35:57,251] ERROR: [MLS] Error getting system metrics: 'sdiskusage' object has no attribute '__dict__'
[2025-09-30 21:35:59,253] ERROR: [MLS] Error getting system metrics: 'sdiskusage' object has no attribute '__dict__'
[2025-09-30 21:36:01,255] ERROR: [MLS] Error getting system metrics: 'sdiskusage' object has no attribute '__dict__'
[2025-09-30 21:36:03,275] ERROR: [MLS] Error getting system metrics: 'sdiskusage' object has no attribute '__dict__'
[2025-09-30 21:36:05,278] ERROR: [MLS] Error getting system metrics: 'sdiskusage' object has no attribute '__dict__'
[2025-09-30 21:36:07,279] ERROR: [MLS] Error getting system metrics: 'sdiskusage' object has no attribute '__dict__'
[2025-09-30 21:36:09,281] ERROR: [MLS] Error getting system metrics: 'sdiskusage' object has no attribute '__dict__'
[2025-09-30 21:36:11,283] ERROR: [MLS] Error getting system metrics: 'sdiskusage' object has no attribute '__dict__'
[2025-09-30 21:36:13,285] ERROR: [MLS] Error getting system metrics: 'sdiskusage' object has no attribute '__dict__'
[2025-09-30 21:36:15,287] ERROR: [MLS] Error getting system metrics: 'sdiskusage' object has no attribute '__dict__'
[2025-09-30 21:36:17,289] ERROR: [MLS] Error getting system metrics: 'sdiskusage' object has no attribute '__dict__'
[2025-09-30 21:36:19,291] ERROR: [MLS] Error getting system metrics: 'sdiskusage' object has no attribute '__dict__'
[2025-09-30 21:36:21,294] ERROR: [MLS] Error getting system metrics: 'sdiskusage' object has no attribute '__dict__'
[2025-09-30 21:36:23,295] ERROR: [MLS] Error getting system metrics: 'sdiskusage' object has no attribute '__dict__'
[2025-09-30 21:36:25,298] ERROR: [MLS] Error getting system metrics: 'sdiskusage' object has no attribute '__dict__'
[2025-09-30 21:36:27,299] ERROR: [MLS] Error getting system metrics: 'sdiskusage' object has no attribute '__dict__'
[2025-09-30 21:36:29,301] ERROR: [MLS] Error getting system metrics: 'sdiskusage' object has no attribute '__dict__'
[2025-09-30 21:36:31,302] ERROR: [MLS] Error getting system metrics: 'sdiskusage' object has no attribute '__dict__'
[2025-09-30 21:36:33,304] ERROR: [MLS] Error getting system metrics: 'sdiskusage' object has no attribute '__dict__'
[2025-09-30 21:36:35,306] ERROR: [MLS] Error getting system metrics: 'sdiskusage' object has no attribute '__dict__'
[2025-09-30 21:36:37,307] ERROR: [MLS] Error getting system metrics: 'sdiskusage' object has no attribute '__dict__'
[2025-09-30 21:36:39,309] ERROR: [MLS] Error getting system metrics: 'sdiskusage' object has no attribute '__dict__'
[2025-09-30 21:36:41,310] ERROR: [MLS] Error getting system metrics: 'sdiskusage' object has no attribute '__dict__'
[2025-09-30 21:36:43,311] ERROR: [MLS] Error getting system metrics: 'sdiskusage' object has no attribute '__dict__'
[2025-09-30 21:36:45,313] ERROR: [MLS] Error getting system metrics: 'sdiskusage' object has no attribute '__dict__'
[2025-09-30 21:36:47,315] ERROR: [MLS] Error getting system metrics: 'sdiskusage' object has no attribute '__dict__'
[2025-09-30 21:36:49,317] ERROR: [MLS] Error getting system metrics: 'sdiskusage' object has no attribute '__dict__'
[2025-09-30 21:36:51,318] ERROR: [MLS] Error getting system metrics: 'sdiskusage' object has no attribute '__dict__'
[2025-09-30 21:36:53,320] ERROR: [MLS] Error getting system metrics: 'sdiskusage' object has no attribute '__dict__'
[2025-09-30 21:36:55,321] ERROR: [MLS] Error getting system metrics: 'sdiskusage' object has no attribute '__dict__'
[2025-09-30 21:36:57,323] ERROR: [MLS] Error getting system metrics: 'sdiskusage' object has no attribute '__dict__'
[2025-09-30 21:36:59,324] ERROR: [MLS] Error getting system metrics: 'sdiskusage' object has no attribute '__dict__'
[2025-09-30 21:37:01,326] ERROR: [MLS] Error getting system metrics: 'sdiskusage' object has no attribute '__dict__'
[2025-09-30 21:37:03,327] ERROR: [MLS] Error getting system metrics: 'sdiskusage' object has no attribute '__dict__'
[2025-09-30 21:37:05,329] ERROR: [MLS] Error getting system metrics: 'sdiskusage' object has no attribute '__dict__'
[2025-09-30 21:37:07,331] ERROR: [MLS] Error getting system metrics: 'sdiskusage' object has no attribute '__dict__'
[2025-09-30 21:37:09,332] ERROR: [MLS] Error getting system metrics: 'sdiskusage' object has no attribute '__dict__'
[2025-09-30 21:37:11,334] ERROR: [MLS] Error getting system metrics: 'sdiskusage' object has no attribute '__dict__'
[2025-09-30 21:37:13,336] ERROR: [MLS] Error getting system metrics: 'sdiskusage' object has no attribute '__dict__'
[2025-09-30 21:37:15,339] ERROR: [MLS] Error getting system metrics: 'sdiskusage' object has no attribute '__dict__'
[2025-09-30 21:37:17,341] ERROR: [MLS] Error getting system metrics: 'sdiskusage' object has no attribute '__dict__'
[2025-09-30 21:37:19,342] ERROR: [MLS] Error getting system metrics: 'sdiskusage' object has no attribute '__dict__'
[2025-09-30 21:37:21,343] ERROR: [MLS] Error getting system metrics: 'sdiskusage' object has no attribute '__dict__'
[2025-09-30 21:37:23,345] ERROR: [MLS] Error getting system metrics: 'sdiskusage' object has no attribute '__dict__'
[2025-09-30 21:37:25,354] ERROR: [MLS] Error getting system metrics: 'sdiskusage' object has no attribute '__dict__'
[2025-09-30 21:37:27,364] ERROR: [MLS] Error getting system metrics: 'sdiskusage' object has no attribute '__dict__'
[2025-09-30 21:37:29,365] ERROR: [MLS] Error getting system metrics: 'sdiskusage' object has no attribute '__dict__'
[2025-09-30 21:37:31,366] ERROR: [MLS] Error getting system metrics: 'sdiskusage' object has no attribute '__dict__'
[2025-09-30 21:37:33,368] ERROR: [MLS] Error getting system metrics: 'sdiskusage' object has no attribute '__dict__'
[2025-09-30 21:37:35,372] ERROR: [MLS] Error getting system metrics: 'sdiskusage' object has no attribute '__dict__'
[2025-09-30 21:37:37,374] ERROR: [MLS] Error getting system metrics: 'sdiskusage' object has no attribute '__dict__'
[2025-09-30 21:37:39,378] ERROR: [MLS] Error getting system metrics: 'sdiskusage' object has no attribute '__dict__'
[2025-09-30 21:37:41,380] ERROR: [MLS] Error getting system metrics: 'sdiskusage' object has no attribute '__dict__'
[2025-09-30 21:37:43,382] ERROR: [MLS] Error getting system metrics: 'sdiskusage' object has no attribute '__dict__'
[2025-09-30 21:37:45,385] ERROR: [MLS] Error getting system metrics: 'sdiskusage' object has no attribute '__dict__'
[2025-09-30 21:37:47,387] ERROR: [MLS] Error getting system metrics: 'sdiskusage' object has no attribute '__dict__'
[2025-09-30 21:37:49,389] ERROR: [MLS] Error getting system metrics: 'sdiskusage' object has no attribute '__dict__'
[2025-09-30 21:37:51,390] ERROR: [MLS] Error getting system metrics: 'sdiskusage' object has no attribute '__dict__'
[2025-09-30 21:37:53,393] ERROR: [MLS] Error getting system metrics: 'sdiskusage' object has no attribute '__dict__'
[2025-09-30 21:37:55,395] ERROR: [MLS] Error getting system metrics: 'sdiskusage' object has no attribute '__dict__'
[2025-09-30 21:37:57,396] ERROR: [MLS] Error getting system metrics: 'sdiskusage' object has no attribute '__dict__'
[2025-09-30 21:37:59,398] ERROR: [MLS] Error getting system metrics: 'sdiskusage' object has no attribute '__dict__'
[2025-09-30 21:38:01,400] ERROR: [MLS] Error getting system metrics: 'sdiskusage' object has no attribute '__dict__'
[2025-09-30 21:38:03,402] ERROR: [MLS] Error getting system metrics: 'sdiskusage' object has no attribute '__dict__'
[2025-09-30 21:38:05,406] ERROR: [MLS] Error getting system metrics: 'sdiskusage' object has no attribute '__dict__'
[2025-09-30 21:38:07,410] ERROR: [MLS] Error getting system metrics: 'sdiskusage' object has no attribute '__dict__'
[2025-09-30 21:38:09,413] ERROR: [MLS] Error getting system metrics: 'sdiskusage' object has no attribute '__dict__'
[2025-09-30 21:38:11,415] ERROR: [MLS] Error getting system metrics: 'sdiskusage' object has no attribute '__dict__'
[2025-09-30 21:38:13,417] ERROR: [MLS] Error getting system metrics: 'sdiskusage' object has no attribute '__dict__'
[2025-09-30 21:38:15,420] ERROR: [MLS] Error getting system metrics: 'sdiskusage' object has no attribute '__dict__'
[2025-09-30 21:38:17,424] ERROR: [MLS] Error getting system metrics: 'sdiskusage' object has no attribute '__dict__'
[2025-09-30 21:38:19,438] ERROR: [MLS] Error getting system metrics: 'sdiskusage' object has no attribute '__dict__'
[2025-09-30 21:38:21,442] ERROR: [MLS] Error getting system metrics: 'sdiskusage' object has no attribute '__dict__'
[2025-09-30 21:38:23,447] ERROR: [MLS] Error getting system metrics: 'sdiskusage' object has no attribute '__dict__'
[2025-09-30 21:38:25,591] ERROR: [MLS] Error getting system metrics: 'sdiskusage' object has no attribute '__dict__'
[2025-09-30 21:38:27,597] ERROR: [MLS] Error getting system metrics: 'sdiskusage' object has no attribute '__dict__'
[2025-09-30 21:38:29,599] ERROR: [MLS] Error getting system metrics: 'sdiskusage' object has no attribute '__dict__'
[2025-09-30 21:38:31,600] ERROR: [MLS] Error getting system metrics: 'sdiskusage' object has no attribute '__dict__'
[2025-09-30 21:38:33,602] ERROR: [MLS] Error getting system metrics: 'sdiskusage' object has no attribute '__dict__'
[2025-09-30 21:38:35,603] ERROR: [MLS] Error getting system metrics: 'sdiskusage' object has no attribute '__dict__'
[2025-09-30 21:38:37,607] ERROR: [MLS] Error getting system metrics: 'sdiskusage' object has no attribute '__dict__'
[2025-09-30 21:38:39,609] ERROR: [MLS] Error getting system metrics: 'sdiskusage' object has no attribute '__dict__'
[2025-09-30 21:38:41,610] ERROR: [MLS] Error getting system metrics: 'sdiskusage' object has no attribute '__dict__'
[2025-09-30 21:38:43,613] ERROR: [MLS] Error getting system metrics: 'sdiskusage' object has no attribute '__dict__'
[2025-09-30 21:38:45,615] ERROR: [MLS] Error getting system metrics: 'sdiskusage' object has no attribute '__dict__'
[2025-09-30 21:38:47,617] ERROR: [MLS] Error getting system metrics: 'sdiskusage' object has no attribute '__dict__'
[2025-09-30 21:38:49,618] ERROR: [MLS] Error getting system metrics: 'sdiskusage' object has no attribute '__dict__'
[2025-09-30 21:38:51,620] ERROR: [MLS] Error getting system metrics: 'sdiskusage' object has no attribute '__dict__'
[2025-09-30 21:38:53,623] ERROR: [MLS] Error getting system metrics: 'sdiskusage' object has no attribute '__dict__'
[2025-09-30 21:38:55,624] ERROR: [MLS] Error getting system metrics: 'sdiskusage' object has no attribute '__dict__'
[2025-09-30 21:38:57,626] ERROR: [MLS] Error getting system metrics: 'sdiskusage' object has no attribute '__dict__'
[2025-09-30 21:38:59,628] ERROR: [MLS] Error getting system metrics: 'sdiskusage' object has no attribute '__dict__'
[2025-09-30 21:39:01,631] ERROR: [MLS] Error getting system metrics: 'sdiskusage' object has no attribute '__dict__'
[2025-09-30 21:39:03,634] ERROR: [MLS] Error getting system metrics: 'sdiskusage' object has no attribute '__dict__'
[2025-09-30 21:39:05,636] ERROR: [MLS] Error getting system metrics: 'sdiskusage' object has no attribute '__dict__'
[2025-09-30 21:39:07,637] ERROR: [MLS] Error getting system metrics: 'sdiskusage' object has no attribute '__dict__'
[2025-09-30 21:39:09,639] ERROR: [MLS] Error getting system metrics: 'sdiskusage' object has no attribute '__dict__'
[2025-09-30 21:39:11,641] ERROR: [MLS] Error getting system metrics: 'sdiskusage' object has no attribute '__dict__'
[2025-09-30 21:39:13,643] ERROR: [MLS] Error getting system metrics: 'sdiskusage' object has no attribute '__dict__'
[2025-09-30 21:39:15,644] ERROR: [MLS] Error getting system metrics: 'sdiskusage' object has no attribute '__dict__'
[2025-09-30 21:39:17,646] ERROR: [MLS] Error getting system metrics: 'sdiskusage' object has no attribute '__dict__'
[2025-09-30 21:39:19,651] ERROR: [MLS] Error getting system metrics: 'sdiskusage' object has no attribute '__dict__'
[2025-09-30 21:39:21,654] ERROR: [MLS] Error getting system metrics: 'sdiskusage' object has no attribute '__dict__'
[2025-09-30 21:39:23,655] ERROR: [MLS] Error getting system metrics: 'sdiskusage' object has no attribute '__dict__'
[2025-09-30 21:39:25,657] ERROR: [MLS] Error getting system metrics: 'sdiskusage' object has no attribute '__dict__'
[2025-09-30 21:39:27,660] ERROR: [MLS] Error getting system metrics: 'sdiskusage' object has no attribute '__dict__'
[2025-09-30 21:39:29,662] ERROR: [MLS] Error getting system metrics: 'sdiskusage' object has no attribute '__dict__'
[2025-09-30 21:39:31,665] ERROR: [MLS] Error getting system metrics: 'sdiskusage' object has no attribute '__dict__'
[2025-09-30 21:39:33,666] ERROR: [MLS] Error getting system metrics: 'sdiskusage' object has no attribute '__dict__'
[2025-09-30 21:39:35,668] ERROR: [MLS] Error getting system metrics: 'sdiskusage' object has no attribute '__dict__'
[2025-09-30 21:39:37,671] ERROR: [MLS] Error getting system metrics: 'sdiskusage' object has no attribute '__dict__'
[2025-09-30 21:39:39,698] ERROR: [MLS] Error getting system metrics: 'sdiskusage' object has no attribute '__dict__'
[2025-09-30 21:39:41,701] ERROR: [MLS] Error getting system metrics: 'sdiskusage' object has no attribute '__dict__'
[2025-09-30 21:39:43,703] ERROR: [MLS] Error getting system metrics: 'sdiskusage' object has no attribute '__dict__'
[2025-09-30 21:39:45,704] ERROR: [MLS] Error getting system metrics: 'sdiskusage' object has no attribute '__dict__'
[2025-09-30 21:39:47,706] ERROR: [MLS] Error getting system metrics: 'sdiskusage' object has no attribute '__dict__'
[2025-09-30 21:39:49,708] ERROR: [MLS] Error getting system metrics: 'sdiskusage' object has no attribute '__dict__'
[2025-09-30 21:39:51,710] ERROR: [MLS] Error getting system metrics: 'sdiskusage' object has no attribute '__dict__'
[2025-09-30 21:39:53,712] ERROR: [MLS] Error getting system metrics: 'sdiskusage' object has no attribute '__dict__'
[2025-09-30 21:39:55,713] ERROR: [MLS] Error getting system metrics: 'sdiskusage' object has no attribute '__dict__'
[2025-09-30 21:39:57,714] ERROR: [MLS] Error getting system metrics: 'sdiskusage' object has no attribute '__dict__'
[2025-09-30 21:39:59,716] ERROR: [MLS] Error getting system metrics: 'sdiskusage' object has no attribute '__dict__'
[2025-09-30 21:40:01,719] ERROR: [MLS] Error getting system metrics: 'sdiskusage' object has no attribute '__dict__'
[2025-09-30 21:40:03,722] ERROR: [MLS] Error getting system metrics: 'sdiskusage' object has no attribute '__dict__'
[2025-09-30 21:40:05,726] ERROR: [MLS] Error getting system metrics: 'sdiskusage' object has no attribute '__dict__'
[2025-09-30 21:40:07,729] ERROR: [MLS] Error getting system metrics: 'sdiskusage' object has no attribute '__dict__'
[2025-09-30 21:40:09,731] ERROR: [MLS] Error getting system metrics: 'sdiskusage' object has no attribute '__dict__'
[2025-09-30 21:40:11,732] ERROR: [MLS] Error getting system metrics: 'sdiskusage' object has no attribute '__dict__'
[2025-09-30 21:40:13,734] ERROR: [MLS] Error getting system metrics: 'sdiskusage' object has no attribute '__dict__'
[2025-09-30 21:40:15,738] ERROR: [MLS] Error getting system metrics: 'sdiskusage' object has no attribute '__dict__'
[2025-09-30 21:40:17,741] ERROR: [MLS] Error getting system metrics: 'sdiskusage' object has no attribute '__dict__'
[2025-09-30 21:40:19,742] ERROR: [MLS] Error getting system metrics: 'sdiskusage' object has no attribute '__dict__'
[2025-09-30 21:40:21,744] ERROR: [MLS] Error getting system metrics: 'sdiskusage' object has no attribute '__dict__'
[2025-09-30 21:40:23,745] ERROR: [MLS] Error getting system metrics: 'sdiskusage' object has no attribute '__dict__'
[2025-09-30 21:40:25,747] ERROR: [MLS] Error getting system metrics: 'sdiskusage' object has no attribute '__dict__'
[2025-09-30 21:40:27,748] ERROR: [MLS] Error getting system metrics: 'sdiskusage' object has no attribute '__dict__'
[2025-09-30 21:40:29,750] ERROR: [MLS] Error getting system metrics: 'sdiskusage' object has no attribute '__dict__'
[2025-09-30 21:40:31,752] ERROR: [MLS] Error getting system metrics: 'sdiskusage' object has no attribute '__dict__'
[2025-09-30 21:40:33,783] ERROR: [MLS] Error getting system metrics: 'sdiskusage' object has no attribute '__dict__'
[2025-09-30 21:40:35,790] ERROR: [MLS] Error getting system metrics: 'sdiskusage' object has no attribute '__dict__'
[2025-09-30 21:40:37,792] ERROR: [MLS] Error getting system metrics: 'sdiskusage' object has no attribute '__dict__'
[2025-09-30 21:40:39,798] ERROR: [MLS] Error getting system metrics: 'sdiskusage' object has no attribute '__dict__'
[2025-09-30 21:40:41,800] ERROR: [MLS] Error getting system metrics: 'sdiskusage' object has no attribute '__dict__'
[2025-09-30 21:40:43,801] ERROR: [MLS] Error getting system metrics: 'sdiskusage' object has no attribute '__dict__'
[2025-09-30 21:40:45,803] ERROR: [MLS] Error getting system metrics: 'sdiskusage' object has no attribute '__dict__'
[2025-09-30 21:40:47,805] ERROR: [MLS] Error getting system metrics: 'sdiskusage' object has no attribute '__dict__'
[2025-09-30 21:40:49,806] ERROR: [MLS] Error getting system metrics: 'sdiskusage' object has no attribute '__dict__'
[2025-09-30 21:40:51,809] ERROR: [MLS] Error getting system metrics: 'sdiskusage' object has no attribute '__dict__'
[2025-09-30 21:40:53,810] ERROR: [MLS] Error getting system metrics: 'sdiskusage' object has no attribute '__dict__'
[2025-09-30 21:40:55,812] ERROR: [MLS] Error getting system metrics: 'sdiskusage' object has no attribute '__dict__'
[2025-09-30 21:40:57,813] ERROR: [MLS] Error getting system metrics: 'sdiskusage' object has no attribute '__dict__'
[2025-09-30 21:40:59,815] ERROR: [MLS] Error getting system metrics: 'sdiskusage' object has no attribute '__dict__'
[2025-09-30 21:41:01,817] ERROR: [MLS] Error getting system metrics: 'sdiskusage' object has no attribute '__dict__'
[2025-09-30 21:41:03,819] ERROR: [MLS] Error getting system metrics: 'sdiskusage' object has no attribute '__dict__'
[2025-09-30 21:41:05,820] ERROR: [MLS] Error getting system metrics: 'sdiskusage' object has no attribute '__dict__'
[2025-09-30 21:41:07,822] ERROR: [MLS] Error getting system metrics: 'sdiskusage' object has no attribute '__dict__'
[2025-09-30 21:41:09,824] ERROR: [MLS] Error getting system metrics: 'sdiskusage' object has no attribute '__dict__'
[2025-09-30 21:41:11,826] ERROR: [MLS] Error getting system metrics: 'sdiskusage' object has no attribute '__dict__'
[2025-09-30 21:41:13,828] ERROR: [MLS] Error getting system metrics: 'sdiskusage' object has no attribute '__dict__'
[2025-09-30 21:41:15,830] ERROR: [MLS] Error getting system metrics: 'sdiskusage' object has no attribute '__dict__'
[2025-09-30 21:41:17,831] ERROR: [MLS] Error getting system metrics: 'sdiskusage' object has no attribute '__dict__'
[2025-09-30 21:41:19,833] ERROR: [MLS] Error getting system metrics: 'sdiskusage' object has no attribute '__dict__'
[2025-09-30 21:41:21,835] ERROR: [MLS] Error getting system metrics: 'sdiskusage' object has no attribute '__dict__'
[2025-09-30 21:41:24,054] ERROR: [MLS] Error getting system metrics: 'sdiskusage' object has no attribute '__dict__'
[2025-09-30 21:41:26,062] ERROR: [MLS] Error getting system metrics: 'sdiskusage' object has no attribute '__dict__'
[2025-09-30 21:41:28,066] ERROR: [MLS] Error getting system metrics: 'sdiskusage' object has no attribute '__dict__'
[2025-09-30 21:41:30,121] ERROR: [MLS] Error getting system metrics: 'sdiskusage' object has no attribute '__dict__'
[2025-09-30 21:41:32,126] ERROR: [MLS] Error getting system metrics: 'sdiskusage' object has no attribute '__dict__'
[2025-09-30 21:41:34,130] ERROR: [MLS] Error getting system metrics: 'sdiskusage' object has no attribute '__dict__'
[2025-09-30 21:41:36,133] ERROR: [MLS] Error getting system metrics: 'sdiskusage' object has no attribute '__dict__'
[2025-09-30 21:41:38,136] ERROR: [MLS] Error getting system metrics: 'sdiskusage' object has no attribute '__dict__'
[2025-09-30 21:41:40,168] ERROR: [MLS] Error getting system metrics: 'sdiskusage' object has no attribute '__dict__'
[2025-09-30 21:41:42,174] ERROR: [MLS] Error getting system metrics: 'sdiskusage' object has no attribute '__dict__'
[2025-09-30 21:41:44,176] ERROR: [MLS] Error getting system metrics: 'sdiskusage' object has no attribute '__dict__'
[2025-09-30 21:41:46,178] ERROR: [MLS] Error getting system metrics: 'sdiskusage' object has no attribute '__dict__'
[2025-09-30 21:41:48,182] ERROR: [MLS] Error getting system metrics: 'sdiskusage' object has no attribute '__dict__'
[2025-09-30 21:41:50,220] ERROR: [MLS] Error getting system metrics: 'sdiskusage' object has no attribute '__dict__'
[2025-09-30 21:41:52,253] ERROR: [MLS] Error getting system metrics: 'sdiskusage' object has no attribute '__dict__'
[2025-09-30 21:41:54,256] ERROR: [MLS] Error getting system metrics: 'sdiskusage' object has no attribute '__dict__'
[2025-09-30 21:41:56,259] ERROR: [MLS] Error getting system metrics: 'sdiskusage' object has no attribute '__dict__'
[2025-09-30 21:41:58,263] ERROR: [MLS] Error getting system metrics: 'sdiskusage' object has no attribute '__dict__'
[2025-09-30 21:42:00,265] ERROR: [MLS] Error getting system metrics: 'sdiskusage' object has no attribute '__dict__'
[2025-09-30 21:42:02,267] ERROR: [MLS] Error getting system metrics: 'sdiskusage' object has no attribute '__dict__'
[2025-09-30 21:42:04,315] ERROR: [MLS] Error getting system metrics: 'sdiskusage' object has no attribute '__dict__'
[2025-09-30 21:42:06,317] ERROR: [MLS] Error getting system metrics: 'sdiskusage' object has no attribute '__dict__'
[2025-09-30 21:42:08,319] ERROR: [MLS] Error getting system metrics: 'sdiskusage' object has no attribute '__dict__'
[2025-09-30 21:42:10,321] ERROR: [MLS] Error getting system metrics: 'sdiskusage' object has no attribute '__dict__'
[2025-09-30 21:42:12,323] ERROR: [MLS] Error getting system metrics: 'sdiskusage' object has no attribute '__dict__'
[2025-09-30 21:42:14,325] ERROR: [MLS] Error getting system metrics: 'sdiskusage' object has no attribute '__dict__'
[2025-09-30 21:42:16,328] ERROR: [MLS] Error getting system metrics: 'sdiskusage' object has no attribute '__dict__'
[2025-09-30 21:42:18,330] ERROR: [MLS] Error getting system metrics: 'sdiskusage' object has no attribute '__dict__'
[2025-09-30 21:42:20,332] ERROR: [MLS] Error getting system metrics: 'sdiskusage' object has no attribute '__dict__'
[2025-09-30 21:42:22,333] ERROR: [MLS] Error getting system metrics: 'sdiskusage' object has no attribute '__dict__'
[2025-09-30 21:42:24,335] ERROR: [MLS] Error getting system metrics: 'sdiskusage' object has no attribute '__dict__'
[2025-09-30 21:42:26,338] ERROR: [MLS] Error getting system metrics: 'sdiskusage' object has no attribute '__dict__'
[2025-09-30 21:42:28,341] ERROR: [MLS] Error getting system metrics: 'sdiskusage' object has no attribute '__dict__'
[2025-09-30 21:42:30,346] ERROR: [MLS] Error getting system metrics: 'sdiskusage' object has no attribute '__dict__'
[2025-09-30 21:42:32,348] ERROR: [MLS] Error getting system metrics: 'sdiskusage' object has no attribute '__dict__'
[2025-09-30 21:42:34,350] ERROR: [MLS] Error getting system metrics: 'sdiskusage' object has no attribute '__dict__'
[2025-09-30 21:42:36,352] ERROR: [MLS] Error getting system metrics: 'sdiskusage' object has no attribute '__dict__'
[2025-09-30 21:42:38,354] ERROR: [MLS] Error getting system metrics: 'sdiskusage' object has no attribute '__dict__'
[2025-09-30 21:42:40,355] ERROR: [MLS] Error getting system metrics: 'sdiskusage' object has no attribute '__dict__'
[2025-09-30 21:42:42,357] ERROR: [MLS] Error getting system metrics: 'sdiskusage' object has no attribute '__dict__'
[2025-09-30 21:42:44,377] ERROR: [MLS] Error getting system metrics: 'sdiskusage' object has no attribute '__dict__'
[2025-09-30 21:42:46,380] ERROR: [MLS] Error getting system metrics: 'sdiskusage' object has no attribute '__dict__'
[2025-09-30 21:42:48,381] ERROR: [MLS] Error getting system metrics: 'sdiskusage' object has no attribute '__dict__'
[2025-09-30 21:42:50,383] ERROR: [MLS] Error getting system metrics: 'sdiskusage' object has no attribute '__dict__'
[2025-09-30 21:42:52,384] ERROR: [MLS] Error getting system metrics: 'sdiskusage' object has no attribute '__dict__'
[2025-09-30 21:42:54,386] ERROR: [MLS] Error getting system metrics: 'sdiskusage' object has no attribute '__dict__'
[2025-09-30 21:42:56,389] ERROR: [MLS] Error getting system metrics: 'sdiskusage' object has no attribute '__dict__'
[2025-09-30 21:42:58,391] ERROR: [MLS] Error getting system metrics: 'sdiskusage' object has no attribute '__dict__'
[2025-09-30 21:43:00,393] ERROR: [MLS] Error getting system metrics: 'sdiskusage' object has no attribute '__dict__'
[2025-09-30 21:43:02,394] ERROR: [MLS] Error getting system metrics: 'sdiskusage' object has no attribute '__dict__'
[2025-09-30 21:43:04,396] ERROR: [MLS] Error getting system metrics: 'sdiskusage' object has no attribute '__dict__'
[2025-09-30 21:43:06,398] ERROR: [MLS] Error getting system metrics: 'sdiskusage' object has no attribute '__dict__'
[2025-09-30 21:43:08,400] ERROR: [MLS] Error getting system metrics: 'sdiskusage' object has no attribute '__dict__'
[2025-09-30 21:43:10,403] ERROR: [MLS] Error getting system metrics: 'sdiskusage' object has no attribute '__dict__'
[2025-09-30 21:43:12,404] ERROR: [MLS] Error getting system metrics: 'sdiskusage' object has no attribute '__dict__'
[2025-09-30 21:43:14,406] ERROR: [MLS] Error getting system metrics: 'sdiskusage' object has no attribute '__dict__'
[2025-09-30 21:43:16,407] ERROR: [MLS] Error getting system metrics: 'sdiskusage' object has no attribute '__dict__'
[2025-09-30 21:43:18,408] ERROR: [MLS] Error getting system metrics: 'sdiskusage' object has no attribute '__dict__'
[2025-09-30 21:43:20,410] ERROR: [MLS] Error getting system metrics: 'sdiskusage' object has no attribute '__dict__'
[2025-09-30 21:43:22,412] ERROR: [MLS] Error getting system metrics: 'sdiskusage' object has no attribute '__dict__'
[2025-09-30 21:43:24,414] ERROR: [MLS] Error getting system metrics: 'sdiskusage' object has no attribute '__dict__'
[2025-09-30 21:43:26,416] ERROR: [MLS] Error getting system metrics: 'sdiskusage' object has no attribute '__dict__'
[2025-09-30 21:43:28,417] ERROR: [MLS] Error getting system metrics: 'sdiskusage' object has no attribute '__dict__'
[2025-09-30 21:43:30,419] ERROR: [MLS] Error getting system metrics: 'sdiskusage' object has no attribute '__dict__'
[2025-09-30 21:43:32,424] ERROR: [MLS] Error getting system metrics: 'sdiskusage' object has no attribute '__dict__'
[2025-09-30 21:43:34,426] ERROR: [MLS] Error getting system metrics: 'sdiskusage' object has no attribute '__dict__'
[2025-09-30 21:43:36,428] ERROR: [MLS] Error getting system metrics: 'sdiskusage' object has no attribute '__dict__'
[2025-09-30 21:43:38,430] ERROR: [MLS] Error getting system metrics: 'sdiskusage' object has no attribute '__dict__'
[2025-09-30 21:43:40,432] ERROR: [MLS] Error getting system metrics: 'sdiskusage' object has no attribute '__dict__'
[2025-09-30 21:43:42,434] ERROR: [MLS] Error getting system metrics: 'sdiskusage' object has no attribute '__dict__'
[2025-09-30 21:43:44,435] ERROR: [MLS] Error getting system metrics: 'sdiskusage' object has no attribute '__dict__'
[2025-09-30 21:43:46,438] ERROR: [MLS] Error getting system metrics: 'sdiskusage' object has no attribute '__dict__'
[2025-09-30 21:43:48,439] ERROR: [MLS] Error getting system metrics: 'sdiskusage' object has no attribute '__dict__'
[2025-09-30 21:43:50,441] ERROR: [MLS] Error getting system metrics: 'sdiskusage' object has no attribute '__dict__'
[2025-09-30 21:43:52,442] ERROR: [MLS] Error getting system metrics: 'sdiskusage' object has no attribute '__dict__'
[2025-09-30 21:43:54,444] ERROR: [MLS] Error getting system metrics: 'sdiskusage' object has no attribute '__dict__'
[2025-09-30 21:43:56,446] ERROR: [MLS] Error getting system metrics: 'sdiskusage' object has no attribute '__dict__'
[2025-09-30 21:43:58,448] ERROR: [MLS] Error getting system metrics: 'sdiskusage' object has no attribute '__dict__'
[2025-09-30 21:44:00,450] ERROR: [MLS] Error getting system metrics: 'sdiskusage' object has no attribute '__dict__'
[2025-09-30 21:44:02,451] ERROR: [MLS] Error getting system metrics: 'sdiskusage' object has no attribute '__dict__'
[2025-09-30 21:44:04,452] ERROR: [MLS] Error getting system metrics: 'sdiskusage' object has no attribute '__dict__'
[2025-09-30 21:44:06,454] ERROR: [MLS] Error getting system metrics: 'sdiskusage' object has no attribute '__dict__'
[2025-09-30 21:44:08,455] ERROR: [MLS] Error getting system metrics: 'sdiskusage' object has no attribute '__dict__'
[2025-09-30 21:44:10,457] ERROR: [MLS] Error getting system metrics: 'sdiskusage' object has no attribute '__dict__'
[2025-09-30 21:44:12,458] ERROR: [MLS] Error getting system metrics: 'sdiskusage' object has no attribute '__dict__'
[2025-09-30 21:44:14,460] ERROR: [MLS] Error getting system metrics: 'sdiskusage' object has no attribute '__dict__'
[2025-09-30 21:44:16,462] ERROR: [MLS] Error getting system metrics: 'sdiskusage' object has no attribute '__dict__'
[2025-09-30 21:44:18,463] ERROR: [MLS] Error getting system metrics: 'sdiskusage' object has no attribute '__dict__'
[2025-09-30 21:44:20,465] ERROR: [MLS] Error getting system metrics: 'sdiskusage' object has no attribute '__dict__'
[2025-09-30 21:44:22,468] ERROR: [MLS] Error getting system metrics: 'sdiskusage' object has no attribute '__dict__'
[2025-09-30 21:44:24,470] ERROR: [MLS] Error getting system metrics: 'sdiskusage' object has no attribute '__dict__'
[2025-09-30 21:44:26,472] ERROR: [MLS] Error getting system metrics: 'sdiskusage' object has no attribute '__dict__'
[2025-09-30 21:44:28,473] ERROR: [MLS] Error getting system metrics: 'sdiskusage' object has no attribute '__dict__'
[2025-09-30 21:44:30,476] ERROR: [MLS] Error getting system metrics: 'sdiskusage' object has no attribute '__dict__'
[2025-09-30 21:44:32,479] ERROR: [MLS] Error getting system metrics: 'sdiskusage' object has no attribute '__dict__'
[2025-09-30 21:44:34,480] ERROR: [MLS] Error getting system metrics: 'sdiskusage' object has no attribute '__dict__'
[2025-09-30 21:44:36,482] ERROR: [MLS] Error getting system metrics: 'sdiskusage' object has no attribute '__dict__'
[2025-09-30 21:44:38,485] ERROR: [MLS] Error getting system metrics: 'sdiskusage' object has no attribute '__dict__'
[2025-09-30 21:44:40,490] ERROR: [MLS] Error getting system metrics: 'sdiskusage' object has no attribute '__dict__'
[2025-09-30 21:44:42,491] ERROR: [MLS] Error getting system metrics: 'sdiskusage' object has no attribute '__dict__'
[2025-09-30 21:44:44,494] ERROR: [MLS] Error getting system metrics: 'sdiskusage' object has no attribute '__dict__'
[2025-09-30 21:44:46,511] ERROR: [MLS] Error getting system metrics: 'sdiskusage' object has no attribute '__dict__'
[2025-09-30 21:44:48,514] ERROR: [MLS] Error getting system metrics: 'sdiskusage' object has no attribute '__dict__'
[2025-09-30 21:44:50,515] ERROR: [MLS] Error getting system metrics: 'sdiskusage' object has no attribute '__dict__'
[2025-09-30 21:44:52,517] ERROR: [MLS] Error getting system metrics: 'sdiskusage' object has no attribute '__dict__'
[2025-09-30 21:44:54,518] ERROR: [MLS] Error getting system metrics: 'sdiskusage' object has no attribute '__dict__'
[2025-09-30 21:44:56,521] ERROR: [MLS] Error getting system metrics: 'sdiskusage' object has no attribute '__dict__'
[2025-09-30 21:44:58,523] ERROR: [MLS] Error getting system metrics: 'sdiskusage' object has no attribute '__dict__'
[2025-09-30 21:45:00,524] ERROR: [MLS] Error getting system metrics: 'sdiskusage' object has no attribute '__dict__'
[2025-09-30 21:45:02,528] ERROR: [MLS] Error getting system metrics: 'sdiskusage' object has no attribute '__dict__'
[2025-09-30 21:45:04,530] ERROR: [MLS] Error getting system metrics: 'sdiskusage' object has no attribute '__dict__'
[2025-09-30 21:45:06,532] ERROR: [MLS] Error getting system metrics: 'sdiskusage' object has no attribute '__dict__'
[2025-09-30 21:45:08,534] ERROR: [MLS] Error getting system metrics: 'sdiskusage' object has no attribute '__dict__'
[2025-09-30 21:45:10,537] ERROR: [MLS] Error getting system metrics: 'sdiskusage' object has no attribute '__dict__'
[2025-09-30 21:45:12,539] ERROR: [MLS] Error getting system metrics: 'sdiskusage' object has no attribute '__dict__'
[2025-09-30 21:45:14,541] ERROR: [MLS] Error getting system metrics: 'sdiskusage' object has no attribute '__dict__'
[2025-09-30 21:45:16,543] ERROR: [MLS] Error getting system metrics: 'sdiskusage' object has no attribute '__dict__'
[2025-09-30 21:45:18,544] ERROR: [MLS] Error getting system metrics: 'sdiskusage' object has no attribute '__dict__'
[2025-09-30 21:45:20,546] ERROR: [MLS] Error getting system metrics: 'sdiskusage' object has no attribute '__dict__'
[2025-09-30 21:45:22,548] ERROR: [MLS] Error getting system metrics: 'sdiskusage' object has no attribute '__dict__'
[2025-09-30 21:45:24,550] ERROR: [MLS] Error getting system metrics: 'sdiskusage' object has no attribute '__dict__'
[2025-09-30 21:45:26,552] ERROR: [MLS] Error getting system metrics: 'sdiskusage' object has no attribute '__dict__'
[2025-09-30 21:45:28,554] ERROR: [MLS] Error getting system metrics: 'sdiskusage' object has no attribute '__dict__'
[2025-09-30 21:45:30,556] ERROR: [MLS] Error getting system metrics: 'sdiskusage' object has no attribute '__dict__'
[2025-09-30 21:45:32,558] ERROR: [MLS] Error getting system metrics: 'sdiskusage' object has no attribute '__dict__'
[2025-09-30 21:45:34,560] ERROR: [MLS] Error getting system metrics: 'sdiskusage' object has no attribute '__dict__'
[2025-09-30 21:45:36,563] ERROR: [MLS] Error getting system metrics: 'sdiskusage' object has no attribute '__dict__'
[2025-09-30 21:45:38,565] ERROR: [MLS] Error getting system metrics: 'sdiskusage' object has no attribute '__dict__'
[2025-09-30 21:45:40,568] ERROR: [MLS] Error getting system metrics: 'sdiskusage' object has no attribute '__dict__'
[2025-09-30 21:45:42,573] ERROR: [MLS] Error getting system metrics: 'sdiskusage' object has no attribute '__dict__'
[2025-09-30 21:45:44,577] ERROR: [MLS] Error getting system metrics: 'sdiskusage' object has no attribute '__dict__'
[2025-09-30 21:45:46,579] ERROR: [MLS] Error getting system metrics: 'sdiskusage' object has no attribute '__dict__'
[2025-09-30 21:45:48,582] ERROR: [MLS] Error getting system metrics: 'sdiskusage' object has no attribute '__dict__'
[2025-09-30 21:45:50,585] ERROR: [MLS] Error getting system metrics: 'sdiskusage' object has no attribute '__dict__'
[2025-09-30 21:45:52,587] ERROR: [MLS] Error getting system metrics: 'sdiskusage' object has no attribute '__dict__'
[2025-09-30 21:45:54,592] ERROR: [MLS] Error getting system metrics: 'sdiskusage' object has no attribute '__dict__'
[2025-09-30 21:45:56,595] ERROR: [MLS] Error getting system metrics: 'sdiskusage' object has no attribute '__dict__'
[2025-09-30 21:45:58,598] ERROR: [MLS] Error getting system metrics: 'sdiskusage' object has no attribute '__dict__'
[2025-09-30 21:46:00,599] ERROR: [MLS] Error getting system metrics: 'sdiskusage' object has no attribute '__dict__'
[2025-09-30 21:46:02,601] ERROR: [MLS] Error getting system metrics: 'sdiskusage' object has no attribute '__dict__'
[2025-09-30 21:46:04,603] ERROR: [MLS] Error getting system metrics: 'sdiskusage' object has no attribute '__dict__'
[2025-09-30 21:46:06,605] ERROR: [MLS] Error getting system metrics: 'sdiskusage' object has no attribute '__dict__'
[2025-09-30 21:46:08,608] ERROR: [MLS] Error getting system metrics: 'sdiskusage' object has no attribute '__dict__'
[2025-09-30 21:46:10,610] ERROR: [MLS] Error getting system metrics: 'sdiskusage' object has no attribute '__dict__'
[2025-09-30 21:46:12,611] ERROR: [MLS] Error getting system metrics: 'sdiskusage' object has no attribute '__dict__'
[2025-09-30 21:46:14,614] ERROR: [MLS] Error getting system metrics: 'sdiskusage' object has no attribute '__dict__'
[2025-09-30 21:46:16,617] ERROR: [MLS] Error getting system metrics: 'sdiskusage' object has no attribute '__dict__'
[2025-09-30 21:46:18,618] ERROR: [MLS] Error getting system metrics: 'sdiskusage' object has no attribute '__dict__'
[2025-09-30 21:46:20,620] ERROR: [MLS] Error getting system metrics: 'sdiskusage' object has no attribute '__dict__'
[2025-09-30 21:46:22,628] ERROR: [MLS] Error getting system metrics: 'sdiskusage' object has no attribute '__dict__'
[2025-09-30 21:46:24,696] ERROR: [MLS] Error getting system metrics: 'sdiskusage' object has no attribute '__dict__'
[2025-09-30 21:46:26,699] ERROR: [MLS] Error getting system metrics: 'sdiskusage' object has no attribute '__dict__'
[2025-09-30 21:46:28,704] ERROR: [MLS] Error getting system metrics: 'sdiskusage' object has no attribute '__dict__'
[2025-09-30 21:46:30,706] ERROR: [MLS] Error getting system metrics: 'sdiskusage' object has no attribute '__dict__'
[2025-09-30 21:46:32,708] ERROR: [MLS] Error getting system metrics: 'sdiskusage' object has no attribute '__dict__'
[2025-09-30 21:46:34,711] ERROR: [MLS] Error getting system metrics: 'sdiskusage' object has no attribute '__dict__'
[2025-09-30 21:46:36,713] ERROR: [MLS] Error getting system metrics: 'sdiskusage' object has no attribute '__dict__'
[2025-09-30 21:46:38,715] ERROR: [MLS] Error getting system metrics: 'sdiskusage' object has no attribute '__dict__'
[2025-09-30 21:46:40,717] ERROR: [MLS] Error getting system metrics: 'sdiskusage' object has no attribute '__dict__'
[2025-09-30 21:46:42,719] ERROR: [MLS] Error getting system metrics: 'sdiskusage' object has no attribute '__dict__'
[2025-09-30 21:46:44,720] ERROR: [MLS] Error getting system metrics: 'sdiskusage' object has no attribute '__dict__'
[2025-09-30 21:46:46,722] ERROR: [MLS] Error getting system metrics: 'sdiskusage' object has no attribute '__dict__'
[2025-09-30 21:46:48,724] ERROR: [MLS] Error getting system metrics: 'sdiskusage' object has no attribute '__dict__'
[2025-09-30 21:46:50,729] ERROR: [MLS] Error getting system metrics: 'sdiskusage' object has no attribute '__dict__'
[2025-09-30 21:46:52,731] ERROR: [MLS] Error getting system metrics: 'sdiskusage' object has no attribute '__dict__'
[2025-09-30 21:46:54,732] ERROR: [MLS] Error getting system metrics: 'sdiskusage' object has no attribute '__dict__'
[2025-09-30 21:46:56,734] ERROR: [MLS] Error getting system metrics: 'sdiskusage' object has no attribute '__dict__'
[2025-09-30 21:46:58,736] ERROR: [MLS] Error getting system metrics: 'sdiskusage' object has no attribute '__dict__'
[2025-09-30 21:47:00,737] ERROR: [MLS] Error getting system metrics: 'sdiskusage' object has no attribute '__dict__'
[2025-09-30 21:47:02,742] ERROR: [MLS] Error getting system metrics: 'sdiskusage' object has no attribute '__dict__'
[2025-09-30 21:47:04,743] ERROR: [MLS] Error getting system metrics: 'sdiskusage' object has no attribute '__dict__'
[2025-09-30 21:47:06,746] ERROR: [MLS] Error getting system metrics: 'sdiskusage' object has no attribute '__dict__'
[2025-09-30 21:47:08,748] ERROR: [MLS] Error getting system metrics: 'sdiskusage' object has no attribute '__dict__'
[2025-09-30 21:47:10,750] ERROR: [MLS] Error getting system metrics: 'sdiskusage' object has no attribute '__dict__'
[2025-09-30 21:47:12,751] ERROR: [MLS] Error getting system metrics: 'sdiskusage' object has no attribute '__dict__'
[2025-09-30 21:47:14,753] ERROR: [MLS] Error getting system metrics: 'sdiskusage' object has no attribute '__dict__'
[2025-09-30 21:47:16,755] ERROR: [MLS] Error getting system metrics: 'sdiskusage' object has no attribute '__dict__'
[2025-09-30 21:47:18,756] ERROR: [MLS] Error getting system metrics: 'sdiskusage' object has no attribute '__dict__'
[2025-09-30 21:47:20,759] ERROR: [MLS] Error getting system metrics: 'sdiskusage' object has no attribute '__dict__'
[2025-09-30 21:47:22,762] ERROR: [MLS] Error getting system metrics: 'sdiskusage' object has no attribute '__dict__'
[2025-09-30 21:47:24,763] ERROR: [MLS] Error getting system metrics: 'sdiskusage' object has no attribute '__dict__'
[2025-09-30 21:47:26,765] ERROR: [MLS] Error getting system metrics: 'sdiskusage' object has no attribute '__dict__'
[2025-09-30 21:47:28,766] ERROR: [MLS] Error getting system metrics: 'sdiskusage' object has no attribute '__dict__'
[2025-09-30 21:47:30,768] ERROR: [MLS] Error getting system metrics: 'sdiskusage' object has no attribute '__dict__'
[2025-09-30 21:47:32,769] ERROR: [MLS] Error getting system metrics: 'sdiskusage' object has no attribute '__dict__'
[2025-09-30 21:47:34,771] ERROR: [MLS] Error getting system metrics: 'sdiskusage' object has no attribute '__dict__'
[2025-09-30 21:47:36,773] ERROR: [MLS] Error getting system metrics: 'sdiskusage' object has no attribute '__dict__'
[2025-09-30 21:47:38,774] ERROR: [MLS] Error getting system metrics: 'sdiskusage' object has no attribute '__dict__'
[2025-09-30 21:47:40,775] ERROR: [MLS] Error getting system metrics: 'sdiskusage' object has no attribute '__dict__'
[2025-09-30 21:47:42,777] ERROR: [MLS] Error getting system metrics: 'sdiskusage' object has no attribute '__dict__'
[2025-09-30 21:47:44,778] ERROR: [MLS] Error getting system metrics: 'sdiskusage' object has no attribute '__dict__'
[2025-09-30 21:47:46,780] ERROR: [MLS] Error getting system metrics: 'sdiskusage' object has no attribute '__dict__'
[2025-09-30 21:47:48,794] ERROR: [MLS] Error getting system metrics: 'sdiskusage' object has no attribute '__dict__'
[2025-09-30 21:47:50,796] ERROR: [MLS] Error getting system metrics: 'sdiskusage' object has no attribute '__dict__'
[2025-09-30 21:47:52,797] ERROR: [MLS] Error getting system metrics: 'sdiskusage' object has no attribute '__dict__'
[2025-09-30 21:47:54,799] ERROR: [MLS] Error getting system metrics: 'sdiskusage' object has no attribute '__dict__'
[2025-09-30 21:47:56,801] ERROR: [MLS] Error getting system metrics: 'sdiskusage' object has no attribute '__dict__'
[2025-09-30 21:47:58,802] ERROR: [MLS] Error getting system metrics: 'sdiskusage' object has no attribute '__dict__'
[2025-09-30 21:48:00,804] ERROR: [MLS] Error getting system metrics: 'sdiskusage' object has no attribute '__dict__'
[2025-09-30 21:48:02,806] ERROR: [MLS] Error getting system metrics: 'sdiskusage' object has no attribute '__dict__'
[2025-09-30 21:48:04,807] ERROR: [MLS] Error getting system metrics: 'sdiskusage' object has no attribute '__dict__'
[2025-09-30 21:48:06,809] ERROR: [MLS] Error getting system metrics: 'sdiskusage' object has no attribute '__dict__'
[2025-09-30 21:48:08,811] ERROR: [MLS] Error getting system metrics: 'sdiskusage' object has no attribute '__dict__'
[2025-09-30 21:48:10,812] ERROR: [MLS] Error getting system metrics: 'sdiskusage' object has no attribute '__dict__'
[2025-09-30 21:48:12,814] ERROR: [MLS] Error getting system metrics: 'sdiskusage' object has no attribute '__dict__'
[2025-09-30 21:48:14,816] ERROR: [MLS] Error getting system metrics: 'sdiskusage' object has no attribute '__dict__'
[2025-09-30 21:48:16,818] ERROR: [MLS] Error getting system metrics: 'sdiskusage' object has no attribute '__dict__'
[2025-09-30 21:48:18,819] ERROR: [MLS] Error getting system metrics: 'sdiskusage' object has no attribute '__dict__'
[2025-09-30 21:48:20,821] ERROR: [MLS] Error getting system metrics: 'sdiskusage' object has no attribute '__dict__'
[2025-09-30 21:48:22,823] ERROR: [MLS] Error getting system metrics: 'sdiskusage' object has no attribute '__dict__'
[2025-09-30 21:48:24,825] ERROR: [MLS] Error getting system metrics: 'sdiskusage' object has no attribute '__dict__'
[2025-09-30 21:48:26,826] ERROR: [MLS] Error getting system metrics: 'sdiskusage' object has no attribute '__dict__'
[2025-09-30 21:48:28,827] ERROR: [MLS] Error getting system metrics: 'sdiskusage' object has no attribute '__dict__'
[2025-09-30 21:48:30,829] ERROR: [MLS] Error getting system metrics: 'sdiskusage' object has no attribute '__dict__'
[2025-09-30 21:48:32,831] ERROR: [MLS] Error getting system metrics: 'sdiskusage' object has no attribute '__dict__'
[2025-09-30 21:48:34,833] ERROR: [MLS] Error getting system metrics: 'sdiskusage' object has no attribute '__dict__'
[2025-09-30 21:48:36,835] ERROR: [MLS] Error getting system metrics: 'sdiskusage' object has no attribute '__dict__'
[2025-09-30 21:48:38,836] ERROR: [MLS] Error getting system metrics: 'sdiskusage' object has no attribute '__dict__'
[2025-09-30 21:48:40,837] ERROR: [MLS] Error getting system metrics: 'sdiskusage' object has no attribute '__dict__'
[2025-09-30 21:48:42,838] ERROR: [MLS] Error getting system metrics: 'sdiskusage' object has no attribute '__dict__'
[2025-09-30 21:48:44,840] ERROR: [MLS] Error getting system metrics: 'sdiskusage' object has no attribute '__dict__'
[2025-09-30 21:48:46,841] ERROR: [MLS] Error getting system metrics: 'sdiskusage' object has no attribute '__dict__'
[2025-09-30 21:48:48,842] ERROR: [MLS] Error getting system metrics: 'sdiskusage' object has no attribute '__dict__'
[2025-09-30 21:48:50,844] ERROR: [MLS] Error getting system metrics: 'sdiskusage' object has no attribute '__dict__'
[2025-09-30 21:48:52,846] ERROR: [MLS] Error getting system metrics: 'sdiskusage' object has no attribute '__dict__'
[2025-09-30 21:48:54,847] ERROR: [MLS] Error getting system metrics: 'sdiskusage' object has no attribute '__dict__'
[2025-09-30 21:48:56,849] ERROR: [MLS] Error getting system metrics: 'sdiskusage' object has no attribute '__dict__'
[2025-09-30 21:48:58,852] ERROR: [MLS] Error getting system metrics: 'sdiskusage' object has no attribute '__dict__'
[2025-09-30 21:49:00,853] ERROR: [MLS] Error getting system metrics: 'sdiskusage' object has no attribute '__dict__'
[2025-09-30 21:49:02,855] ERROR: [MLS] Error getting system metrics: 'sdiskusage' object has no attribute '__dict__'
[2025-09-30 21:49:04,857] ERROR: [MLS] Error getting system metrics: 'sdiskusage' object has no attribute '__dict__'
[2025-09-30 21:49:06,858] ERROR: [MLS] Error getting system metrics: 'sdiskusage' object has no attribute '__dict__'
[2025-09-30 21:49:08,860] ERROR: [MLS] Error getting system metrics: 'sdiskusage' object has no attribute '__dict__'
[2025-09-30 21:49:10,862] ERROR: [MLS] Error getting system metrics: 'sdiskusage' object has no attribute '__dict__'
[2025-09-30 21:49:12,863] ERROR: [MLS] Error getting system metrics: 'sdiskusage' object has no attribute '__dict__'
[2025-09-30 21:49:14,867] ERROR: [MLS] Error getting system metrics: 'sdiskusage' object has no attribute '__dict__'
[2025-09-30 21:49:16,869] ERROR: [MLS] Error getting system metrics: 'sdiskusage' object has no attribute '__dict__'
[2025-09-30 21:49:18,871] ERROR: [MLS] Error getting system metrics: 'sdiskusage' object has no attribute '__dict__'
[2025-09-30 21:49:20,873] ERROR: [MLS] Error getting system metrics: 'sdiskusage' object has no attribute '__dict__'
[2025-09-30 21:49:22,875] ERROR: [MLS] Error getting system metrics: 'sdiskusage' object has no attribute '__dict__'
[2025-09-30 21:49:24,876] ERROR: [MLS] Error getting system metrics: 'sdiskusage' object has no attribute '__dict__'
[2025-09-30 21:49:26,878] ERROR: [MLS] Error getting system metrics: 'sdiskusage' object has no attribute '__dict__'
[2025-09-30 21:49:28,880] ERROR: [MLS] Error getting system metrics: 'sdiskusage' object has no attribute '__dict__'
[2025-09-30 21:49:30,881] ERROR: [MLS] Error getting system metrics: 'sdiskusage' object has no attribute '__dict__'
[2025-09-30 21:49:32,883] ERROR: [MLS] Error getting system metrics: 'sdiskusage' object has no attribute '__dict__'
[2025-09-30 21:49:34,885] ERROR: [MLS] Error getting system metrics: 'sdiskusage' object has no attribute '__dict__'
[2025-09-30 21:49:36,886] ERROR: [MLS] Error getting system metrics: 'sdiskusage' object has no attribute '__dict__'
[2025-09-30 21:49:38,888] ERROR: [MLS] Error getting system metrics: 'sdiskusage' object has no attribute '__dict__'
[2025-09-30 21:49:40,889] ERROR: [MLS] Error getting system metrics: 'sdiskusage' object has no attribute '__dict__'
[2025-09-30 21:49:42,891] ERROR: [MLS] Error getting system metrics: 'sdiskusage' object has no attribute '__dict__'
[2025-09-30 21:49:44,892] ERROR: [MLS] Error getting system metrics: 'sdiskusage' object has no attribute '__dict__'
[2025-09-30 21:49:46,894] ERROR: [MLS] Error getting system metrics: 'sdiskusage' object has no attribute '__dict__'
[2025-09-30 21:49:48,896] ERROR: [MLS] Error getting system metrics: 'sdiskusage' object has no attribute '__dict__'
[2025-09-30 21:49:50,898] ERROR: [MLS] Error getting system metrics: 'sdiskusage' object has no attribute '__dict__'
[2025-09-30 21:49:52,899] ERROR: [MLS] Error getting system metrics: 'sdiskusage' object has no attribute '__dict__'
[2025-09-30 21:49:54,900] ERROR: [MLS] Error getting system metrics: 'sdiskusage' object has no attribute '__dict__'
[2025-09-30 21:49:56,901] ERROR: [MLS] Error getting system metrics: 'sdiskusage' object has no attribute '__dict__'
[2025-09-30 21:49:58,903] ERROR: [MLS] Error getting system metrics: 'sdiskusage' object has no attribute '__dict__'
[2025-09-30 21:50:00,904] ERROR: [MLS] Error getting system metrics: 'sdiskusage' object has no attribute '__dict__'
[2025-09-30 21:50:02,906] ERROR: [MLS] Error getting system metrics: 'sdiskusage' object has no attribute '__dict__'
[2025-09-30 21:50:04,908] ERROR: [MLS] Error getting system metrics: 'sdiskusage' object has no attribute '__dict__'
[2025-09-30 21:50:06,910] ERROR: [MLS] Error getting system metrics: 'sdiskusage' object has no attribute '__dict__'
[2025-09-30 21:50:08,911] ERROR: [MLS] Error getting system metrics: 'sdiskusage' object has no attribute '__dict__'
[2025-09-30 21:50:10,913] ERROR: [MLS] Error getting system metrics: 'sdiskusage' object has no attribute '__dict__'
[2025-09-30 21:50:12,914] ERROR: [MLS] Error getting system metrics: 'sdiskusage' object has no attribute '__dict__'
[2025-09-30 21:50:14,916] ERROR: [MLS] Error getting system metrics: 'sdiskusage' object has no attribute '__dict__'
[2025-09-30 21:50:16,917] ERROR: [MLS] Error getting system metrics: 'sdiskusage' object has no attribute '__dict__'
[2025-09-30 21:50:18,919] ERROR: [MLS] Error getting system metrics: 'sdiskusage' object has no attribute '__dict__'
[2025-09-30 21:50:20,921] ERROR: [MLS] Error getting system metrics: 'sdiskusage' object has no attribute '__dict__'
[2025-09-30 21:50:22,922] ERROR: [MLS] Error getting system metrics: 'sdiskusage' object has no attribute '__dict__'
[2025-09-30 21:50:24,924] ERROR: [MLS] Error getting system metrics: 'sdiskusage' object has no attribute '__dict__'
[2025-09-30 21:50:26,926] ERROR: [MLS] Error getting system metrics: 'sdiskusage' object has no attribute '__dict__'
[2025-09-30 21:50:28,928] ERROR: [MLS] Error getting system metrics: 'sdiskusage' object has no attribute '__dict__'
[2025-09-30 21:50:30,929] ERROR: [MLS] Error getting system metrics: 'sdiskusage' object has no attribute '__dict__'
[2025-09-30 21:50:32,933] ERROR: [MLS] Error getting system metrics: 'sdiskusage' object has no attribute '__dict__'
[2025-09-30 21:50:34,935] ERROR: [MLS] Error getting system metrics: 'sdiskusage' object has no attribute '__dict__'
[2025-09-30 21:50:36,936] ERROR: [MLS] Error getting system metrics: 'sdiskusage' object has no attribute '__dict__'
[2025-09-30 21:50:38,938] ERROR: [MLS] Error getting system metrics: 'sdiskusage' object has no attribute '__dict__'
[2025-09-30 21:50:40,940] ERROR: [MLS] Error getting system metrics: 'sdiskusage' object has no attribute '__dict__'
[2025-09-30 21:50:42,942] ERROR: [MLS] Error getting system metrics: 'sdiskusage' object has no attribute '__dict__'
[2025-09-30 21:50:44,944] ERROR: [MLS] Error getting system metrics: 'sdiskusage' object has no attribute '__dict__'
[2025-09-30 21:50:46,945] ERROR: [MLS] Error getting system metrics: 'sdiskusage' object has no attribute '__dict__'
[2025-09-30 21:50:48,947] ERROR: [MLS] Error getting system metrics: 'sdiskusage' object has no attribute '__dict__'
[2025-09-30 21:50:50,949] ERROR: [MLS] Error getting system metrics: 'sdiskusage' object has no attribute '__dict__'
[2025-09-30 21:50:52,951] ERROR: [MLS] Error getting system metrics: 'sdiskusage' object has no attribute '__dict__'
[2025-09-30 21:50:54,953] ERROR: [MLS] Error getting system metrics: 'sdiskusage' object has no attribute '__dict__'
[2025-09-30 21:50:56,954] ERROR: [MLS] Error getting system metrics: 'sdiskusage' object has no attribute '__dict__'
[2025-09-30 21:50:58,956] ERROR: [MLS] Error getting system metrics: 'sdiskusage' object has no attribute '__dict__'
[2025-09-30 21:51:00,958] ERROR: [MLS] Error getting system metrics: 'sdiskusage' object has no attribute '__dict__'
[2025-09-30 21:51:02,959] ERROR: [MLS] Error getting system metrics: 'sdiskusage' object has no attribute '__dict__'
[2025-09-30 21:51:04,961] ERROR: [MLS] Error getting system metrics: 'sdiskusage' object has no attribute '__dict__'
[2025-09-30 21:51:06,962] ERROR: [MLS] Error getting system metrics: 'sdiskusage' object has no attribute '__dict__'
[2025-09-30 21:51:08,964] ERROR: [MLS] Error getting system metrics: 'sdiskusage' object has no attribute '__dict__'
[2025-09-30 21:51:10,966] ERROR: [MLS] Error getting system metrics: 'sdiskusage' object has no attribute '__dict__'
[2025-09-30 21:51:12,968] ERROR: [MLS] Error getting system metrics: 'sdiskusage' object has no attribute '__dict__'
[2025-09-30 21:51:14,970] ERROR: [MLS] Error getting system metrics: 'sdiskusage' object has no attribute '__dict__'
[2025-09-30 21:51:16,971] ERROR: [MLS] Error getting system metrics: 'sdiskusage' object has no attribute '__dict__'
[2025-09-30 21:51:18,973] ERROR: [MLS] Error getting system metrics: 'sdiskusage' object has no attribute '__dict__'
[2025-09-30 21:51:20,974] ERROR: [MLS] Error getting system metrics: 'sdiskusage' object has no attribute '__dict__'
[2025-09-30 21:51:22,976] ERROR: [MLS] Error getting system metrics: 'sdiskusage' object has no attribute '__dict__'
[2025-09-30 21:51:24,977] ERROR: [MLS] Error getting system metrics: 'sdiskusage' object has no attribute '__dict__'
[2025-09-30 21:51:26,980] ERROR: [MLS] Error getting system metrics: 'sdiskusage' object has no attribute '__dict__'
[2025-09-30 21:51:28,981] ERROR: [MLS] Error getting system metrics: 'sdiskusage' object has no attribute '__dict__'
[2025-09-30 21:51:30,985] ERROR: [MLS] Error getting system metrics: 'sdiskusage' object has no attribute '__dict__'
[2025-09-30 21:51:32,987] ERROR: [MLS] Error getting system metrics: 'sdiskusage' object has no attribute '__dict__'
[2025-09-30 21:51:34,989] ERROR: [MLS] Error getting system metrics: 'sdiskusage' object has no attribute '__dict__'
[2025-09-30 21:51:36,991] ERROR: [MLS] Error getting system metrics: 'sdiskusage' object has no attribute '__dict__'
[2025-09-30 21:51:38,992] ERROR: [MLS] Error getting system metrics: 'sdiskusage' object has no attribute '__dict__'
[2025-09-30 21:51:40,994] ERROR: [MLS] Error getting system metrics: 'sdiskusage' object has no attribute '__dict__'
[2025-09-30 21:51:42,995] ERROR: [MLS] Error getting system metrics: 'sdiskusage' object has no attribute '__dict__'
[2025-09-30 21:51:44,997] ERROR: [MLS] Error getting system metrics: 'sdiskusage' object has no attribute '__dict__'
[2025-09-30 21:51:46,999] ERROR: [MLS] Error getting system metrics: 'sdiskusage' object has no attribute '__dict__'
[2025-09-30 21:51:49,001] ERROR: [MLS] Error getting system metrics: 'sdiskusage' object has no attribute '__dict__'
[2025-09-30 21:51:51,002] ERROR: [MLS] Error getting system metrics: 'sdiskusage' object has no attribute '__dict__'
[2025-09-30 21:51:53,004] ERROR: [MLS] Error getting system metrics: 'sdiskusage' object has no attribute '__dict__'
[2025-09-30 21:51:55,006] ERROR: [MLS] Error getting system metrics: 'sdiskusage' object has no attribute '__dict__'
[2025-09-30 21:51:57,007] ERROR: [MLS] Error getting system metrics: 'sdiskusage' object has no attribute '__dict__'
[2025-09-30 21:51:59,008] ERROR: [MLS] Error getting system metrics: 'sdiskusage' object has no attribute '__dict__'
[2025-09-30 21:52:01,010] ERROR: [MLS] Error getting system metrics: 'sdiskusage' object has no attribute '__dict__'
[2025-09-30 21:52:03,011] ERROR: [MLS] Error getting system metrics: 'sdiskusage' object has no attribute '__dict__'
[2025-09-30 21:52:05,016] ERROR: [MLS] Error getting system metrics: 'sdiskusage' object has no attribute '__dict__'
[2025-09-30 21:52:07,018] ERROR: [MLS] Error getting system metrics: 'sdiskusage' object has no attribute '__dict__'
[2025-09-30 21:52:09,020] ERROR: [MLS] Error getting system metrics: 'sdiskusage' object has no attribute '__dict__'
[2025-09-30 21:52:11,022] ERROR: [MLS] Error getting system metrics: 'sdiskusage' object has no attribute '__dict__'
[2025-09-30 21:52:13,024] ERROR: [MLS] Error getting system metrics: 'sdiskusage' object has no attribute '__dict__'
[2025-09-30 21:52:15,032] ERROR: [MLS] Error getting system metrics: 'sdiskusage' object has no attribute '__dict__'
[2025-09-30 21:52:17,036] ERROR: [MLS] Error getting system metrics: 'sdiskusage' object has no attribute '__dict__'
[2025-09-30 21:52:19,038] ERROR: [MLS] Error getting system metrics: 'sdiskusage' object has no attribute '__dict__'
[2025-09-30 21:52:21,039] ERROR: [MLS] Error getting system metrics: 'sdiskusage' object has no attribute '__dict__'
[2025-09-30 21:52:23,041] ERROR: [MLS] Error getting system metrics: 'sdiskusage' object has no attribute '__dict__'
[2025-09-30 21:52:25,044] ERROR: [MLS] Error getting system metrics: 'sdiskusage' object has no attribute '__dict__'
[2025-09-30 21:52:27,046] ERROR: [MLS] Error getting system metrics: 'sdiskusage' object has no attribute '__dict__'
[2025-09-30 21:52:29,048] ERROR: [MLS] Error getting system metrics: 'sdiskusage' object has no attribute '__dict__'
[2025-09-30 21:52:31,052] ERROR: [MLS] Error getting system metrics: 'sdiskusage' object has no attribute '__dict__'
[2025-09-30 21:52:33,054] ERROR: [MLS] Error getting system metrics: 'sdiskusage' object has no attribute '__dict__'
[2025-09-30 21:52:35,057] ERROR: [MLS] Error getting system metrics: 'sdiskusage' object has no attribute '__dict__'
[2025-09-30 21:52:37,058] ERROR: [MLS] Error getting system metrics: 'sdiskusage' object has no attribute '__dict__'
[2025-09-30 21:52:39,061] ERROR: [MLS] Error getting system metrics: 'sdiskusage' object has no attribute '__dict__'
[2025-09-30 21:52:41,063] ERROR: [MLS] Error getting system metrics: 'sdiskusage' object has no attribute '__dict__'
[2025-09-30 21:52:43,065] ERROR: [MLS] Error getting system metrics: 'sdiskusage' object has no attribute '__dict__'
[2025-09-30 21:52:45,067] ERROR: [MLS] Error getting system metrics: 'sdiskusage' object has no attribute '__dict__'
[2025-09-30 21:52:47,070] ERROR: [MLS] Error getting system metrics: 'sdiskusage' object has no attribute '__dict__'
[2025-09-30 21:52:49,071] ERROR: [MLS] Error getting system metrics: 'sdiskusage' object has no attribute '__dict__'
[2025-09-30 21:52:51,073] ERROR: [MLS] Error getting system metrics: 'sdiskusage' object has no attribute '__dict__'
[2025-09-30 21:52:53,075] ERROR: [MLS] Error getting system metrics: 'sdiskusage' object has no attribute '__dict__'
[2025-09-30 21:52:55,077] ERROR: [MLS] Error getting system metrics: 'sdiskusage' object has no attribute '__dict__'
[2025-09-30 21:52:57,078] ERROR: [MLS] Error getting system metrics: 'sdiskusage' object has no attribute '__dict__'
[2025-09-30 21:52:59,079] ERROR: [MLS] Error getting system metrics: 'sdiskusage' object has no attribute '__dict__'
[2025-09-30 21:53:01,082] ERROR: [MLS] Error getting system metrics: 'sdiskusage' object has no attribute '__dict__'
[2025-09-30 21:53:03,084] ERROR: [MLS] Error getting system metrics: 'sdiskusage' object has no attribute '__dict__'
[2025-09-30 21:53:05,086] ERROR: [MLS] Error getting system metrics: 'sdiskusage' object has no attribute '__dict__'
[2025-09-30 21:53:07,088] ERROR: [MLS] Error getting system metrics: 'sdiskusage' object has no attribute '__dict__'
[2025-09-30 21:53:09,092] ERROR: [MLS] Error getting system metrics: 'sdiskusage' object has no attribute '__dict__'
[2025-09-30 21:53:11,105] ERROR: [MLS] Error getting system metrics: 'sdiskusage' object has no attribute '__dict__'
[2025-09-30 21:53:13,108] ERROR: [MLS] Error getting system metrics: 'sdiskusage' object has no attribute '__dict__'
[2025-09-30 21:53:15,110] ERROR: [MLS] Error getting system metrics: 'sdiskusage' object has no attribute '__dict__'
[2025-09-30 21:53:17,112] ERROR: [MLS] Error getting system metrics: 'sdiskusage' object has no attribute '__dict__'
[2025-09-30 21:53:19,117] ERROR: [MLS] Error getting system metrics: 'sdiskusage' object has no attribute '__dict__'
[2025-09-30 21:53:21,120] ERROR: [MLS] Error getting system metrics: 'sdiskusage' object has no attribute '__dict__'
[2025-09-30 21:53:23,123] ERROR: [MLS] Error getting system metrics: 'sdiskusage' object has no attribute '__dict__'
[2025-09-30 21:53:25,127] ERROR: [MLS] Error getting system metrics: 'sdiskusage' object has no attribute '__dict__'
[2025-09-30 21:53:27,131] ERROR: [MLS] Error getting system metrics: 'sdiskusage' object has no attribute '__dict__'
[2025-09-30 21:53:29,138] ERROR: [MLS] Error getting system metrics: 'sdiskusage' object has no attribute '__dict__'
[2025-09-30 21:53:31,139] ERROR: [MLS] Error getting system metrics: 'sdiskusage' object has no attribute '__dict__'
[2025-09-30 21:53:33,144] ERROR: [MLS] Error getting system metrics: 'sdiskusage' object has no attribute '__dict__'
[2025-09-30 21:53:35,146] ERROR: [MLS] Error getting system metrics: 'sdiskusage' object has no attribute '__dict__'
[2025-09-30 21:53:37,156] ERROR: [MLS] Error getting system metrics: 'sdiskusage' object has no attribute '__dict__'
[2025-09-30 21:53:39,158] ERROR: [MLS] Error getting system metrics: 'sdiskusage' object has no attribute '__dict__'
[2025-09-30 21:53:41,164] ERROR: [MLS] Error getting system metrics: 'sdiskusage' object has no attribute '__dict__'
[2025-09-30 21:53:43,166] ERROR: [MLS] Error getting system metrics: 'sdiskusage' object has no attribute '__dict__'
[2025-09-30 21:53:45,280] ERROR: [MLS] Error getting system metrics: 'sdiskusage' object has no attribute '__dict__'
[2025-09-30 21:53:47,283] ERROR: [MLS] Error getting system metrics: 'sdiskusage' object has no attribute '__dict__'
[2025-09-30 21:53:49,307] ERROR: [MLS] Error getting system metrics: 'sdiskusage' object has no attribute '__dict__'
[2025-09-30 21:53:51,309] ERROR: [MLS] Error getting system metrics: 'sdiskusage' object has no attribute '__dict__'
[2025-09-30 21:53:53,310] ERROR: [MLS] Error getting system metrics: 'sdiskusage' object has no attribute '__dict__'
[2025-09-30 21:53:55,417] ERROR: [MLS] Error getting system metrics: 'sdiskusage' object has no attribute '__dict__'
[2025-09-30 21:53:57,420] ERROR: [MLS] Error getting system metrics: 'sdiskusage' object has no attribute '__dict__'
[2025-09-30 21:53:59,423] ERROR: [MLS] Error getting system metrics: 'sdiskusage' object has no attribute '__dict__'
[2025-09-30 21:54:01,426] ERROR: [MLS] Error getting system metrics: 'sdiskusage' object has no attribute '__dict__'
[2025-09-30 21:54:04,093] ERROR: [MLS] Error getting system metrics: 'sdiskusage' object has no attribute '__dict__'
[2025-09-30 21:54:06,950] ERROR: [MLS] Error getting system metrics: 'sdiskusage' object has no attribute '__dict__'
[2025-09-30 21:54:09,358] ERROR: [MLS] Error getting system metrics: 'sdiskusage' object has no attribute '__dict__'
[2025-09-30 21:54:11,381] ERROR: [MLS] Error getting system metrics: 'sdiskusage' object has no attribute '__dict__'
[2025-09-30 21:54:13,385] ERROR: [MLS] Error getting system metrics: 'sdiskusage' object has no attribute '__dict__'
[2025-09-30 21:54:15,389] ERROR: [MLS] Error getting system metrics: 'sdiskusage' object has no attribute '__dict__'
[2025-09-30 21:54:17,391] ERROR: [MLS] Error getting system metrics: 'sdiskusage' object has no attribute '__dict__'
[2025-09-30 21:54:19,393] ERROR: [MLS] Error getting system metrics: 'sdiskusage' object has no attribute '__dict__'
[2025-09-30 21:54:21,394] ERROR: [MLS] Error getting system metrics: 'sdiskusage' object has no attribute '__dict__'
[2025-09-30 21:54:23,397] ERROR: [MLS] Error getting system metrics: 'sdiskusage' object has no attribute '__dict__'
[2025-09-30 21:54:25,399] ERROR: [MLS] Error getting system metrics: 'sdiskusage' object has no attribute '__dict__'
[2025-09-30 21:54:27,400] ERROR: [MLS] Error getting system metrics: 'sdiskusage' object has no attribute '__dict__'
[2025-09-30 21:54:29,402] ERROR: [MLS] Error getting system metrics: 'sdiskusage' object has no attribute '__dict__'
[2025-09-30 21:54:31,409] ERROR: [MLS] Error getting system metrics: 'sdiskusage' object has no attribute '__dict__'
[2025-09-30 21:54:33,411] ERROR: [MLS] Error getting system metrics: 'sdiskusage' object has no attribute '__dict__'
[2025-09-30 21:54:35,413] ERROR: [MLS] Error getting system metrics: 'sdiskusage' object has no attribute '__dict__'
[2025-09-30 21:54:37,415] ERROR: [MLS] Error getting system metrics: 'sdiskusage' object has no attribute '__dict__'
[2025-09-30 21:54:39,419] ERROR: [MLS] Error getting system metrics: 'sdiskusage' object has no attribute '__dict__'
[2025-09-30 21:54:41,423] ERROR: [MLS] Error getting system metrics: 'sdiskusage' object has no attribute '__dict__'
[2025-09-30 21:54:43,426] ERROR: [MLS] Error getting system metrics: 'sdiskusage' object has no attribute '__dict__'
[2025-09-30 21:54:45,428] ERROR: [MLS] Error getting system metrics: 'sdiskusage' object has no attribute '__dict__'
[2025-09-30 21:54:47,429] ERROR: [MLS] Error getting system metrics: 'sdiskusage' object has no attribute '__dict__'
