[2025-09-30 21:58:23,680] CRITICAL: [NUCLEAR_SECURITY_HARDENING] NUCLEAR SECURITY HARDENING PROTOCOL ACTIVATED
[2025-09-30 21:58:23,680] CRITICAL: [NUCLEAR_SECURITY_HARDENING] TARGET: 177 SECURITY VIOLATIONS
[2025-09-30 21:58:23,680] CRITICAL: [NUCLEAR_SECURITY_HARDENING] AUTHORITY LEVEL: 11.0
[2025-09-30 21:58:23,680] CRITICAL: [NUCLEAR_SECURITY_HARDENING] FIXING COMMAND INJECTION VULNERABILITIES
[2025-09-30 21:58:23,690] CRITICAL: [NUCLEAR_SECURITY_HARDENING] firewall_manager.py SECURED - Command injection eliminated
[2025-09-30 21:58:23,692] CRITICAL: [NUCLEAR_SECURITY_HARDENING] grid_controller.py SECURED - Command injection eliminated
[2025-09-30 21:58:23,693] CRITICAL: [NUCLEAR_SECURITY_HARDENING] REPLACING INSECURE MD5 HASHING
[2025-09-30 21:58:23,696] CRITICAL: [NUCLEAR_SECURITY_HARDENING] intrusion_detector.py SECURED - MD5 replaced with SHA-256
[2025-09-30 21:58:23,698] CRITICAL: [NUCLEAR_SECURITY_HARDENING] voice_synthesizer.py SECURED - MD5 replaced with SHA-256
[2025-09-30 21:58:23,710] CRITICAL: [NUCLEAR_SECURITY_HARDENING] deploy_production.py SECURED - MD5 replaced with SHA-256
[2025-09-30 21:58:23,711] CRITICAL: [NUCLEAR_SECURITY_HARDENING] SECURING UNSAFE FUNCTIONS
[2025-09-30 21:58:23,727] CRITICAL: [NUCLEAR_SECURITY_HARDENING] NUCLEAR_TESTING_PROTOCOL.py SECURED - compile() disabled
[2025-09-30 21:58:23,733] CRITICAL: [NUCLEAR_SECURITY_HARDENING] memory_core.py SECURED - pickle.loads replaced
[2025-09-30 21:58:23,734] CRITICAL: [NUCLEAR_SECURITY_HARDENING] FIXING BARE EXCEPT HANDLERS
[2025-09-30 21:58:23,735] CRITICAL: [NUCLEAR_SECURITY_HARDENING] HONEYPOTS/fake_ftp_server.py SECURED - Bare except handlers fixed
[2025-09-30 21:58:23,737] CRITICAL: [NUCLEAR_SECURITY_HARDENING] HONEYPOTS/fake_rdp_server.py SECURED - Bare except handlers fixed
[2025-09-30 21:58:23,748] CRITICAL: [NUCLEAR_SECURITY_HARDENING] HONEYPOTS/fake_ssh_server.py SECURED - Bare except handlers fixed
[2025-09-30 21:58:23,762] CRITICAL: [NUCLEAR_SECURITY_HARDENING] DEFENSE/firewall_manager.py SECURED - Bare except handlers fixed
[2025-09-30 21:58:23,775] CRITICAL: [NUCLEAR_SECURITY_HARDENING] DEFENSE/grid_controller.py SECURED - Bare except handlers fixed
[2025-09-30 21:58:23,778] CRITICAL: [NUCLEAR_SECURITY_HARDENING] MLS/launcher.py SECURED - Bare except handlers fixed
[2025-09-30 21:58:23,792] CRITICAL: [NUCLEAR_SECURITY_HARDENING] offensive_suite.py SECURED - Bare except handlers fixed
[2025-09-30 21:58:23,796] CRITICAL: [NUCLEAR_SECURITY_HARDENING] OFFENSIVE_TOOLS/reverse_shell_deployer.py SECURED - Bare except handlers fixed
[2025-09-30 21:58:23,814] CRITICAL: [NUCLEAR_SECURITY_HARDENING] PHOENIX_VOICE/voice_synthesizer.py SECURED - Bare except handlers fixed
[2025-09-30 21:58:23,837] CRITICAL: [NUCLEAR_SECURITY_HARDENING] RECON/attacker_tracker.py SECURED - Bare except handlers fixed
[2025-09-30 21:58:23,852] CRITICAL: [NUCLEAR_SECURITY_HARDENING] SCRIPTS/deploy_production.py SECURED - Bare except handlers fixed
[2025-09-30 21:58:23,855] CRITICAL: [NUCLEAR_SECURITY_HARDENING] SERVERS/command_server.py SECURED - Bare except handlers fixed
[2025-09-30 21:58:23,874] CRITICAL: [NUCLEAR_SECURITY_HARDENING] status_dashboard.py SECURED - Bare except handlers fixed
[2025-09-30 21:58:23,874] CRITICAL: [NUCLEAR_SECURITY_HARDENING] FIXING TEMPLATE INJECTION VULNERABILITIES
[2025-09-30 21:58:23,887] CRITICAL: [NUCLEAR_SECURITY_HARDENING] launcher.py SECURED - Template injection prevented
[2025-09-30 21:58:23,891] CRITICAL: [NUCLEAR_SECURITY_HARDENING] main_api.py SECURED - Template injection prevented
[2025-09-30 21:58:23,891] CRITICAL: [NUCLEAR_SECURITY_HARDENING] REPLACING DISCOURAGED SECURITY TERMS
[2025-09-30 21:58:23,893] CRITICAL: [NUCLEAR_SECURITY_HARDENING] BLACKLIST/blacklist_manager.py SECURED - Discouraged terms replaced
[2025-09-30 21:58:23,893] CRITICAL: [NUCLEAR_SECURITY_HARDENING] DEFENSE/firewall_manager.py SECURED - Discouraged terms replaced
[2025-09-30 21:58:23,893] CRITICAL: [NUCLEAR_SECURITY_HARDENING] HONEYPOTS/fake_ftp_server.py SECURED - Discouraged terms replaced
[2025-09-30 21:58:23,913] CRITICAL: [NUCLEAR_SECURITY_HARDENING] SERVERS/command_server.py SECURED - Discouraged terms replaced
[2025-09-30 21:58:23,913] CRITICAL: [NUCLEAR_SECURITY_HARDENING] FIXING GENERIC EXCEPTION HANDLING
[2025-09-30 21:58:23,921] CRITICAL: [NUCLEAR_SECURITY_HARDENING] DEFENSE/grid_controller.py SECURED - Generic exceptions specified
[2025-09-30 21:58:23,932] CRITICAL: [NUCLEAR_SECURITY_HARDENING] MLS/modules/sample_module.py SECURED - Generic exceptions specified
[2025-09-30 21:58:23,939] CRITICAL: [NUCLEAR_SECURITY_HARDENING] PHOENIX_VOICE/voice_synthesizer.py SECURED - Generic exceptions specified
[2025-09-30 21:58:23,939] CRITICAL: [NUCLEAR_SECURITY_HARDENING] FIXING ANY TYPE ANNOTATIONS
[2025-09-30 21:58:23,951] CRITICAL: [NUCLEAR_SECURITY_HARDENING] CRYSTAL_MEMORY/memory_core.py SECURED - Any types specified
[2025-09-30 21:58:23,952] CRITICAL: [NUCLEAR_SECURITY_HARDENING] CRYSTAL_MEMORY/memory_manager.py SECURED - Any types specified
[2025-09-30 21:58:23,967] CRITICAL: [NUCLEAR_SECURITY_HARDENING] DIAGNOSTICS/emergency_hotfix.py SECURED - Any types specified
[2025-09-30 21:58:23,978] CRITICAL: [NUCLEAR_SECURITY_HARDENING] MLS/enhanced_launcher.py SECURED - Any types specified
[2025-09-30 21:58:23,989] CRITICAL: [NUCLEAR_SECURITY_HARDENING] MLS/launcher.py SECURED - Any types specified
[2025-09-30 21:58:23,991] CRITICAL: [NUCLEAR_SECURITY_HARDENING] MLS/mls_module_loader.py SECURED - Any types specified
[2025-09-30 21:58:24,005] CRITICAL: [NUCLEAR_SECURITY_HARDENING] SERVERS/command_server.py SECURED - Any types specified
[2025-09-30 21:58:24,015] CRITICAL: [NUCLEAR_SECURITY_HARDENING] types_echo.py SECURED - Any types specified
[2025-09-30 21:58:24,017] CRITICAL: [NUCLEAR_SECURITY_HARDENING] X1200_AGENTS/swarm_controller.py SECURED - Any types specified
[2025-09-30 21:58:24,017] CRITICAL: [NUCLEAR_SECURITY_HARDENING] NUCLEAR HARDENING COMPLETE: 42 violations fixed in 0.337s
