[2025-09-30 17:38:59,274] INFO: 🔥 ECHO_XV4 COMPLETE SYSTEM BUILDER - AUTHORITY LEVEL 11.0 🔥
[2025-09-30 17:38:59,275] INFO: Commander: Bobby Don McWilliams II
[2025-09-30 17:38:59,275] INFO: Build Time: 2025-09-30 17:38:59.274899
[2025-09-30 17:38:59,275] INFO: 🚀 STARTING COMPLETE ECHO_XV4 SYSTEM BUILD 🚀
[2025-09-30 17:38:59,275] INFO: [BUILDER] Building: Honeypots
[2025-09-30 17:38:59,276] INFO: [BUILDER] Creating remaining honeypot modules...
[2025-09-30 17:38:59,276] ERROR: [BUILDER] Honeypot creation failed: [Errno 2] No such file or directory: 'E:\\ECHO_XV4\\HONEYPOTS\\fake_http_server.py'
[2025-09-30 17:38:59,276] ERROR: [BUILDER] ❌ Honeypots failed
[2025-09-30 17:38:59,277] INFO: [BUILDER] Building: Advanced Traps
[2025-09-30 17:38:59,277] INFO: [BUILDER] Creating advanced trap modules...
[2025-09-30 17:38:59,277] ERROR: [BUILDER] Trap creation failed: [Errno 2] No such file or directory: 'E:\\ECHO_XV4\\TRAPS\\tarpit_controller.py'
[2025-09-30 17:38:59,278] ERROR: [BUILDER] ❌ Advanced Traps failed
[2025-09-30 17:38:59,278] INFO: [BUILDER] Building: Enhanced Deception
[2025-09-30 17:38:59,278] INFO: [BUILDER] Creating enhanced deception modules...
[2025-09-30 17:38:59,278] ERROR: [BUILDER] Deception creation failed: [Errno 2] No such file or directory: 'E:\\ECHO_XV4\\DECEPTION\\fake_services.py'
[2025-09-30 17:38:59,278] ERROR: [BUILDER] ❌ Enhanced Deception failed
[2025-09-30 17:38:59,279] INFO: [BUILDER] Building: Advanced Reconnaissance
[2025-09-30 17:38:59,279] INFO: [BUILDER] Creating advanced reconnaissance modules...
[2025-09-30 17:38:59,279] ERROR: [BUILDER] Recon creation failed: [Errno 2] No such file or directory: 'E:\\ECHO_XV4\\RECON\\osint_collector.py'
[2025-09-30 17:38:59,279] ERROR: [BUILDER] ❌ Advanced Reconnaissance failed
[2025-09-30 17:38:59,279] INFO: [BUILDER] Building: Automation Scripts
[2025-09-30 17:38:59,279] INFO: [BUILDER] Creating automation scripts...
[2025-09-30 17:38:59,280] INFO: [BUILDER] Created: setup_environment.py
[2025-09-30 17:38:59,280] INFO: [BUILDER] Created: health_monitor.py
[2025-09-30 17:38:59,281] INFO: [BUILDER] Created: verify_installation.py
[2025-09-30 17:38:59,281] INFO: [BUILDER] ✅ Automation Scripts completed successfully
[2025-09-30 17:38:59,281] INFO: [BUILDER] Building: MLS Modules
[2025-09-30 17:38:59,281] INFO: [BUILDER] Creating MLS modules...
[2025-09-30 17:38:59,282] ERROR: [BUILDER] MLS module creation failed: [Errno 2] No such file or directory: 'E:\\ECHO_XV4\\MLS\\modules\\sample_module.py'
[2025-09-30 17:38:59,282] ERROR: [BUILDER] ❌ MLS Modules failed
[2025-09-30 17:38:59,282] INFO: 🔥 ECHO_XV4 COMPLETE SYSTEM BUILD FINISHED 🔥
[2025-09-30 17:38:59,282] INFO: ✅ Modules Created: 3
[2025-09-30 17:38:59,282] INFO: ❌ Failed Modules: 5
[2025-09-30 17:38:59,283] ERROR: ⚠️ SYSTEM BUILD PARTIAL SUCCESS - 5 failures
[2025-09-30 17:45:33,154] INFO: 🔥 ECHO_XV4 COMPLETE SYSTEM BUILDER - AUTHORITY LEVEL 11.0 🔥
[2025-09-30 17:45:33,154] INFO: Commander: Bobby Don McWilliams II
[2025-09-30 17:45:33,154] INFO: Build Time: 2025-09-30 17:45:33.154362
[2025-09-30 17:45:33,154] INFO: 🚀 STARTING COMPLETE ECHO_XV4 SYSTEM BUILD 🚀
[2025-09-30 17:45:33,154] INFO: [BUILDER] Building: Honeypots
[2025-09-30 17:45:33,155] INFO: [BUILDER] Creating remaining honeypot modules...
[2025-09-30 17:45:33,155] ERROR: [BUILDER] Honeypot creation failed: [Errno 2] No such file or directory: 'E:\\ECHO_XV4\\HONEYPOTS\\fake_http_server.py'
[2025-09-30 17:45:33,155] ERROR: [BUILDER] ❌ Honeypots failed
[2025-09-30 17:45:33,155] INFO: [BUILDER] Building: Advanced Traps
[2025-09-30 17:45:33,155] INFO: [BUILDER] Creating advanced trap modules...
[2025-09-30 17:45:33,155] ERROR: [BUILDER] Trap creation failed: [Errno 2] No such file or directory: 'E:\\ECHO_XV4\\TRAPS\\tarpit_controller.py'
[2025-09-30 17:45:33,155] ERROR: [BUILDER] ❌ Advanced Traps failed
[2025-09-30 17:45:33,155] INFO: [BUILDER] Building: Enhanced Deception
[2025-09-30 17:45:33,155] INFO: [BUILDER] Creating enhanced deception modules...
[2025-09-30 17:45:33,155] ERROR: [BUILDER] Deception creation failed: [Errno 2] No such file or directory: 'E:\\ECHO_XV4\\DECEPTION\\fake_services.py'
[2025-09-30 17:45:33,155] ERROR: [BUILDER] ❌ Enhanced Deception failed
[2025-09-30 17:45:33,155] INFO: [BUILDER] Building: Advanced Reconnaissance
[2025-09-30 17:45:33,155] INFO: [BUILDER] Creating advanced reconnaissance modules...
[2025-09-30 17:45:33,155] ERROR: [BUILDER] Recon creation failed: [Errno 2] No such file or directory: 'E:\\ECHO_XV4\\RECON\\osint_collector.py'
[2025-09-30 17:45:33,155] ERROR: [BUILDER] ❌ Advanced Reconnaissance failed
[2025-09-30 17:45:33,155] INFO: [BUILDER] Building: Automation Scripts
[2025-09-30 17:45:33,155] INFO: [BUILDER] Creating automation scripts...
[2025-09-30 17:45:33,155] INFO: [BUILDER] Created: setup_environment.py
[2025-09-30 17:45:33,155] INFO: [BUILDER] Created: health_monitor.py
[2025-09-30 17:45:33,155] INFO: [BUILDER] Created: verify_installation.py
[2025-09-30 17:45:33,155] INFO: [BUILDER] ✅ Automation Scripts completed successfully
[2025-09-30 17:45:33,155] INFO: [BUILDER] Building: MLS Modules
[2025-09-30 17:45:33,155] INFO: [BUILDER] Creating MLS modules...
[2025-09-30 17:45:33,155] ERROR: [BUILDER] MLS module creation failed: [Errno 2] No such file or directory: 'E:\\ECHO_XV4\\MLS\\modules\\sample_module.py'
[2025-09-30 17:45:33,155] ERROR: [BUILDER] ❌ MLS Modules failed
[2025-09-30 17:45:33,155] INFO: 🔥 ECHO_XV4 COMPLETE SYSTEM BUILD FINISHED 🔥
[2025-09-30 17:45:33,155] INFO: ✅ Modules Created: 3
[2025-09-30 17:45:33,155] INFO: ❌ Failed Modules: 5
[2025-09-30 17:45:33,162] ERROR: ⚠️ SYSTEM BUILD PARTIAL SUCCESS - 5 failures
[2025-09-30 17:45:44,730] INFO: 🔥 ECHO_XV4 COMPLETE SYSTEM BUILDER - AUTHORITY LEVEL 11.0 🔥
[2025-09-30 17:45:44,730] INFO: Commander: Bobby Don McWilliams II
[2025-09-30 17:45:44,730] INFO: Build Time: 2025-09-30 17:45:44.730701
[2025-09-30 17:45:44,730] INFO: 🚀 STARTING COMPLETE ECHO_XV4 SYSTEM BUILD 🚀
[2025-09-30 17:45:44,733] INFO: [BUILDER] Building: Honeypots
[2025-09-30 17:45:44,733] INFO: [BUILDER] Creating remaining honeypot modules...
[2025-09-30 17:45:44,733] INFO: [BUILDER] Created: fake_http_server.py
[2025-09-30 17:45:44,733] INFO: [BUILDER] Created: fake_smtp_server.py
[2025-09-30 17:45:44,733] INFO: [BUILDER] ✅ Honeypots completed successfully
[2025-09-30 17:45:44,733] INFO: [BUILDER] Building: Advanced Traps
[2025-09-30 17:45:44,733] INFO: [BUILDER] Creating advanced trap modules...
[2025-09-30 17:45:44,733] INFO: [BUILDER] Created: tarpit_controller.py
[2025-09-30 17:45:44,733] INFO: [BUILDER] Created: resource_exhauster.py
[2025-09-30 17:45:44,733] INFO: [BUILDER] ✅ Advanced Traps completed successfully
[2025-09-30 17:45:44,733] INFO: [BUILDER] Building: Enhanced Deception
[2025-09-30 17:45:44,733] INFO: [BUILDER] Creating enhanced deception modules...
[2025-09-30 17:45:44,733] INFO: [BUILDER] Created: fake_services.py
[2025-09-30 17:45:44,733] INFO: [BUILDER] Created: honeytoken_manager.py
[2025-09-30 17:45:44,739] INFO: [BUILDER] ✅ Enhanced Deception completed successfully
[2025-09-30 17:45:44,739] INFO: [BUILDER] Building: Advanced Reconnaissance
[2025-09-30 17:45:44,739] INFO: [BUILDER] Creating advanced reconnaissance modules...
[2025-09-30 17:45:44,740] INFO: [BUILDER] Created: osint_collector.py
[2025-09-30 17:45:44,741] INFO: [BUILDER] Created: network_mapper.py
[2025-09-30 17:45:44,741] INFO: [BUILDER] ✅ Advanced Reconnaissance completed successfully
[2025-09-30 17:45:44,741] INFO: [BUILDER] Building: Automation Scripts
[2025-09-30 17:45:44,742] INFO: [BUILDER] Creating automation scripts...
[2025-09-30 17:45:44,742] INFO: [BUILDER] Created: setup_environment.py
[2025-09-30 17:45:44,744] INFO: [BUILDER] Created: health_monitor.py
[2025-09-30 17:45:44,744] INFO: [BUILDER] Created: verify_installation.py
[2025-09-30 17:45:44,744] INFO: [BUILDER] ✅ Automation Scripts completed successfully
[2025-09-30 17:45:44,744] INFO: [BUILDER] Building: MLS Modules
[2025-09-30 17:45:44,744] INFO: [BUILDER] Creating MLS modules...
[2025-09-30 17:45:44,744] INFO: [BUILDER] Created: sample_module.py
[2025-09-30 17:45:44,744] INFO: [BUILDER] ✅ MLS Modules completed successfully
[2025-09-30 17:45:44,744] INFO: 🔥 ECHO_XV4 COMPLETE SYSTEM BUILD FINISHED 🔥
[2025-09-30 17:45:44,746] INFO: ✅ Modules Created: 12
[2025-09-30 17:45:44,746] INFO: ❌ Failed Modules: 0
[2025-09-30 17:45:44,746] INFO: 🚀 SYSTEM BUILD 100% SUCCESSFUL - AUTHORITY LEVEL 11.0 OPERATIONAL
