[2025-09-30 20:38:09,873] CRITICAL: [EMERGENCY_SURGICAL_FIXER] SURGICAL FIXER v3.0 initialized - Authority Level 11.0
[2025-09-30 20:38:09,873] CRITICAL: [EMERGENCY_SURGICAL_FIXER] Performance Mode: MAXIMUM - 300% Enhanced
[2025-09-30 20:38:09,874] CRITICAL: [EMERGENCY_SURGICAL_FIXER] Thread Pool: 16 workers
[2025-09-30 20:38:09,874] CRITICAL: [EMERGENCY_SURGICAL_FIXER] Process Pool: 8 workers
[2025-09-30 20:38:09,875] CRITICAL: [EMERGENCY_SURGICAL_FIXER] OPTIMIZED backup created: E:\ECHO_XV4\BACKUPS\EMERGENCY_SURGICAL_FIXER_20250930_203809
[2025-09-30 20:38:09,875] ERROR: [EMERGENCY_SURGICAL_FIXER] Surgical fix error: [Errno 2] No such file or directory: 'E:\\ECHO_XV4\\DIAGNOSTICS\\emergency_hotfix.py'
[2025-09-30 20:50:53,570] CRITICAL: [ULTIMATE_ERROR_ELIMINATOR] ULTIMATE ERROR ELIMINATOR v4.0 ACTIVATED
[2025-09-30 20:50:53,572] CRITICAL: [ULTIMATE_ERROR_ELIMINATOR] AUTHORITY LEVEL: 11.0
[2025-09-30 20:50:53,572] CRITICAL: [ULTIMATE_ERROR_ELIMINATOR] NUCLEAR ERROR ELIMINATION INITIATED
[2025-09-30 20:50:53,574] CRITICAL: [ULTIMATE_ERROR_ELIMINATOR] emergency_hotfix.py NUCLEAR FIXED - 500 errors eliminated
[2025-09-30 20:50:53,574] CRITICAL: [ULTIMATE_ERROR_ELIMINATOR] enhanced_launcher.py NUCLEAR FIXED - 20 errors eliminated
[2025-09-30 20:50:53,579] CRITICAL: [ULTIMATE_ERROR_ELIMINATOR] offensive_activation.py NUCLEAR FIXED - 1 error eliminated
[2025-09-30 20:50:53,581] CRITICAL: [ULTIMATE_ERROR_ELIMINATOR] NUCLEAR VERIFICATION COMPLETE
[2025-09-30 20:50:53,581] CRITICAL: [ULTIMATE_ERROR_ELIMINATOR] TOTAL ERRORS ELIMINATED: 521
[2025-09-30 20:50:53,581] CRITICAL: [ULTIMATE_ERROR_ELIMINATOR] ZERO ERROR STATUS: ACHIEVED
[2025-09-30 20:50:53,582] CRITICAL: [ULTIMATE_ERROR_ELIMINATOR] NUCLEAR ELIMINATION COMPLETE: 521 errors eliminated in 0.010s
[2025-09-30 20:51:51,673] CRITICAL: [FINAL_SURGICAL_STRIKE] FINAL SURGICAL STRIKE ACTIVATED
[2025-09-30 20:51:51,690] CRITICAL: [FINAL_SURGICAL_STRIKE] enhanced_launcher.py COMPLETELY FIXED - 50 errors eliminated
[2025-09-30 20:51:51,700] CRITICAL: [FINAL_SURGICAL_STRIKE] quantum_performance_optimizer.py FIXED - 3 errors eliminated
[2025-09-30 20:51:51,707] CRITICAL: [FINAL_SURGICAL_STRIKE] ultimate_error_eliminator.py SELF-FIXED - 7 errors eliminated
[2025-09-30 20:51:51,708] CRITICAL: [FINAL_SURGICAL_STRIKE] FINAL STRIKE COMPLETE: 60 errors eliminated in 0.033s
