⚡ 2025-10-02 12:01:42,640 - UltraSpeed[UltraSpeedCoreServer] - INFO - ⚡ Ultra Speed Core Server initialized on port 8000
⚡ 2025-10-02 12:01:42,640 - UltraSpeed[UltraSpeedCoreServer] - INFO - ⚡ Ultra Speed Core Server starting on port 8000
⚡ 2025-10-02 12:01:42,640 - UltraSpeed[UltraSpeedCoreServer] - INFO - ⚡ Ultra Speed Core Server running with GS343 Foundation
⚡ 2025-10-02 12:01:42,641 - UltraSpeed[UltraSpeedCoreServer] - INFO - ⚡ Phoenix Auto-Heal: Inactive
⚡ 2025-10-02 12:01:42,641 - UltraSpeed[UltraSpeedCoreServer] - INFO - ⚡ Authority Level: 9.5
⚡ 2025-10-02 12:01:42,641 - UltraSpeed[UltraSpeedCoreServer] - INFO - ⚡ Listening on port: 8000
⚡ 2025-10-02 12:01:42,658 - UltraSpeed[UltraSpeedCoreServer] - INFO - ⚡ Ultra Speed Core Server initialized on port 8000
⚡ 2025-10-02 12:01:42,658 - UltraSpeed[UltraSpeedCoreServer] - INFO - ⚡ Ultra Speed Core Server starting on port 8000
⚡ 2025-10-02 12:01:42,658 - UltraSpeed[UltraSpeedCoreServer] - INFO - ⚡ Ultra Speed Core Server running with GS343 Foundation
⚡ 2025-10-02 12:01:42,658 - UltraSpeed[UltraSpeedCoreServer] - INFO - ⚡ Phoenix Auto-Heal: Inactive
⚡ 2025-10-02 12:01:42,658 - UltraSpeed[UltraSpeedCoreServer] - INFO - ⚡ Authority Level: 9.5
⚡ 2025-10-02 12:01:42,658 - UltraSpeed[UltraSpeedCoreServer] - INFO - ⚡ Listening on port: 8000
⚡ 2025-10-02 12:02:24,906 - UltraSpeed[UltraSpeedCoreServer] - INFO - ⚡ Ultra Speed Core Server initialized on port 8000
⚡ 2025-10-02 12:02:24,906 - UltraSpeed[UltraSpeedCoreServer] - INFO - ⚡ Ultra Speed Core Server starting on port 8000
⚡ 2025-10-02 12:02:24,907 - UltraSpeed[UltraSpeedCoreServer] - INFO - ⚡ Ultra Speed Core Server running with GS343 Foundation
⚡ 2025-10-02 12:02:24,907 - UltraSpeed[UltraSpeedCoreServer] - INFO - ⚡ Phoenix Auto-Heal: Inactive
⚡ 2025-10-02 12:02:24,907 - UltraSpeed[UltraSpeedCoreServer] - INFO - ⚡ Authority Level: 9.5
⚡ 2025-10-02 12:02:24,907 - UltraSpeed[UltraSpeedCoreServer] - INFO - ⚡ Listening on port: 8000
⚡ 2025-10-02 12:02:30,981 - UltraSpeed[UltraSpeedCoreServer] - INFO - ⚡ Ultra Speed Core Server initialized on port 8000
⚡ 2025-10-02 12:02:30,982 - UltraSpeed[UltraSpeedCoreServer] - INFO - ⚡ Ultra Speed Core Server starting on port 8000
⚡ 2025-10-02 12:02:30,982 - UltraSpeed[UltraSpeedCoreServer] - INFO - ⚡ Ultra Speed Core Server running with GS343 Foundation
⚡ 2025-10-02 12:02:30,982 - UltraSpeed[UltraSpeedCoreServer] - INFO - ⚡ Phoenix Auto-Heal: Inactive
⚡ 2025-10-02 12:02:30,982 - UltraSpeed[UltraSpeedCoreServer] - INFO - ⚡ Authority Level: 9.5
⚡ 2025-10-02 12:02:30,983 - UltraSpeed[UltraSpeedCoreServer] - INFO - ⚡ Listening on port: 8000
⚡ 2025-10-02 12:03:20,476 - UltraSpeed[UltraSpeedCoreServer] - INFO - ⚡ Ultra Speed Core Server initialized on port 8000
⚡ 2025-10-02 12:03:20,476 - UltraSpeed[UltraSpeedCoreServer] - INFO - ⚡ Ultra Speed Core Server starting on port 8000
⚡ 2025-10-02 12:03:20,476 - UltraSpeed[UltraSpeedCoreServer] - INFO - ⚡ Ultra Speed Core Server running with GS343 Foundation
⚡ 2025-10-02 12:03:20,476 - UltraSpeed[UltraSpeedCoreServer] - INFO - ⚡ Phoenix Auto-Heal: Inactive
⚡ 2025-10-02 12:03:20,478 - UltraSpeed[UltraSpeedCoreServer] - INFO - ⚡ Authority Level: 9.5
⚡ 2025-10-02 12:03:20,478 - UltraSpeed[UltraSpeedCoreServer] - INFO - ⚡ Listening on port: 8000
⚡ 2025-10-02 12:03:26,516 - UltraSpeed[UltraSpeedCoreServer] - INFO - ⚡ Ultra Speed Core Server initialized on port 8000
⚡ 2025-10-02 12:03:26,516 - UltraSpeed[UltraSpeedCoreServer] - INFO - ⚡ Ultra Speed Core Server starting on port 8000
⚡ 2025-10-02 12:03:26,516 - UltraSpeed[UltraSpeedCoreServer] - INFO - ⚡ Ultra Speed Core Server running with GS343 Foundation
⚡ 2025-10-02 12:03:26,518 - UltraSpeed[UltraSpeedCoreServer] - INFO - ⚡ Phoenix Auto-Heal: Inactive
⚡ 2025-10-02 12:03:26,518 - UltraSpeed[UltraSpeedCoreServer] - INFO - ⚡ Authority Level: 9.5
⚡ 2025-10-02 12:03:26,518 - UltraSpeed[UltraSpeedCoreServer] - INFO - ⚡ Listening on port: 8000
⚡ 2025-10-02 12:04:14,435 - UltraSpeed[UltraSpeedCoreServer] - INFO - ⚡ Ultra Speed Core Server initialized on port 8000
⚡ 2025-10-02 12:04:14,435 - UltraSpeed[UltraSpeedCoreServer] - INFO - ⚡ Ultra Speed Core Server starting on port 8000
⚡ 2025-10-02 12:04:14,435 - UltraSpeed[UltraSpeedCoreServer] - INFO - ⚡ Ultra Speed Core Server running with GS343 Foundation
⚡ 2025-10-02 12:04:14,435 - UltraSpeed[UltraSpeedCoreServer] - INFO - ⚡ Phoenix Auto-Heal: Inactive
⚡ 2025-10-02 12:04:14,435 - UltraSpeed[UltraSpeedCoreServer] - INFO - ⚡ Authority Level: 9.5
⚡ 2025-10-02 12:04:14,435 - UltraSpeed[UltraSpeedCoreServer] - INFO - ⚡ Listening on port: 8000
⚡ 2025-10-02 12:04:20,477 - UltraSpeed[UltraSpeedCoreServer] - INFO - ⚡ Ultra Speed Core Server initialized on port 8000
⚡ 2025-10-02 12:04:20,477 - UltraSpeed[UltraSpeedCoreServer] - INFO - ⚡ Ultra Speed Core Server starting on port 8000
⚡ 2025-10-02 12:04:20,478 - UltraSpeed[UltraSpeedCoreServer] - INFO - ⚡ Ultra Speed Core Server running with GS343 Foundation
⚡ 2025-10-02 12:04:20,478 - UltraSpeed[UltraSpeedCoreServer] - INFO - ⚡ Phoenix Auto-Heal: Inactive
⚡ 2025-10-02 12:04:20,478 - UltraSpeed[UltraSpeedCoreServer] - INFO - ⚡ Authority Level: 9.5
⚡ 2025-10-02 12:04:20,478 - UltraSpeed[UltraSpeedCoreServer] - INFO - ⚡ Listening on port: 8000
⚡ 2025-10-02 12:05:09,946 - UltraSpeed[UltraSpeedCoreServer] - INFO - ⚡ Ultra Speed Core Server initialized on port 8000
⚡ 2025-10-02 12:05:09,956 - UltraSpeed[UltraSpeedCoreServer] - INFO - ⚡ Ultra Speed Core Server starting on port 8000
⚡ 2025-10-02 12:05:09,957 - UltraSpeed[UltraSpeedCoreServer] - INFO - ⚡ Ultra Speed Core Server running with GS343 Foundation
⚡ 2025-10-02 12:05:09,957 - UltraSpeed[UltraSpeedCoreServer] - INFO - ⚡ Phoenix Auto-Heal: Inactive
⚡ 2025-10-02 12:05:09,957 - UltraSpeed[UltraSpeedCoreServer] - INFO - ⚡ Authority Level: 9.5
⚡ 2025-10-02 12:05:09,957 - UltraSpeed[UltraSpeedCoreServer] - INFO - ⚡ Listening on port: 8000
⚡ 2025-10-02 12:05:17,907 - UltraSpeed[UltraSpeedCoreServer] - INFO - ⚡ Ultra Speed Core Server initialized on port 8000
⚡ 2025-10-02 12:05:17,907 - UltraSpeed[UltraSpeedCoreServer] - INFO - ⚡ Ultra Speed Core Server starting on port 8000
⚡ 2025-10-02 12:05:17,907 - UltraSpeed[UltraSpeedCoreServer] - INFO - ⚡ Ultra Speed Core Server running with GS343 Foundation
⚡ 2025-10-02 12:05:17,910 - UltraSpeed[UltraSpeedCoreServer] - INFO - ⚡ Phoenix Auto-Heal: Inactive
⚡ 2025-10-02 12:05:17,912 - UltraSpeed[UltraSpeedCoreServer] - INFO - ⚡ Authority Level: 9.5
⚡ 2025-10-02 12:05:17,913 - UltraSpeed[UltraSpeedCoreServer] - INFO - ⚡ Listening on port: 8000
⚡ 2025-10-02 12:06:03,032 - UltraSpeed[UltraSpeedCoreServer] - INFO - ⚡ Ultra Speed Core Server initialized on port 8000
⚡ 2025-10-02 12:06:03,032 - UltraSpeed[UltraSpeedCoreServer] - INFO - ⚡ Ultra Speed Core Server starting on port 8000
⚡ 2025-10-02 12:06:03,032 - UltraSpeed[UltraSpeedCoreServer] - INFO - ⚡ Ultra Speed Core Server running with GS343 Foundation
⚡ 2025-10-02 12:06:03,032 - UltraSpeed[UltraSpeedCoreServer] - INFO - ⚡ Phoenix Auto-Heal: Inactive
⚡ 2025-10-02 12:06:03,032 - UltraSpeed[UltraSpeedCoreServer] - INFO - ⚡ Authority Level: 9.5
⚡ 2025-10-02 12:06:03,032 - UltraSpeed[UltraSpeedCoreServer] - INFO - ⚡ Listening on port: 8000
⚡ 2025-10-02 12:06:09,081 - UltraSpeed[UltraSpeedCoreServer] - INFO - ⚡ Ultra Speed Core Server initialized on port 8000
⚡ 2025-10-02 12:06:09,082 - UltraSpeed[UltraSpeedCoreServer] - INFO - ⚡ Ultra Speed Core Server starting on port 8000
⚡ 2025-10-02 12:06:09,082 - UltraSpeed[UltraSpeedCoreServer] - INFO - ⚡ Ultra Speed Core Server running with GS343 Foundation
⚡ 2025-10-02 12:06:09,082 - UltraSpeed[UltraSpeedCoreServer] - INFO - ⚡ Phoenix Auto-Heal: Inactive
⚡ 2025-10-02 12:06:09,082 - UltraSpeed[UltraSpeedCoreServer] - INFO - ⚡ Authority Level: 9.5
⚡ 2025-10-02 12:06:09,082 - UltraSpeed[UltraSpeedCoreServer] - INFO - ⚡ Listening on port: 8000
⚡ 2025-10-02 12:07:00,148 - UltraSpeed[UltraSpeedCoreServer] - INFO - ⚡ Ultra Speed Core Server initialized on port 8000
⚡ 2025-10-02 12:07:00,148 - UltraSpeed[UltraSpeedCoreServer] - INFO - ⚡ Ultra Speed Core Server starting on port 8000
⚡ 2025-10-02 12:07:00,148 - UltraSpeed[UltraSpeedCoreServer] - INFO - ⚡ Ultra Speed Core Server running with GS343 Foundation
⚡ 2025-10-02 12:07:00,148 - UltraSpeed[UltraSpeedCoreServer] - INFO - ⚡ Phoenix Auto-Heal: Inactive
⚡ 2025-10-02 12:07:00,148 - UltraSpeed[UltraSpeedCoreServer] - INFO - ⚡ Authority Level: 9.5
⚡ 2025-10-02 12:07:00,148 - UltraSpeed[UltraSpeedCoreServer] - INFO - ⚡ Listening on port: 8000
⚡ 2025-10-02 12:07:06,131 - UltraSpeed[UltraSpeedCoreServer] - INFO - ⚡ Ultra Speed Core Server initialized on port 8000
⚡ 2025-10-02 12:07:06,131 - UltraSpeed[UltraSpeedCoreServer] - INFO - ⚡ Ultra Speed Core Server starting on port 8000
⚡ 2025-10-02 12:07:06,131 - UltraSpeed[UltraSpeedCoreServer] - INFO - ⚡ Ultra Speed Core Server running with GS343 Foundation
⚡ 2025-10-02 12:07:06,131 - UltraSpeed[UltraSpeedCoreServer] - INFO - ⚡ Phoenix Auto-Heal: Inactive
⚡ 2025-10-02 12:07:06,132 - UltraSpeed[UltraSpeedCoreServer] - INFO - ⚡ Authority Level: 9.5
⚡ 2025-10-02 12:07:06,132 - UltraSpeed[UltraSpeedCoreServer] - INFO - ⚡ Listening on port: 8000
⚡ 2025-10-02 12:07:57,063 - UltraSpeed[UltraSpeedCoreServer] - INFO - ⚡ Ultra Speed Core Server initialized on port 8000
⚡ 2025-10-02 12:07:57,063 - UltraSpeed[UltraSpeedCoreServer] - INFO - ⚡ Ultra Speed Core Server starting on port 8000
⚡ 2025-10-02 12:07:57,063 - UltraSpeed[UltraSpeedCoreServer] - INFO - ⚡ Ultra Speed Core Server running with GS343 Foundation
⚡ 2025-10-02 12:07:57,063 - UltraSpeed[UltraSpeedCoreServer] - INFO - ⚡ Phoenix Auto-Heal: Inactive
⚡ 2025-10-02 12:07:57,063 - UltraSpeed[UltraSpeedCoreServer] - INFO - ⚡ Authority Level: 9.5
⚡ 2025-10-02 12:07:57,063 - UltraSpeed[UltraSpeedCoreServer] - INFO - ⚡ Listening on port: 8000
⚡ 2025-10-02 12:08:03,134 - UltraSpeed[UltraSpeedCoreServer] - INFO - ⚡ Ultra Speed Core Server initialized on port 8000
⚡ 2025-10-02 12:08:03,134 - UltraSpeed[UltraSpeedCoreServer] - INFO - ⚡ Ultra Speed Core Server starting on port 8000
⚡ 2025-10-02 12:08:03,135 - UltraSpeed[UltraSpeedCoreServer] - INFO - ⚡ Ultra Speed Core Server running with GS343 Foundation
⚡ 2025-10-02 12:08:03,135 - UltraSpeed[UltraSpeedCoreServer] - INFO - ⚡ Phoenix Auto-Heal: Inactive
⚡ 2025-10-02 12:08:03,135 - UltraSpeed[UltraSpeedCoreServer] - INFO - ⚡ Authority Level: 9.5
⚡ 2025-10-02 12:08:03,135 - UltraSpeed[UltraSpeedCoreServer] - INFO - ⚡ Listening on port: 8000
⚡ 2025-10-02 12:08:50,406 - UltraSpeed[UltraSpeedCoreServer] - INFO - ⚡ Ultra Speed Core Server initialized on port 8000
⚡ 2025-10-02 12:08:50,406 - UltraSpeed[UltraSpeedCoreServer] - INFO - ⚡ Ultra Speed Core Server starting on port 8000
⚡ 2025-10-02 12:08:50,406 - UltraSpeed[UltraSpeedCoreServer] - INFO - ⚡ Ultra Speed Core Server running with GS343 Foundation
⚡ 2025-10-02 12:08:50,406 - UltraSpeed[UltraSpeedCoreServer] - INFO - ⚡ Phoenix Auto-Heal: Inactive
⚡ 2025-10-02 12:08:50,406 - UltraSpeed[UltraSpeedCoreServer] - INFO - ⚡ Authority Level: 9.5
⚡ 2025-10-02 12:08:50,406 - UltraSpeed[UltraSpeedCoreServer] - INFO - ⚡ Listening on port: 8000
⚡ 2025-10-02 12:09:00,082 - UltraSpeed[UltraSpeedCoreServer] - INFO - ⚡ Ultra Speed Core Server initialized on port 8000
⚡ 2025-10-02 12:09:00,108 - UltraSpeed[UltraSpeedCoreServer] - INFO - ⚡ Ultra Speed Core Server starting on port 8000
⚡ 2025-10-02 12:09:00,122 - UltraSpeed[UltraSpeedCoreServer] - INFO - ⚡ Ultra Speed Core Server running with GS343 Foundation
⚡ 2025-10-02 12:09:00,133 - UltraSpeed[UltraSpeedCoreServer] - INFO - ⚡ Phoenix Auto-Heal: Inactive
⚡ 2025-10-02 12:09:00,143 - UltraSpeed[UltraSpeedCoreServer] - INFO - ⚡ Authority Level: 9.5
⚡ 2025-10-02 12:09:00,155 - UltraSpeed[UltraSpeedCoreServer] - INFO - ⚡ Listening on port: 8000
⚡ 2025-10-02 12:50:56,694 - UltraSpeed[UltraSpeedCoreServer:56710] - INFO - ⚡ Ultra Speed Core Server initialized on port 56710
⚡ 2025-10-02 12:50:56,694 - UltraSpeed[UltraSpeedCoreServer:56710] - INFO - ⚡ Ultra Speed Core Server running with GS343 Foundation
⚡ 2025-10-02 12:50:56,694 - UltraSpeed[UltraSpeedCoreServer:56710] - INFO - ⚡ Phoenix Auto-Heal: Inactive
⚡ 2025-10-02 12:50:56,694 - UltraSpeed[UltraSpeedCoreServer:56710] - INFO - ⚡ Authority Level: 9.5
⚡ 2025-10-02 12:50:56,694 - UltraSpeed[UltraSpeedCoreServer:56710] - INFO - ⚡ Listening on port: 56710
⚡ 2025-10-02 12:51:06,916 - UltraSpeed[UltraSpeedCoreServer:56711] - INFO - ⚡ Ultra Speed Core Server initialized on port 56711
⚡ 2025-10-02 12:51:06,922 - UltraSpeed[UltraSpeedCoreServer:56711] - INFO - ⚡ Ultra Speed Core Server running with GS343 Foundation
⚡ 2025-10-02 12:51:06,924 - UltraSpeed[UltraSpeedCoreServer:56711] - INFO - ⚡ Phoenix Auto-Heal: Inactive
⚡ 2025-10-02 12:51:06,927 - UltraSpeed[UltraSpeedCoreServer:56711] - INFO - ⚡ Authority Level: 9.5
⚡ 2025-10-02 12:51:06,928 - UltraSpeed[UltraSpeedCoreServer:56711] - INFO - ⚡ Listening on port: 56711
⚡ 2025-10-02 17:07:14,274 - UltraSpeed[UltraSpeedCoreServer:8018] - INFO - ⚡ Ultra Speed Core Server initialized on port 8018
⚡ 2025-10-02 17:07:14,274 - UltraSpeed[UltraSpeedCoreServer:8018] - INFO - ⚡ Ultra Speed Core Server running with GS343 Foundation
⚡ 2025-10-02 17:07:14,274 - UltraSpeed[UltraSpeedCoreServer:8018] - INFO - ⚡ Phoenix Auto-Heal: Inactive
⚡ 2025-10-02 17:07:14,279 - UltraSpeed[UltraSpeedCoreServer:8018] - INFO - ⚡ Authority Level: 9.5
⚡ 2025-10-02 17:07:14,279 - UltraSpeed[UltraSpeedCoreServer:8018] - INFO - ⚡ Listening on port: 8018
⚡ 2025-10-03 01:20:14,106 - UltraSpeed[UltraSpeedCoreServer:8008] - INFO - ⚡ Ultra Speed Core Server initialized on port 8008
⚡ 2025-10-03 01:20:14,106 - UltraSpeed[UltraSpeedCoreServer:8008] - INFO - ⚡ Ultra Speed Core Server running with GS343 Foundation
⚡ 2025-10-03 01:20:14,106 - UltraSpeed[UltraSpeedCoreServer:8008] - INFO - ⚡ Phoenix Auto-Heal: Inactive
⚡ 2025-10-03 01:20:14,107 - UltraSpeed[UltraSpeedCoreServer:8008] - INFO - ⚡ Authority Level: 9.5
⚡ 2025-10-03 01:20:14,107 - UltraSpeed[UltraSpeedCoreServer:8008] - INFO - ⚡ Listening on port: 8008
⚡ 2025-10-03 02:05:39,121 - UltraSpeed[UltraSpeedCoreServer:8010] - INFO - ⚡ Ultra Speed Core Server initialized on port 8010
⚡ 2025-10-03 02:05:39,121 - UltraSpeed[UltraSpeedCoreServer:8010] - INFO - ⚡ Ultra Speed Core Server running with GS343 Foundation
⚡ 2025-10-03 02:05:39,121 - UltraSpeed[UltraSpeedCoreServer:8010] - INFO - ⚡ Phoenix Auto-Heal: Inactive
⚡ 2025-10-03 02:05:39,121 - UltraSpeed[UltraSpeedCoreServer:8010] - INFO - ⚡ Authority Level: 9.5
⚡ 2025-10-03 02:05:39,121 - UltraSpeed[UltraSpeedCoreServer:8010] - INFO - ⚡ Listening on port: 8010
⚡ 2025-10-03 02:31:21,575 - UltraSpeed[UltraSpeedCoreServer:8011] - INFO - ⚡ Ultra Speed Core Server initialized on port 8011
⚡ 2025-10-03 02:31:21,575 - UltraSpeed[UltraSpeedCoreServer:8011] - INFO - ⚡ Ultra Speed Core Server running with GS343 Foundation
⚡ 2025-10-03 02:31:21,575 - UltraSpeed[UltraSpeedCoreServer:8011] - INFO - ⚡ Phoenix Auto-Heal: Inactive
⚡ 2025-10-03 02:31:21,575 - UltraSpeed[UltraSpeedCoreServer:8011] - INFO - ⚡ Authority Level: 9.5
⚡ 2025-10-03 02:31:21,575 - UltraSpeed[UltraSpeedCoreServer:8011] - INFO - ⚡ Listening on port: 8011
⚡ 2025-10-03 17:52:15,337 - UltraSpeed[UltraSpeedCoreServer:8010] - INFO - ⚡ Ultra Speed Core Server initialized on port 8010
⚡ 2025-10-03 17:52:15,337 - UltraSpeed[UltraSpeedCoreServer:8010] - INFO - ⚡ Ultra Speed Core Server running with GS343 Foundation
⚡ 2025-10-03 17:52:15,337 - UltraSpeed[UltraSpeedCoreServer:8010] - INFO - ⚡ Phoenix Auto-Heal: Inactive
⚡ 2025-10-03 17:52:15,337 - UltraSpeed[UltraSpeedCoreServer:8010] - INFO - ⚡ Authority Level: 9.5
⚡ 2025-10-03 17:52:15,337 - UltraSpeed[UltraSpeedCoreServer:8010] - INFO - ⚡ Listening on port: 8010
⚡ 2025-10-03 22:13:22,813 - UltraSpeed[UltraSpeedCoreServer:8010] - INFO - ⚡ Ultra Speed Core Server initialized on port 8010
⚡ 2025-10-03 22:13:22,813 - UltraSpeed[UltraSpeedCoreServer:8010] - INFO - ⚡ Ultra Speed Core Server running with GS343 Foundation
⚡ 2025-10-03 22:13:22,813 - UltraSpeed[UltraSpeedCoreServer:8010] - INFO - ⚡ Phoenix Auto-Heal: Inactive
⚡ 2025-10-03 22:13:22,813 - UltraSpeed[UltraSpeedCoreServer:8010] - INFO - ⚡ Authority Level: 9.5
⚡ 2025-10-03 22:13:22,813 - UltraSpeed[UltraSpeedCoreServer:8010] - INFO - ⚡ Listening on port: 8010
⚡ 2025-10-03 22:25:06,169 - UltraSpeed[UltraSpeedCoreServer:8010] - INFO - ⚡ Ultra Speed Core Server initialized on port 8010
⚡ 2025-10-03 22:25:06,169 - UltraSpeed[UltraSpeedCoreServer:8010] - INFO - ⚡ Ultra Speed Core Server running with GS343 Foundation
⚡ 2025-10-03 22:25:06,169 - UltraSpeed[UltraSpeedCoreServer:8010] - INFO - ⚡ Phoenix Auto-Heal: Inactive
⚡ 2025-10-03 22:25:06,169 - UltraSpeed[UltraSpeedCoreServer:8010] - INFO - ⚡ Authority Level: 9.5
⚡ 2025-10-03 22:25:06,169 - UltraSpeed[UltraSpeedCoreServer:8010] - INFO - ⚡ Listening on port: 8010
⚡ 2025-10-04 00:25:15,229 - UltraSpeed[UltraSpeedCoreServer:8013] - INFO - ⚡ Ultra Speed Core Server initialized on port 8013
⚡ 2025-10-04 00:25:15,230 - UltraSpeed[UltraSpeedCoreServer:8013] - INFO - ⚡ Ultra Speed Core Server running with GS343 Foundation
⚡ 2025-10-04 00:25:15,230 - UltraSpeed[UltraSpeedCoreServer:8013] - INFO - ⚡ Phoenix Auto-Heal: Inactive
⚡ 2025-10-04 00:25:15,230 - UltraSpeed[UltraSpeedCoreServer:8013] - INFO - ⚡ Authority Level: 9.5
⚡ 2025-10-04 00:25:15,230 - UltraSpeed[UltraSpeedCoreServer:8013] - INFO - ⚡ Listening on port: 8013
⚡ 2025-10-04 00:38:21,150 - UltraSpeed[UltraSpeedCoreServer:8013] - INFO - ⚡ Ultra Speed Core Server initialized on port 8013
⚡ 2025-10-04 00:38:21,150 - UltraSpeed[UltraSpeedCoreServer:8013] - INFO - ⚡ Ultra Speed Core Server running with GS343 Foundation
⚡ 2025-10-04 00:38:21,150 - UltraSpeed[UltraSpeedCoreServer:8013] - INFO - ⚡ Phoenix Auto-Heal: Inactive
⚡ 2025-10-04 00:38:21,150 - UltraSpeed[UltraSpeedCoreServer:8013] - INFO - ⚡ Authority Level: 9.5
⚡ 2025-10-04 00:38:21,151 - UltraSpeed[UltraSpeedCoreServer:8013] - INFO - ⚡ Listening on port: 8013
⚡ 2025-10-04 00:47:39,196 - UltraSpeed[UltraSpeedCoreServer:8010] - INFO - ⚡ Ultra Speed Core Server initialized on port 8010
⚡ 2025-10-04 00:47:39,196 - UltraSpeed[UltraSpeedCoreServer:8010] - INFO - ⚡ Ultra Speed Core Server running with GS343 Foundation
⚡ 2025-10-04 00:47:39,196 - UltraSpeed[UltraSpeedCoreServer:8010] - INFO - ⚡ Phoenix Auto-Heal: Inactive
⚡ 2025-10-04 00:47:39,196 - UltraSpeed[UltraSpeedCoreServer:8010] - INFO - ⚡ Authority Level: 9.5
⚡ 2025-10-04 00:47:39,197 - UltraSpeed[UltraSpeedCoreServer:8010] - INFO - ⚡ Listening on port: 8010
