ECHO PRIME Comprehensive API Server - ULTIMATE MASTER
Authority Level 11.0 - Commander Bobby Don McWilliams II
Complete 225+ Windows API Implementation
4-Screen OCR System + ECHO XV3 Integration
LUDICROUS Performance Targets
SOVEREIGN Operation Mode
======================================================================
2025-10-04 23:07:10,940 - WARNING - OCR system initialization failed, creating fallback: numpy.dtype size changed, may indicate binary incompatibility. Expected 96 from C header, got 88 from PyObject
2025-10-04 23:07:10,941 - INFO - Ultimate Comprehensive API Server initialized on port: 8343
2025-10-04 23:07:10,962 - INFO - ======================================================================
2025-10-04 23:07:10,962 - INFO - ECHO PRIME Comprehensive API Server ULTIMATE MASTER on port 8343
2025-10-04 23:07:10,962 - INFO - Authority Level 11.0 - Commander Bobby Don McWilliams II
2025-10-04 23:07:10,962 - INFO - COMPLETE 225+ Windows API Implementation
2025-10-04 23:07:10,962 - INFO - 4-Screen OCR System: OPERATIONAL
2025-10-04 23:07:10,964 - INFO - Rate Limiting: 1000 requests per 60 seconds
2025-10-04 23:07:10,964 - INFO - Dynamic Port Allocation: ACTIVE
2025-10-04 23:07:10,964 - INFO - Performance Target: LUDICROUS (<1ms)
2025-10-04 23:07:10,964 - INFO - ECHO XV3 Integration: SOVEREIGN MODE
2025-10-04 23:07:10,964 - INFO - ======================================================================
2025-10-04 23:07:10,964 - INFO - API TIERS AVAILABLE:
2025-10-04 23:07:10,964 - INFO -   TIER 0: Core System (4 endpoints)
2025-10-04 23:07:10,964 - INFO -   TIER 1: System Intelligence & Monitoring (20+ endpoints)
2025-10-04 23:07:10,964 - INFO -   TIER 2: Process & Memory Management (25+ endpoints)
2025-10-04 23:07:10,964 - INFO -   TIER 3: Security & Cryptography (20+ endpoints)
2025-10-04 23:07:10,964 - INFO -   TIER 4: Hardware & Device Control (25+ endpoints)
2025-10-04 23:07:10,964 - INFO -   TIER 5: Network & Communication (30+ endpoints)
2025-10-04 23:07:10,964 - INFO -   TIER 6: File System Operations (25+ endpoints)
2025-10-04 23:07:10,964 - INFO -   TIER 7: Registry Operations (15+ endpoints)
2025-10-04 23:07:10,964 - INFO -   TIER 8: Service Management (15+ endpoints)
2025-10-04 23:07:10,966 - INFO -   TIER 9: Event Log Management (15+ endpoints)
2025-10-04 23:07:10,966 - INFO -   TIER 10: 4-Screen OCR System (20+ endpoints)
2025-10-04 23:07:10,966 - INFO -   TIER 11: ECHO XV3 Specific (25+ endpoints)
2025-10-04 23:07:10,966 - INFO - ======================================================================
2025-10-04 23:07:10,966 - INFO - TOTAL: 225+ COMPREHENSIVE WINDOWS API ENDPOINTS
2025-10-04 23:07:10,966 - INFO - Access endpoint list: GET /api/endpoints
2025-10-04 23:07:10,966 - INFO - ======================================================================
