2025-10-11 04:01:22,177 - INFO - Tesseract OCR available
2025-10-11 04:01:22,177 - INFO - EasyOCR disabled due to scipy compatibility issues
2025-10-11 04:01:22,296 - INFO - RapidOCR available
2025-10-11 04:01:22,296 - INFO - OCR available with Tesseract RapidOCR
2025-10-11 04:01:22,526 - INFO - RapidOCR initialized successfully
2025-10-11 04:01:22,531 - INFO - MSS screen capture initialized
2025-10-11 04:01:22,531 - INFO - 4-Screen OCR System initialized - Tesseract: <module 'pytesseract' from 'H:\\Tools\\lib\\site-packages\\pytesseract\\__init__.py'>, EasyOCR: False, RapidOCR: True
2025-10-11 04:01:22,531 - INFO - 4-Screen OCR System initialized successfully with full functionality
2025-10-11 04:01:22,532 - INFO - Ultimate Comprehensive API Server initialized on port: 8343
2025-10-11 04:01:22,537 - INFO - ======================================================================
2025-10-11 04:01:22,537 - INFO - ECHO PRIME Comprehensive API Server ULTIMATE MASTER on port 8343
2025-10-11 04:01:22,537 - INFO - Authority Level 11.0 - Commander Bobby Don McWilliams II
2025-10-11 04:01:22,537 - INFO - COMPLETE 225+ Windows API Implementation
2025-10-11 04:01:22,537 - INFO - 4-Screen OCR System: OPERATIONAL
2025-10-11 04:01:22,537 - INFO - Rate Limiting: 1000 requests per 60 seconds
2025-10-11 04:01:22,537 - INFO - Dynamic Port Allocation: ACTIVE
2025-10-11 04:01:22,538 - INFO - Performance Target: LUDICROUS (<1ms)
2025-10-11 04:01:22,538 - INFO - ECHO XV3 Integration: SOVEREIGN MODE
2025-10-11 04:01:22,538 - INFO - ======================================================================
2025-10-11 04:01:22,538 - INFO - API TIERS AVAILABLE:
2025-10-11 04:01:22,538 - INFO -   TIER 0: Core System (4 endpoints)
2025-10-11 04:01:22,538 - INFO -   TIER 1: System Intelligence & Monitoring (20+ endpoints)
2025-10-11 04:01:22,538 - INFO -   TIER 2: Process & Memory Management (25+ endpoints)
2025-10-11 04:01:22,538 - INFO -   TIER 3: Security & Cryptography (20+ endpoints)
2025-10-11 04:01:22,538 - INFO -   TIER 4: Hardware & Device Control (25+ endpoints)
2025-10-11 04:01:22,538 - INFO -   TIER 5: Network & Communication (30+ endpoints)
2025-10-11 04:01:22,538 - INFO -   TIER 6: File System Operations (25+ endpoints)
2025-10-11 04:01:22,538 - INFO -   TIER 7: Registry Operations (15+ endpoints)
2025-10-11 04:01:22,538 - INFO -   TIER 8: Service Management (15+ endpoints)
2025-10-11 04:01:22,538 - INFO -   TIER 9: Event Log Management (15+ endpoints)
2025-10-11 04:01:22,538 - INFO -   TIER 10: 4-Screen OCR System (20+ endpoints)
2025-10-11 04:01:22,538 - INFO -   TIER 11: ECHO XV3 Specific (25+ endpoints)
2025-10-11 04:01:22,538 - INFO - ======================================================================
2025-10-11 04:01:22,538 - INFO - TOTAL: 225+ COMPREHENSIVE WINDOWS API ENDPOINTS
2025-10-11 04:01:22,538 - INFO - Access endpoint list: GET /api/endpoints
2025-10-11 04:01:22,538 - INFO - ======================================================================
